a489dfe1-5bc3-4eb6-b4cc-2a43281ed529 615de6c4-44dd-4649-b475-9575fff51720 94392 -11 58 0.0006437301635742188
a489dfe1-5bc3-4eb6-b4cc-2a43281ed529 615de6c4-44dd-4649-b475-9575fff51720 94392 -57 26 0.0006690025329589844
a489dfe1-5bc3-4eb6-b4cc-2a43281ed529 615de6c4-44dd-4649-b475-9575fff51720 94392 12 56 0.0005075931549072266
a489dfe1-5bc3-4eb6-b4cc-2a43281ed529 615de6c4-44dd-4649-b475-9575fff51720 94392 127 25 0.0020051002502441406
a489dfe1-5bc3-4eb6-b4cc-2a43281ed529 615de6c4-44dd-4649-b475-9575fff51720 94392 -16 23 0.0004749298095703125
a489dfe1-5bc3-4eb6-b4cc-2a43281ed529 615de6c4-44dd-4649-b475-9575fff51720 94392 71 52 0.0008602142333984375
a489dfe1-5bc3-4eb6-b4cc-2a43281ed529 615de6c4-44dd-4649-b475-9575fff51720 94392 -47 48 0.0010218620300292969
a489dfe1-5bc3-4eb6-b4cc-2a43281ed529 615de6c4-44dd-4649-b475-9575fff51720 94392 104 58 0.0014681816101074219
a489dfe1-5bc3-4eb6-b4cc-2a43281ed529 615de6c4-44dd-4649-b475-9575fff51720 94392 -5 11 0.0006110668182373047
a489dfe1-5bc3-4eb6-b4cc-2a43281ed529 615de6c4-44dd-4649-b475-9575fff51720 94392 36 22 0.0004911422729492188
a489dfe1-5bc3-4eb6-b4cc-2a43281ed529 615de6c4-44dd-4649-b475-9575fff51720 94392 45 26 0.002176046371459961
a489dfe1-5bc3-4eb6-b4cc-2a43281ed529 615de6c4-44dd-4649-b475-9575fff51720 94392 -23 43 0.0010721683502197266
a489dfe1-5bc3-4eb6-b4cc-2a43281ed529 615de6c4-44dd-4649-b475-9575fff51720 94392 74 21 0.0005266666412353516
a489dfe1-5bc3-4eb6-b4cc-2a43281ed529 615de6c4-44dd-4649-b475-9575fff51720 94392 -24 24 0.0006308555603027344
a489dfe1-5bc3-4eb6-b4cc-2a43281ed529 615de6c4-44dd-4649-b475-9575fff51720 94392 119 36 0.0003418922424316406
a489dfe1-5bc3-4eb6-b4cc-2a43281ed529 615de6c4-44dd-4649-b475-9575fff51720 94392 72 11 0.0006563663482666016
a489dfe1-5bc3-4eb6-b4cc-2a43281ed529 615de6c4-44dd-4649-b475-9575fff51720 94392 12 16 0.0010306835174560547
a489dfe1-5bc3-4eb6-b4cc-2a43281ed529 615de6c4-44dd-4649-b475-9575fff51720 94392 98 59 0.001291036605834961
a489dfe1-5bc3-4eb6-b4cc-2a43281ed529 615de6c4-44dd-4649-b475-9575fff51720 94392 61 40 0.00039839744567871094
a489dfe1-5bc3-4eb6-b4cc-2a43281ed529 615de6c4-44dd-4649-b475-9575fff51720 94392 24 13 0.0010716915130615234
a489dfe1-5bc3-4eb6-b4cc-2a43281ed529 615de6c4-44dd-4649-b475-9575fff51720 94392 -31 57 0.0009429454803466797
a489dfe1-5bc3-4eb6-b4cc-2a43281ed529 615de6c4-44dd-4649-b475-9575fff51720 94392 4 17 0.0004923343658447266
a489dfe1-5bc3-4eb6-b4cc-2a43281ed529 615de6c4-44dd-4649-b475-9575fff51720 94392 22 54 0.0007908344268798828
a489dfe1-5bc3-4eb6-b4cc-2a43281ed529 615de6c4-44dd-4649-b475-9575fff51720 94392 11 49 0.0008590221405029297
2ae6ebee-4ba3-4b38-ba84-13a99604ff8f fc9fbb56-ccf3-44c3-bffc-cfe4e02e18d1 46146 49 38 0.004394054412841797
2ae6ebee-4ba3-4b38-ba84-13a99604ff8f fc9fbb56-ccf3-44c3-bffc-cfe4e02e18d1 46146 17 30 0.001971006393432617
2ae6ebee-4ba3-4b38-ba84-13a99604ff8f fc9fbb56-ccf3-44c3-bffc-cfe4e02e18d1 46146 -20 15 0.0009343624114990234
2ae6ebee-4ba3-4b38-ba84-13a99604ff8f fc9fbb56-ccf3-44c3-bffc-cfe4e02e18d1 46146 38 59 0.0002205371856689453
a489dfe1-5bc3-4eb6-b4cc-2a43281ed529 615de6c4-44dd-4649-b475-9575fff51720 94392 93 38 0.0007309913635253906
2ae6ebee-4ba3-4b38-ba84-13a99604ff8f fc9fbb56-ccf3-44c3-bffc-cfe4e02e18d1 46146 -46 13 0.00023674964904785156
a489dfe1-5bc3-4eb6-b4cc-2a43281ed529 615de6c4-44dd-4649-b475-9575fff51720 94392 -58 45 0.0004382133483886719
a489dfe1-5bc3-4eb6-b4cc-2a43281ed529 615de6c4-44dd-4649-b475-9575fff51720 94392 70 19 0.0014603137969970703
2ae6ebee-4ba3-4b38-ba84-13a99604ff8f fc9fbb56-ccf3-44c3-bffc-cfe4e02e18d1 46146 -13 13 0.0019712448120117188
2ae6ebee-4ba3-4b38-ba84-13a99604ff8f fc9fbb56-ccf3-44c3-bffc-cfe4e02e18d1 46146 36 53 0.0003898143768310547
a489dfe1-5bc3-4eb6-b4cc-2a43281ed529 615de6c4-44dd-4649-b475-9575fff51720 94392 53 43 0.0009493827819824219
2ae6ebee-4ba3-4b38-ba84-13a99604ff8f fc9fbb56-ccf3-44c3-bffc-cfe4e02e18d1 46146 40 31 0.0013248920440673828
2ae6ebee-4ba3-4b38-ba84-13a99604ff8f fc9fbb56-ccf3-44c3-bffc-cfe4e02e18d1 46146 49 19 0.0011751651763916016
2ae6ebee-4ba3-4b38-ba84-13a99604ff8f fc9fbb56-ccf3-44c3-bffc-cfe4e02e18d1 46146 -68 15 0.0008404254913330078
2ae6ebee-4ba3-4b38-ba84-13a99604ff8f fc9fbb56-ccf3-44c3-bffc-cfe4e02e18d1 46146 -52 39 0.0019462108612060547
2ae6ebee-4ba3-4b38-ba84-13a99604ff8f fc9fbb56-ccf3-44c3-bffc-cfe4e02e18d1 46146 125 50 0.001962900161743164
2ae6ebee-4ba3-4b38-ba84-13a99604ff8f fc9fbb56-ccf3-44c3-bffc-cfe4e02e18d1 46146 -60 26 0.0015981197357177734
2ae6ebee-4ba3-4b38-ba84-13a99604ff8f fc9fbb56-ccf3-44c3-bffc-cfe4e02e18d1 46146 110 46 0.0012698173522949219
2ae6ebee-4ba3-4b38-ba84-13a99604ff8f fc9fbb56-ccf3-44c3-bffc-cfe4e02e18d1 46146 104 20 0.0006470680236816406
2ae6ebee-4ba3-4b38-ba84-13a99604ff8f fc9fbb56-ccf3-44c3-bffc-cfe4e02e18d1 46146 78 41 0.0012357234954833984
2ae6ebee-4ba3-4b38-ba84-13a99604ff8f fc9fbb56-ccf3-44c3-bffc-cfe4e02e18d1 46146 -75 26 0.0008370876312255859
2ae6ebee-4ba3-4b38-ba84-13a99604ff8f fc9fbb56-ccf3-44c3-bffc-cfe4e02e18d1 46146 38 46 0.0009171962738037109
2ae6ebee-4ba3-4b38-ba84-13a99604ff8f fc9fbb56-ccf3-44c3-bffc-cfe4e02e18d1 46146 -55 25 0.0015344619750976562
2ae6ebee-4ba3-4b38-ba84-13a99604ff8f fc9fbb56-ccf3-44c3-bffc-cfe4e02e18d1 46146 122 24 0.0014412403106689453
2ae6ebee-4ba3-4b38-ba84-13a99604ff8f fc9fbb56-ccf3-44c3-bffc-cfe4e02e18d1 46146 -55 35 0.0010619163513183594
2ae6ebee-4ba3-4b38-ba84-13a99604ff8f fc9fbb56-ccf3-44c3-bffc-cfe4e02e18d1 46146 78 34 0.0007112026214599609
2ae6ebee-4ba3-4b38-ba84-13a99604ff8f fc9fbb56-ccf3-44c3-bffc-cfe4e02e18d1 46146 -37 57 0.0007975101470947266
2ae6ebee-4ba3-4b38-ba84-13a99604ff8f fc9fbb56-ccf3-44c3-bffc-cfe4e02e18d1 46146 100 24 0.0004711151123046875
a489dfe1-5bc3-4eb6-b4cc-2a43281ed529 615de6c4-44dd-4649-b475-9575fff51720 94392 -17 13 0.0006914138793945312
2ae6ebee-4ba3-4b38-ba84-13a99604ff8f fc9fbb56-ccf3-44c3-bffc-cfe4e02e18d1 46146 -76 38 0.0007543563842773438
2ae6ebee-4ba3-4b38-ba84-13a99604ff8f fc9fbb56-ccf3-44c3-bffc-cfe4e02e18d1 46146 -37 51 0.0002841949462890625
a489dfe1-5bc3-4eb6-b4cc-2a43281ed529 615de6c4-44dd-4649-b475-9575fff51720 94392 74 21 0.0011019706726074219
2ae6ebee-4ba3-4b38-ba84-13a99604ff8f fc9fbb56-ccf3-44c3-bffc-cfe4e02e18d1 46146 126 11 0.0006971359252929688
2ae6ebee-4ba3-4b38-ba84-13a99604ff8f fc9fbb56-ccf3-44c3-bffc-cfe4e02e18d1 46146 -36 51 0.00024247169494628906
2ae6ebee-4ba3-4b38-ba84-13a99604ff8f fc9fbb56-ccf3-44c3-bffc-cfe4e02e18d1 46146 -61 30 0.0004906654357910156
2ae6ebee-4ba3-4b38-ba84-13a99604ff8f fc9fbb56-ccf3-44c3-bffc-cfe4e02e18d1 46146 -4 55 0.0004143714904785156
a489dfe1-5bc3-4eb6-b4cc-2a43281ed529 615de6c4-44dd-4649-b475-9575fff51720 94392 66 25 0.001283407211303711
2ae6ebee-4ba3-4b38-ba84-13a99604ff8f fc9fbb56-ccf3-44c3-bffc-cfe4e02e18d1 46146 -79 57 0.0013844966888427734
2ae6ebee-4ba3-4b38-ba84-13a99604ff8f fc9fbb56-ccf3-44c3-bffc-cfe4e02e18d1 46146 81 40 0.0009198188781738281
2ae6ebee-4ba3-4b38-ba84-13a99604ff8f fc9fbb56-ccf3-44c3-bffc-cfe4e02e18d1 46146 14 49 0.0006725788116455078
2ae6ebee-4ba3-4b38-ba84-13a99604ff8f fc9fbb56-ccf3-44c3-bffc-cfe4e02e18d1 46146 95 55 0.0003578662872314453
2ae6ebee-4ba3-4b38-ba84-13a99604ff8f fc9fbb56-ccf3-44c3-bffc-cfe4e02e18d1 46146 61 57 0.0009613037109375
a489dfe1-5bc3-4eb6-b4cc-2a43281ed529 615de6c4-44dd-4649-b475-9575fff51720 94392 132 15 0.0012617111206054688
2ae6ebee-4ba3-4b38-ba84-13a99604ff8f fc9fbb56-ccf3-44c3-bffc-cfe4e02e18d1 46146 125 23 0.0007205009460449219
2ae6ebee-4ba3-4b38-ba84-13a99604ff8f fc9fbb56-ccf3-44c3-bffc-cfe4e02e18d1 46146 -55 31 0.00034928321838378906
a489dfe1-5bc3-4eb6-b4cc-2a43281ed529 615de6c4-44dd-4649-b475-9575fff51720 94392 89 25 0.0006380081176757812
2ae6ebee-4ba3-4b38-ba84-13a99604ff8f fc9fbb56-ccf3-44c3-bffc-cfe4e02e18d1 46146 38 50 0.0005846023559570312
2ae6ebee-4ba3-4b38-ba84-13a99604ff8f fc9fbb56-ccf3-44c3-bffc-cfe4e02e18d1 46146 -21 28 0.0004830360412597656
2ae6ebee-4ba3-4b38-ba84-13a99604ff8f fc9fbb56-ccf3-44c3-bffc-cfe4e02e18d1 46146 74 16 0.00033926963806152344
a489dfe1-5bc3-4eb6-b4cc-2a43281ed529 615de6c4-44dd-4649-b475-9575fff51720 94392 9 12 0.00138092041015625
a489dfe1-5bc3-4eb6-b4cc-2a43281ed529 615de6c4-44dd-4649-b475-9575fff51720 94392 -77 54 0.0010406970977783203
2ae6ebee-4ba3-4b38-ba84-13a99604ff8f fc9fbb56-ccf3-44c3-bffc-cfe4e02e18d1 46146 -36 46 0.0008590221405029297
2ae6ebee-4ba3-4b38-ba84-13a99604ff8f fc9fbb56-ccf3-44c3-bffc-cfe4e02e18d1 46146 -78 11 0.0004892349243164062
2ae6ebee-4ba3-4b38-ba84-13a99604ff8f fc9fbb56-ccf3-44c3-bffc-cfe4e02e18d1 46146 -47 14 0.0005643367767333984
a489dfe1-5bc3-4eb6-b4cc-2a43281ed529 615de6c4-44dd-4649-b475-9575fff51720 94392 -52 36 0.0008168220520019531
2ae6ebee-4ba3-4b38-ba84-13a99604ff8f fc9fbb56-ccf3-44c3-bffc-cfe4e02e18d1 46146 -67 23 0.0004801750183105469
a489dfe1-5bc3-4eb6-b4cc-2a43281ed529 615de6c4-44dd-4649-b475-9575fff51720 94392 17 21 0.00048542022705078125
2ae6ebee-4ba3-4b38-ba84-13a99604ff8f fc9fbb56-ccf3-44c3-bffc-cfe4e02e18d1 46146 -32 35 0.0004875659942626953
2ae6ebee-4ba3-4b38-ba84-13a99604ff8f fc9fbb56-ccf3-44c3-bffc-cfe4e02e18d1 46146 24 30 0.0005414485931396484
a489dfe1-5bc3-4eb6-b4cc-2a43281ed529 615de6c4-44dd-4649-b475-9575fff51720 94392 106 53 0.0005829334259033203
2ae6ebee-4ba3-4b38-ba84-13a99604ff8f fc9fbb56-ccf3-44c3-bffc-cfe4e02e18d1 46146 -40 38 0.0006134510040283203
2ae6ebee-4ba3-4b38-ba84-13a99604ff8f fc9fbb56-ccf3-44c3-bffc-cfe4e02e18d1 46146 9 43 0.00027823448181152344
2ae6ebee-4ba3-4b38-ba84-13a99604ff8f fc9fbb56-ccf3-44c3-bffc-cfe4e02e18d1 46146 80 11 0.0005211830139160156
2ae6ebee-4ba3-4b38-ba84-13a99604ff8f fc9fbb56-ccf3-44c3-bffc-cfe4e02e18d1 46146 -27 50 0.0002675056457519531
a489dfe1-5bc3-4eb6-b4cc-2a43281ed529 615de6c4-44dd-4649-b475-9575fff51720 94392 13 38 0.0006506443023681641
2ae6ebee-4ba3-4b38-ba84-13a99604ff8f fc9fbb56-ccf3-44c3-bffc-cfe4e02e18d1 46146 -69 44 0.0005269050598144531
2ae6ebee-4ba3-4b38-ba84-13a99604ff8f fc9fbb56-ccf3-44c3-bffc-cfe4e02e18d1 46146 53 28 0.0008304119110107422
2ae6ebee-4ba3-4b38-ba84-13a99604ff8f fc9fbb56-ccf3-44c3-bffc-cfe4e02e18d1 46146 72 40 0.0008449554443359375
a489dfe1-5bc3-4eb6-b4cc-2a43281ed529 615de6c4-44dd-4649-b475-9575fff51720 94392 122 26 0.0013325214385986328
2ae6ebee-4ba3-4b38-ba84-13a99604ff8f fc9fbb56-ccf3-44c3-bffc-cfe4e02e18d1 46146 23 51 0.0006494522094726562
a489dfe1-5bc3-4eb6-b4cc-2a43281ed529 615de6c4-44dd-4649-b475-9575fff51720 94392 84 50 0.00037217140197753906
2ae6ebee-4ba3-4b38-ba84-13a99604ff8f fc9fbb56-ccf3-44c3-bffc-cfe4e02e18d1 46146 8 26 0.00045371055603027344
a489dfe1-5bc3-4eb6-b4cc-2a43281ed529 615de6c4-44dd-4649-b475-9575fff51720 94392 -32 11 0.0007655620574951172
2ae6ebee-4ba3-4b38-ba84-13a99604ff8f fc9fbb56-ccf3-44c3-bffc-cfe4e02e18d1 46146 57 57 0.0008823871612548828
2ae6ebee-4ba3-4b38-ba84-13a99604ff8f fc9fbb56-ccf3-44c3-bffc-cfe4e02e18d1 46146 107 19 0.00044465065002441406
2ae6ebee-4ba3-4b38-ba84-13a99604ff8f fc9fbb56-ccf3-44c3-bffc-cfe4e02e18d1 46146 -72 42 0.0004940032958984375
a489dfe1-5bc3-4eb6-b4cc-2a43281ed529 615de6c4-44dd-4649-b475-9575fff51720 94392 118 21 0.0008215904235839844
2ae6ebee-4ba3-4b38-ba84-13a99604ff8f fc9fbb56-ccf3-44c3-bffc-cfe4e02e18d1 46146 -4 17 0.0005156993865966797
2ae6ebee-4ba3-4b38-ba84-13a99604ff8f fc9fbb56-ccf3-44c3-bffc-cfe4e02e18d1 46146 124 21 0.00041985511779785156
2ae6ebee-4ba3-4b38-ba84-13a99604ff8f fc9fbb56-ccf3-44c3-bffc-cfe4e02e18d1 46146 -60 59 0.00036334991455078125
a489dfe1-5bc3-4eb6-b4cc-2a43281ed529 615de6c4-44dd-4649-b475-9575fff51720 94392 -46 13 0.0007765293121337891
2ae6ebee-4ba3-4b38-ba84-13a99604ff8f fc9fbb56-ccf3-44c3-bffc-cfe4e02e18d1 46146 -26 16 0.0003311634063720703
a489dfe1-5bc3-4eb6-b4cc-2a43281ed529 615de6c4-44dd-4649-b475-9575fff51720 94392 106 38 0.0006673336029052734
2ae6ebee-4ba3-4b38-ba84-13a99604ff8f fc9fbb56-ccf3-44c3-bffc-cfe4e02e18d1 46146 -23 24 0.000461578369140625
a489dfe1-5bc3-4eb6-b4cc-2a43281ed529 615de6c4-44dd-4649-b475-9575fff51720 94392 -11 48 0.0005438327789306641
2ae6ebee-4ba3-4b38-ba84-13a99604ff8f fc9fbb56-ccf3-44c3-bffc-cfe4e02e18d1 46146 79 31 0.00023174285888671875
a489dfe1-5bc3-4eb6-b4cc-2a43281ed529 615de6c4-44dd-4649-b475-9575fff51720 94392 49 45 0.0007426738739013672
2ae6ebee-4ba3-4b38-ba84-13a99604ff8f fc9fbb56-ccf3-44c3-bffc-cfe4e02e18d1 46146 -15 26 0.0007205009460449219
a489dfe1-5bc3-4eb6-b4cc-2a43281ed529 615de6c4-44dd-4649-b475-9575fff51720 94392 28 58 0.0004246234893798828
2ae6ebee-4ba3-4b38-ba84-13a99604ff8f fc9fbb56-ccf3-44c3-bffc-cfe4e02e18d1 46146 -20 31 0.0006322860717773438
2ae6ebee-4ba3-4b38-ba84-13a99604ff8f fc9fbb56-ccf3-44c3-bffc-cfe4e02e18d1 46146 21 56 0.0006153583526611328
2ae6ebee-4ba3-4b38-ba84-13a99604ff8f fc9fbb56-ccf3-44c3-bffc-cfe4e02e18d1 46146 91 34 0.0003871917724609375
a489dfe1-5bc3-4eb6-b4cc-2a43281ed529 615de6c4-44dd-4649-b475-9575fff51720 94392 -14 18 0.0008349418640136719
2ae6ebee-4ba3-4b38-ba84-13a99604ff8f fc9fbb56-ccf3-44c3-bffc-cfe4e02e18d1 46146 -72 49 0.0011026859283447266
2ae6ebee-4ba3-4b38-ba84-13a99604ff8f fc9fbb56-ccf3-44c3-bffc-cfe4e02e18d1 46146 52 15 0.0006902217864990234
a489dfe1-5bc3-4eb6-b4cc-2a43281ed529 615de6c4-44dd-4649-b475-9575fff51720 94392 74 23 0.0005481243133544922
a489dfe1-5bc3-4eb6-b4cc-2a43281ed529 615de6c4-44dd-4649-b475-9575fff51720 94392 49 35 0.0012121200561523438
2ae6ebee-4ba3-4b38-ba84-13a99604ff8f fc9fbb56-ccf3-44c3-bffc-cfe4e02e18d1 46146 109 14 0.0005128383636474609
2ae6ebee-4ba3-4b38-ba84-13a99604ff8f fc9fbb56-ccf3-44c3-bffc-cfe4e02e18d1 46146 47 48 0.00027561187744140625
a489dfe1-5bc3-4eb6-b4cc-2a43281ed529 615de6c4-44dd-4649-b475-9575fff51720 94392 103 58 0.0023453235626220703
a489dfe1-5bc3-4eb6-b4cc-2a43281ed529 615de6c4-44dd-4649-b475-9575fff51720 94392 35 22 0.0018200874328613281
a489dfe1-5bc3-4eb6-b4cc-2a43281ed529 615de6c4-44dd-4649-b475-9575fff51720 94392 -9 37 0.0019636154174804688
a489dfe1-5bc3-4eb6-b4cc-2a43281ed529 615de6c4-44dd-4649-b475-9575fff51720 94392 -64 38 0.0014965534210205078
a489dfe1-5bc3-4eb6-b4cc-2a43281ed529 615de6c4-44dd-4649-b475-9575fff51720 94392 -25 16 0.0007848739624023438
a489dfe1-5bc3-4eb6-b4cc-2a43281ed529 615de6c4-44dd-4649-b475-9575fff51720 94392 21 11 0.0023174285888671875
a489dfe1-5bc3-4eb6-b4cc-2a43281ed529 615de6c4-44dd-4649-b475-9575fff51720 94392 -43 35 0.002294778823852539
a489dfe1-5bc3-4eb6-b4cc-2a43281ed529 615de6c4-44dd-4649-b475-9575fff51720 94392 -54 19 0.0019176006317138672
2ae6ebee-4ba3-4b38-ba84-13a99604ff8f fc9fbb56-ccf3-44c3-bffc-cfe4e02e18d1 46146 130 53 0.004790067672729492
a489dfe1-5bc3-4eb6-b4cc-2a43281ed529 615de6c4-44dd-4649-b475-9575fff51720 94392 94 46 0.0016629695892333984
2ae6ebee-4ba3-4b38-ba84-13a99604ff8f fc9fbb56-ccf3-44c3-bffc-cfe4e02e18d1 46146 95 23 0.0004982948303222656
a489dfe1-5bc3-4eb6-b4cc-2a43281ed529 615de6c4-44dd-4649-b475-9575fff51720 94392 99 41 0.0014195442199707031
a489dfe1-5bc3-4eb6-b4cc-2a43281ed529 615de6c4-44dd-4649-b475-9575fff51720 94392 79 40 0.0017101764678955078
2ae6ebee-4ba3-4b38-ba84-13a99604ff8f fc9fbb56-ccf3-44c3-bffc-cfe4e02e18d1 46146 37 28 0.000690460205078125
a489dfe1-5bc3-4eb6-b4cc-2a43281ed529 615de6c4-44dd-4649-b475-9575fff51720 94392 -1 12 0.0019431114196777344
2ae6ebee-4ba3-4b38-ba84-13a99604ff8f fc9fbb56-ccf3-44c3-bffc-cfe4e02e18d1 46146 -80 37 0.0006716251373291016
a489dfe1-5bc3-4eb6-b4cc-2a43281ed529 615de6c4-44dd-4649-b475-9575fff51720 94392 -47 42 0.002727031707763672
2ae6ebee-4ba3-4b38-ba84-13a99604ff8f fc9fbb56-ccf3-44c3-bffc-cfe4e02e18d1 46146 -1 30 0.0004165172576904297
a489dfe1-5bc3-4eb6-b4cc-2a43281ed529 615de6c4-44dd-4649-b475-9575fff51720 94392 59 16 0.0020606517791748047
a489dfe1-5bc3-4eb6-b4cc-2a43281ed529 615de6c4-44dd-4649-b475-9575fff51720 94392 -37 17 0.001363515853881836
2ae6ebee-4ba3-4b38-ba84-13a99604ff8f fc9fbb56-ccf3-44c3-bffc-cfe4e02e18d1 46146 119 37 0.0008397102355957031
2ae6ebee-4ba3-4b38-ba84-13a99604ff8f fc9fbb56-ccf3-44c3-bffc-cfe4e02e18d1 46146 44 58 0.00045037269592285156
2ae6ebee-4ba3-4b38-ba84-13a99604ff8f fc9fbb56-ccf3-44c3-bffc-cfe4e02e18d1 46146 60 33 0.001708984375
2ae6ebee-4ba3-4b38-ba84-13a99604ff8f fc9fbb56-ccf3-44c3-bffc-cfe4e02e18d1 46146 -49 19 0.0007686614990234375
2ae6ebee-4ba3-4b38-ba84-13a99604ff8f fc9fbb56-ccf3-44c3-bffc-cfe4e02e18d1 46146 -40 32 0.0006175041198730469
2ae6ebee-4ba3-4b38-ba84-13a99604ff8f fc9fbb56-ccf3-44c3-bffc-cfe4e02e18d1 46146 89 55 0.00042176246643066406
2ae6ebee-4ba3-4b38-ba84-13a99604ff8f fc9fbb56-ccf3-44c3-bffc-cfe4e02e18d1 46146 47 28 0.0006008148193359375
2ae6ebee-4ba3-4b38-ba84-13a99604ff8f fc9fbb56-ccf3-44c3-bffc-cfe4e02e18d1 46146 -76 27 0.0004451274871826172
a489dfe1-5bc3-4eb6-b4cc-2a43281ed529 615de6c4-44dd-4649-b475-9575fff51720 94392 120 32 0.0021505355834960938
a489dfe1-5bc3-4eb6-b4cc-2a43281ed529 615de6c4-44dd-4649-b475-9575fff51720 94392 -25 19 0.004694700241088867
a489dfe1-5bc3-4eb6-b4cc-2a43281ed529 615de6c4-44dd-4649-b475-9575fff51720 94392 111 55 0.004366636276245117
2ae6ebee-4ba3-4b38-ba84-13a99604ff8f fc9fbb56-ccf3-44c3-bffc-cfe4e02e18d1 46146 7 47 0.0006265640258789062
a489dfe1-5bc3-4eb6-b4cc-2a43281ed529 615de6c4-44dd-4649-b475-9575fff51720 94392 -51 54 0.002890348434448242
2ae6ebee-4ba3-4b38-ba84-13a99604ff8f fc9fbb56-ccf3-44c3-bffc-cfe4e02e18d1 46146 89 54 0.0005917549133300781
a489dfe1-5bc3-4eb6-b4cc-2a43281ed529 615de6c4-44dd-4649-b475-9575fff51720 94392 -19 17 0.002154111862182617
2ae6ebee-4ba3-4b38-ba84-13a99604ff8f fc9fbb56-ccf3-44c3-bffc-cfe4e02e18d1 46146 -39 22 0.0007016658782958984
2ae6ebee-4ba3-4b38-ba84-13a99604ff8f fc9fbb56-ccf3-44c3-bffc-cfe4e02e18d1 46146 55 24 0.0006682872772216797
2ae6ebee-4ba3-4b38-ba84-13a99604ff8f fc9fbb56-ccf3-44c3-bffc-cfe4e02e18d1 46146 39 19 0.0005209445953369141
2ae6ebee-4ba3-4b38-ba84-13a99604ff8f fc9fbb56-ccf3-44c3-bffc-cfe4e02e18d1 46146 132 36 0.0005271434783935547
2ae6ebee-4ba3-4b38-ba84-13a99604ff8f fc9fbb56-ccf3-44c3-bffc-cfe4e02e18d1 46146 -80 34 0.00057220458984375
2ae6ebee-4ba3-4b38-ba84-13a99604ff8f fc9fbb56-ccf3-44c3-bffc-cfe4e02e18d1 46146 93 33 0.0004487037658691406
2ae6ebee-4ba3-4b38-ba84-13a99604ff8f fc9fbb56-ccf3-44c3-bffc-cfe4e02e18d1 46146 32 25 0.00028896331787109375
2ae6ebee-4ba3-4b38-ba84-13a99604ff8f fc9fbb56-ccf3-44c3-bffc-cfe4e02e18d1 46146 -53 18 0.0005567073822021484
2ae6ebee-4ba3-4b38-ba84-13a99604ff8f fc9fbb56-ccf3-44c3-bffc-cfe4e02e18d1 46146 61 47 0.00040531158447265625
2ae6ebee-4ba3-4b38-ba84-13a99604ff8f fc9fbb56-ccf3-44c3-bffc-cfe4e02e18d1 46146 7 15 0.0005958080291748047
2ae6ebee-4ba3-4b38-ba84-13a99604ff8f fc9fbb56-ccf3-44c3-bffc-cfe4e02e18d1 46146 -79 22 0.0006234645843505859
a489dfe1-5bc3-4eb6-b4cc-2a43281ed529 615de6c4-44dd-4649-b475-9575fff51720 94392 74 21 0.0010578632354736328
a489dfe1-5bc3-4eb6-b4cc-2a43281ed529 615de6c4-44dd-4649-b475-9575fff51720 94392 102 15 0.006376028060913086
a489dfe1-5bc3-4eb6-b4cc-2a43281ed529 615de6c4-44dd-4649-b475-9575fff51720 94392 109 35 0.0052754878997802734
2ae6ebee-4ba3-4b38-ba84-13a99604ff8f fc9fbb56-ccf3-44c3-bffc-cfe4e02e18d1 46146 -48 10 0.0010466575622558594
a489dfe1-5bc3-4eb6-b4cc-2a43281ed529 615de6c4-44dd-4649-b475-9575fff51720 94392 12 10 0.004953145980834961
a489dfe1-5bc3-4eb6-b4cc-2a43281ed529 615de6c4-44dd-4649-b475-9575fff51720 94392 -42 52 0.004175424575805664
2ae6ebee-4ba3-4b38-ba84-13a99604ff8f fc9fbb56-ccf3-44c3-bffc-cfe4e02e18d1 46146 -58 19 0.0010089874267578125
a489dfe1-5bc3-4eb6-b4cc-2a43281ed529 615de6c4-44dd-4649-b475-9575fff51720 94392 101 32 0.00392460823059082
a489dfe1-5bc3-4eb6-b4cc-2a43281ed529 615de6c4-44dd-4649-b475-9575fff51720 94392 45 46 0.0036733150482177734
a489dfe1-5bc3-4eb6-b4cc-2a43281ed529 615de6c4-44dd-4649-b475-9575fff51720 94392 28 39 0.0033004283905029297
a489dfe1-5bc3-4eb6-b4cc-2a43281ed529 615de6c4-44dd-4649-b475-9575fff51720 94392 -3 40 0.002943277359008789
a489dfe1-5bc3-4eb6-b4cc-2a43281ed529 615de6c4-44dd-4649-b475-9575fff51720 94392 53 53 0.0018301010131835938
a489dfe1-5bc3-4eb6-b4cc-2a43281ed529 615de6c4-44dd-4649-b475-9575fff51720 94392 77 10 0.006345510482788086
a489dfe1-5bc3-4eb6-b4cc-2a43281ed529 615de6c4-44dd-4649-b475-9575fff51720 94392 63 44 0.005730390548706055
a489dfe1-5bc3-4eb6-b4cc-2a43281ed529 615de6c4-44dd-4649-b475-9575fff51720 94392 75 43 0.005454540252685547
a489dfe1-5bc3-4eb6-b4cc-2a43281ed529 615de6c4-44dd-4649-b475-9575fff51720 94392 25 56 0.0055484771728515625
a489dfe1-5bc3-4eb6-b4cc-2a43281ed529 615de6c4-44dd-4649-b475-9575fff51720 94392 -21 16 0.0056078433990478516
a489dfe1-5bc3-4eb6-b4cc-2a43281ed529 615de6c4-44dd-4649-b475-9575fff51720 94392 -25 33 0.005774736404418945
a489dfe1-5bc3-4eb6-b4cc-2a43281ed529 615de6c4-44dd-4649-b475-9575fff51720 94392 -59 26 0.0061795711517333984
a489dfe1-5bc3-4eb6-b4cc-2a43281ed529 615de6c4-44dd-4649-b475-9575fff51720 94392 121 49 0.006361246109008789
a489dfe1-5bc3-4eb6-b4cc-2a43281ed529 615de6c4-44dd-4649-b475-9575fff51720 94392 -32 24 0.007012605667114258
a489dfe1-5bc3-4eb6-b4cc-2a43281ed529 615de6c4-44dd-4649-b475-9575fff51720 94392 85 45 0.008050680160522461
a489dfe1-5bc3-4eb6-b4cc-2a43281ed529 615de6c4-44dd-4649-b475-9575fff51720 94392 104 47 0.008102655410766602
a489dfe1-5bc3-4eb6-b4cc-2a43281ed529 615de6c4-44dd-4649-b475-9575fff51720 94392 108 30 0.008452415466308594
a489dfe1-5bc3-4eb6-b4cc-2a43281ed529 615de6c4-44dd-4649-b475-9575fff51720 94392 -52 33 0.00825190544128418
a489dfe1-5bc3-4eb6-b4cc-2a43281ed529 615de6c4-44dd-4649-b475-9575fff51720 94392 -11 44 0.008148670196533203
a489dfe1-5bc3-4eb6-b4cc-2a43281ed529 615de6c4-44dd-4649-b475-9575fff51720 94392 56 10 0.008233785629272461
a489dfe1-5bc3-4eb6-b4cc-2a43281ed529 615de6c4-44dd-4649-b475-9575fff51720 94392 90 47 0.008043766021728516
a489dfe1-5bc3-4eb6-b4cc-2a43281ed529 615de6c4-44dd-4649-b475-9575fff51720 94392 23 10 0.007580280303955078
a489dfe1-5bc3-4eb6-b4cc-2a43281ed529 615de6c4-44dd-4649-b475-9575fff51720 94392 -73 52 0.006604194641113281
a489dfe1-5bc3-4eb6-b4cc-2a43281ed529 615de6c4-44dd-4649-b475-9575fff51720 94392 -56 49 0.00714421272277832
c1feb70d-9910-4ba8-a45c-2a1659269b8f c886f6ad-d080-478e-83b7-35509abf007a 56606 1 47 0.0006868839263916016
c1feb70d-9910-4ba8-a45c-2a1659269b8f c886f6ad-d080-478e-83b7-35509abf007a 56606 35 41 0.0022499561309814453
c1feb70d-9910-4ba8-a45c-2a1659269b8f c886f6ad-d080-478e-83b7-35509abf007a 56606 5 50 0.001573324203491211
c1feb70d-9910-4ba8-a45c-2a1659269b8f c886f6ad-d080-478e-83b7-35509abf007a 56606 -28 53 0.0013849735260009766
c1feb70d-9910-4ba8-a45c-2a1659269b8f c886f6ad-d080-478e-83b7-35509abf007a 56606 16 25 0.0007953643798828125
c1feb70d-9910-4ba8-a45c-2a1659269b8f c886f6ad-d080-478e-83b7-35509abf007a 56606 -47 34 0.0029325485229492188
c1feb70d-9910-4ba8-a45c-2a1659269b8f c886f6ad-d080-478e-83b7-35509abf007a 56606 83 40 0.0024199485778808594
c1feb70d-9910-4ba8-a45c-2a1659269b8f c886f6ad-d080-478e-83b7-35509abf007a 56606 -39 32 0.0021190643310546875
c1feb70d-9910-4ba8-a45c-2a1659269b8f c886f6ad-d080-478e-83b7-35509abf007a 56606 41 15 0.0019042491912841797
c1feb70d-9910-4ba8-a45c-2a1659269b8f c886f6ad-d080-478e-83b7-35509abf007a 56606 -35 45 0.0015590190887451172
c1feb70d-9910-4ba8-a45c-2a1659269b8f c886f6ad-d080-478e-83b7-35509abf007a 56606 -77 59 0.001257181167602539
c1feb70d-9910-4ba8-a45c-2a1659269b8f c886f6ad-d080-478e-83b7-35509abf007a 56606 77 31 0.001178741455078125
c1feb70d-9910-4ba8-a45c-2a1659269b8f c886f6ad-d080-478e-83b7-35509abf007a 56606 68 11 0.0004630088806152344
c1feb70d-9910-4ba8-a45c-2a1659269b8f c886f6ad-d080-478e-83b7-35509abf007a 56606 -36 55 0.0007455348968505859
c1feb70d-9910-4ba8-a45c-2a1659269b8f c886f6ad-d080-478e-83b7-35509abf007a 56606 -57 58 0.0007224082946777344
c1feb70d-9910-4ba8-a45c-2a1659269b8f c886f6ad-d080-478e-83b7-35509abf007a 56606 111 24 0.0008099079132080078
c1feb70d-9910-4ba8-a45c-2a1659269b8f c886f6ad-d080-478e-83b7-35509abf007a 56606 109 54 0.0017235279083251953
c1feb70d-9910-4ba8-a45c-2a1659269b8f c886f6ad-d080-478e-83b7-35509abf007a 56606 44 19 0.0011208057403564453
c1feb70d-9910-4ba8-a45c-2a1659269b8f c886f6ad-d080-478e-83b7-35509abf007a 56606 42 35 0.0025870800018310547
c1feb70d-9910-4ba8-a45c-2a1659269b8f c886f6ad-d080-478e-83b7-35509abf007a 56606 70 37 0.0022084712982177734
c1feb70d-9910-4ba8-a45c-2a1659269b8f c886f6ad-d080-478e-83b7-35509abf007a 56606 16 57 0.0019106864929199219
c1feb70d-9910-4ba8-a45c-2a1659269b8f c886f6ad-d080-478e-83b7-35509abf007a 56606 63 44 0.001485586166381836
c1feb70d-9910-4ba8-a45c-2a1659269b8f c886f6ad-d080-478e-83b7-35509abf007a 56606 30 58 0.0029871463775634766
c1feb70d-9910-4ba8-a45c-2a1659269b8f c886f6ad-d080-478e-83b7-35509abf007a 56606 8 12 0.0024263858795166016
c1feb70d-9910-4ba8-a45c-2a1659269b8f c886f6ad-d080-478e-83b7-35509abf007a 56606 110 45 0.0006859302520751953
c1feb70d-9910-4ba8-a45c-2a1659269b8f c886f6ad-d080-478e-83b7-35509abf007a 56606 52 42 0.0005953311920166016
c1feb70d-9910-4ba8-a45c-2a1659269b8f c886f6ad-d080-478e-83b7-35509abf007a 56606 88 49 0.0007965564727783203
c1feb70d-9910-4ba8-a45c-2a1659269b8f c886f6ad-d080-478e-83b7-35509abf007a 56606 -78 32 0.0010786056518554688
c1feb70d-9910-4ba8-a45c-2a1659269b8f c886f6ad-d080-478e-83b7-35509abf007a 56606 56 15 0.001065969467163086
c1feb70d-9910-4ba8-a45c-2a1659269b8f c886f6ad-d080-478e-83b7-35509abf007a 56606 0 44 0.0017442703247070312
c1feb70d-9910-4ba8-a45c-2a1659269b8f c886f6ad-d080-478e-83b7-35509abf007a 56606 64 55 0.0012142658233642578
c1feb70d-9910-4ba8-a45c-2a1659269b8f c886f6ad-d080-478e-83b7-35509abf007a 56606 22 38 0.0006096363067626953
c1feb70d-9910-4ba8-a45c-2a1659269b8f c886f6ad-d080-478e-83b7-35509abf007a 56606 98 32 0.0009238719940185547
c1feb70d-9910-4ba8-a45c-2a1659269b8f c886f6ad-d080-478e-83b7-35509abf007a 56606 -16 52 0.0007355213165283203
c1feb70d-9910-4ba8-a45c-2a1659269b8f c886f6ad-d080-478e-83b7-35509abf007a 56606 -78 14 0.0008814334869384766
c1feb70d-9910-4ba8-a45c-2a1659269b8f c886f6ad-d080-478e-83b7-35509abf007a 56606 70 23 0.0011196136474609375
c1feb70d-9910-4ba8-a45c-2a1659269b8f c886f6ad-d080-478e-83b7-35509abf007a 56606 20 13 0.0006453990936279297
c1feb70d-9910-4ba8-a45c-2a1659269b8f c886f6ad-d080-478e-83b7-35509abf007a 56606 110 17 0.000667572021484375
c1feb70d-9910-4ba8-a45c-2a1659269b8f c886f6ad-d080-478e-83b7-35509abf007a 56606 124 32 0.0007607936859130859
c1feb70d-9910-4ba8-a45c-2a1659269b8f c886f6ad-d080-478e-83b7-35509abf007a 56606 -69 11 0.0007505416870117188
c1feb70d-9910-4ba8-a45c-2a1659269b8f c886f6ad-d080-478e-83b7-35509abf007a 56606 -77 14 0.0009393692016601562
c1feb70d-9910-4ba8-a45c-2a1659269b8f c886f6ad-d080-478e-83b7-35509abf007a 56606 -47 29 0.0007953643798828125
c1feb70d-9910-4ba8-a45c-2a1659269b8f c886f6ad-d080-478e-83b7-35509abf007a 56606 -31 30 0.0006198883056640625
c1feb70d-9910-4ba8-a45c-2a1659269b8f c886f6ad-d080-478e-83b7-35509abf007a 56606 31 32 0.000823974609375
c1feb70d-9910-4ba8-a45c-2a1659269b8f c886f6ad-d080-478e-83b7-35509abf007a 56606 -70 42 0.0006947517395019531
c1feb70d-9910-4ba8-a45c-2a1659269b8f c886f6ad-d080-478e-83b7-35509abf007a 56606 -34 34 0.0004892349243164062
c1feb70d-9910-4ba8-a45c-2a1659269b8f c886f6ad-d080-478e-83b7-35509abf007a 56606 -2 10 0.0005497932434082031
c1feb70d-9910-4ba8-a45c-2a1659269b8f c886f6ad-d080-478e-83b7-35509abf007a 56606 92 46 0.0009400844573974609
c1feb70d-9910-4ba8-a45c-2a1659269b8f c886f6ad-d080-478e-83b7-35509abf007a 56606 -32 13 0.0010619163513183594
c1feb70d-9910-4ba8-a45c-2a1659269b8f c886f6ad-d080-478e-83b7-35509abf007a 56606 108 10 0.0005609989166259766
c1feb70d-9910-4ba8-a45c-2a1659269b8f c886f6ad-d080-478e-83b7-35509abf007a 56606 74 19 0.0008208751678466797
c1feb70d-9910-4ba8-a45c-2a1659269b8f c886f6ad-d080-478e-83b7-35509abf007a 56606 91 17 0.0007722377777099609
c1feb70d-9910-4ba8-a45c-2a1659269b8f c886f6ad-d080-478e-83b7-35509abf007a 56606 68 48 0.001318216323852539
c1feb70d-9910-4ba8-a45c-2a1659269b8f c886f6ad-d080-478e-83b7-35509abf007a 56606 -44 23 0.0008261203765869141
c1feb70d-9910-4ba8-a45c-2a1659269b8f c886f6ad-d080-478e-83b7-35509abf007a 56606 -55 42 0.001058816909790039
c1feb70d-9910-4ba8-a45c-2a1659269b8f c886f6ad-d080-478e-83b7-35509abf007a 56606 -66 41 0.0008435249328613281
c1feb70d-9910-4ba8-a45c-2a1659269b8f c886f6ad-d080-478e-83b7-35509abf007a 56606 -59 21 0.0007331371307373047
c1feb70d-9910-4ba8-a45c-2a1659269b8f c886f6ad-d080-478e-83b7-35509abf007a 56606 53 12 0.0008223056793212891
c1feb70d-9910-4ba8-a45c-2a1659269b8f c886f6ad-d080-478e-83b7-35509abf007a 56606 -63 14 0.0006251335144042969
c1feb70d-9910-4ba8-a45c-2a1659269b8f c886f6ad-d080-478e-83b7-35509abf007a 56606 -8 38 0.000985860824584961
c1feb70d-9910-4ba8-a45c-2a1659269b8f c886f6ad-d080-478e-83b7-35509abf007a 56606 -19 11 0.0015728473663330078
c1feb70d-9910-4ba8-a45c-2a1659269b8f c886f6ad-d080-478e-83b7-35509abf007a 56606 74 48 0.001401662826538086
c1feb70d-9910-4ba8-a45c-2a1659269b8f c886f6ad-d080-478e-83b7-35509abf007a 56606 -64 38 0.0006215572357177734
c1feb70d-9910-4ba8-a45c-2a1659269b8f c886f6ad-d080-478e-83b7-35509abf007a 56606 29 52 0.0014028549194335938
fbc271d3-6938-40a5-9b8a-26fab8ec6d0e 6feb3ece-53f7-4785-9cc0-1d6207245ca6 52173 -70 29 0.0004284381866455078
fbc271d3-6938-40a5-9b8a-26fab8ec6d0e 6feb3ece-53f7-4785-9cc0-1d6207245ca6 52173 -42 45 0.00032019615173339844
c1feb70d-9910-4ba8-a45c-2a1659269b8f c886f6ad-d080-478e-83b7-35509abf007a 56606 70 50 0.0009205341339111328
fbc271d3-6938-40a5-9b8a-26fab8ec6d0e 6feb3ece-53f7-4785-9cc0-1d6207245ca6 52173 -10 25 0.00020241737365722656
c1feb70d-9910-4ba8-a45c-2a1659269b8f c886f6ad-d080-478e-83b7-35509abf007a 56606 117 24 0.0007724761962890625
c1feb70d-9910-4ba8-a45c-2a1659269b8f c886f6ad-d080-478e-83b7-35509abf007a 56606 18 57 0.0003972053527832031
fbc271d3-6938-40a5-9b8a-26fab8ec6d0e 6feb3ece-53f7-4785-9cc0-1d6207245ca6 52173 -53 14 0.0003859996795654297
fbc271d3-6938-40a5-9b8a-26fab8ec6d0e 6feb3ece-53f7-4785-9cc0-1d6207245ca6 52173 113 53 0.00054931640625
fbc271d3-6938-40a5-9b8a-26fab8ec6d0e 6feb3ece-53f7-4785-9cc0-1d6207245ca6 52173 58 10 0.0004394054412841797
c1feb70d-9910-4ba8-a45c-2a1659269b8f c886f6ad-d080-478e-83b7-35509abf007a 56606 103 49 0.0016720294952392578
c1feb70d-9910-4ba8-a45c-2a1659269b8f c886f6ad-d080-478e-83b7-35509abf007a 56606 39 21 0.0009162425994873047
fbc271d3-6938-40a5-9b8a-26fab8ec6d0e 6feb3ece-53f7-4785-9cc0-1d6207245ca6 52173 -29 15 0.0007193088531494141
fbc271d3-6938-40a5-9b8a-26fab8ec6d0e 6feb3ece-53f7-4785-9cc0-1d6207245ca6 52173 41 37 0.0006496906280517578
fbc271d3-6938-40a5-9b8a-26fab8ec6d0e 6feb3ece-53f7-4785-9cc0-1d6207245ca6 52173 -52 30 0.0005495548248291016
c1feb70d-9910-4ba8-a45c-2a1659269b8f c886f6ad-d080-478e-83b7-35509abf007a 56606 67 11 0.0014235973358154297
c1feb70d-9910-4ba8-a45c-2a1659269b8f c886f6ad-d080-478e-83b7-35509abf007a 56606 -47 22 0.0010731220245361328
c1feb70d-9910-4ba8-a45c-2a1659269b8f c886f6ad-d080-478e-83b7-35509abf007a 56606 -64 30 0.0006232261657714844
fbc271d3-6938-40a5-9b8a-26fab8ec6d0e 6feb3ece-53f7-4785-9cc0-1d6207245ca6 52173 104 38 0.0004296302795410156
fbc271d3-6938-40a5-9b8a-26fab8ec6d0e 6feb3ece-53f7-4785-9cc0-1d6207245ca6 52173 79 16 0.0005631446838378906
fbc271d3-6938-40a5-9b8a-26fab8ec6d0e 6feb3ece-53f7-4785-9cc0-1d6207245ca6 52173 -21 57 0.0002052783966064453
c1feb70d-9910-4ba8-a45c-2a1659269b8f c886f6ad-d080-478e-83b7-35509abf007a 56606 63 22 0.001318216323852539
c1feb70d-9910-4ba8-a45c-2a1659269b8f c886f6ad-d080-478e-83b7-35509abf007a 56606 122 36 0.0008461475372314453
fbc271d3-6938-40a5-9b8a-26fab8ec6d0e 6feb3ece-53f7-4785-9cc0-1d6207245ca6 52173 43 13 0.0002956390380859375
c1feb70d-9910-4ba8-a45c-2a1659269b8f c886f6ad-d080-478e-83b7-35509abf007a 56606 -8 18 0.0018303394317626953
c1feb70d-9910-4ba8-a45c-2a1659269b8f c886f6ad-d080-478e-83b7-35509abf007a 56606 82 35 0.001287221908569336
fbc271d3-6938-40a5-9b8a-26fab8ec6d0e 6feb3ece-53f7-4785-9cc0-1d6207245ca6 52173 77 15 0.0009694099426269531
fbc271d3-6938-40a5-9b8a-26fab8ec6d0e 6feb3ece-53f7-4785-9cc0-1d6207245ca6 52173 66 21 0.0017690658569335938
fbc271d3-6938-40a5-9b8a-26fab8ec6d0e 6feb3ece-53f7-4785-9cc0-1d6207245ca6 52173 -71 32 0.0013053417205810547
c1feb70d-9910-4ba8-a45c-2a1659269b8f c886f6ad-d080-478e-83b7-35509abf007a 56606 -4 17 0.0006582736968994141
fbc271d3-6938-40a5-9b8a-26fab8ec6d0e 6feb3ece-53f7-4785-9cc0-1d6207245ca6 52173 14 41 0.0009303092956542969
fbc271d3-6938-40a5-9b8a-26fab8ec6d0e 6feb3ece-53f7-4785-9cc0-1d6207245ca6 52173 -24 35 0.0012013912200927734
fbc271d3-6938-40a5-9b8a-26fab8ec6d0e 6feb3ece-53f7-4785-9cc0-1d6207245ca6 52173 56 17 0.0007121562957763672
fbc271d3-6938-40a5-9b8a-26fab8ec6d0e 6feb3ece-53f7-4785-9cc0-1d6207245ca6 52173 -77 12 0.0002334117889404297
c1feb70d-9910-4ba8-a45c-2a1659269b8f c886f6ad-d080-478e-83b7-35509abf007a 56606 -62 49 0.001535177230834961
c1feb70d-9910-4ba8-a45c-2a1659269b8f c886f6ad-d080-478e-83b7-35509abf007a 56606 0 57 0.0008170604705810547
c1feb70d-9910-4ba8-a45c-2a1659269b8f c886f6ad-d080-478e-83b7-35509abf007a 56606 56 58 0.0007023811340332031
c1feb70d-9910-4ba8-a45c-2a1659269b8f c886f6ad-d080-478e-83b7-35509abf007a 56606 -32 38 0.0014226436614990234
c1feb70d-9910-4ba8-a45c-2a1659269b8f c886f6ad-d080-478e-83b7-35509abf007a 56606 -54 12 0.0015940666198730469
fbc271d3-6938-40a5-9b8a-26fab8ec6d0e 6feb3ece-53f7-4785-9cc0-1d6207245ca6 52173 -55 23 0.0018310546875
fbc271d3-6938-40a5-9b8a-26fab8ec6d0e 6feb3ece-53f7-4785-9cc0-1d6207245ca6 52173 134 31 0.006192445755004883
c1feb70d-9910-4ba8-a45c-2a1659269b8f c886f6ad-d080-478e-83b7-35509abf007a 56606 -52 55 0.0012905597686767578
c1feb70d-9910-4ba8-a45c-2a1659269b8f c886f6ad-d080-478e-83b7-35509abf007a 56606 -44 25 0.0014369487762451172
c1feb70d-9910-4ba8-a45c-2a1659269b8f c886f6ad-d080-478e-83b7-35509abf007a 56606 115 10 0.001302957534790039
c1feb70d-9910-4ba8-a45c-2a1659269b8f c886f6ad-d080-478e-83b7-35509abf007a 56606 -78 14 0.0007214546203613281
c1feb70d-9910-4ba8-a45c-2a1659269b8f c886f6ad-d080-478e-83b7-35509abf007a 56606 -14 53 0.0006392002105712891
c1feb70d-9910-4ba8-a45c-2a1659269b8f c886f6ad-d080-478e-83b7-35509abf007a 56606 -38 13 0.0011255741119384766
fbc271d3-6938-40a5-9b8a-26fab8ec6d0e 6feb3ece-53f7-4785-9cc0-1d6207245ca6 52173 73 41 0.006026744842529297
c1feb70d-9910-4ba8-a45c-2a1659269b8f c886f6ad-d080-478e-83b7-35509abf007a 56606 124 53 0.0008339881896972656
fbc271d3-6938-40a5-9b8a-26fab8ec6d0e 6feb3ece-53f7-4785-9cc0-1d6207245ca6 52173 20 38 0.00929403305053711
fbc271d3-6938-40a5-9b8a-26fab8ec6d0e 6feb3ece-53f7-4785-9cc0-1d6207245ca6 52173 95 58 0.010131597518920898
fbc271d3-6938-40a5-9b8a-26fab8ec6d0e 6feb3ece-53f7-4785-9cc0-1d6207245ca6 52173 87 57 0.009909868240356445
c1feb70d-9910-4ba8-a45c-2a1659269b8f c886f6ad-d080-478e-83b7-35509abf007a 56606 86 44 0.002149343490600586
c1feb70d-9910-4ba8-a45c-2a1659269b8f c886f6ad-d080-478e-83b7-35509abf007a 56606 118 44 0.0014824867248535156
c1feb70d-9910-4ba8-a45c-2a1659269b8f c886f6ad-d080-478e-83b7-35509abf007a 56606 4 54 0.0009176731109619141
c1feb70d-9910-4ba8-a45c-2a1659269b8f c886f6ad-d080-478e-83b7-35509abf007a 56606 -64 12 0.0007300376892089844
fbc271d3-6938-40a5-9b8a-26fab8ec6d0e 6feb3ece-53f7-4785-9cc0-1d6207245ca6 52173 7 44 0.009977102279663086
c1feb70d-9910-4ba8-a45c-2a1659269b8f c886f6ad-d080-478e-83b7-35509abf007a 56606 102 38 0.0012173652648925781
c1feb70d-9910-4ba8-a45c-2a1659269b8f c886f6ad-d080-478e-83b7-35509abf007a 56606 -70 23 0.0009682178497314453
fbc271d3-6938-40a5-9b8a-26fab8ec6d0e 6feb3ece-53f7-4785-9cc0-1d6207245ca6 52173 -80 23 0.01121068000793457
c1feb70d-9910-4ba8-a45c-2a1659269b8f c886f6ad-d080-478e-83b7-35509abf007a 56606 -33 50 0.001020669937133789
c1feb70d-9910-4ba8-a45c-2a1659269b8f c886f6ad-d080-478e-83b7-35509abf007a 56606 80 12 0.003022909164428711
c1feb70d-9910-4ba8-a45c-2a1659269b8f c886f6ad-d080-478e-83b7-35509abf007a 56606 -2 47 0.0013661384582519531
fbc271d3-6938-40a5-9b8a-26fab8ec6d0e 6feb3ece-53f7-4785-9cc0-1d6207245ca6 52173 117 35 0.015711069107055664
fbc271d3-6938-40a5-9b8a-26fab8ec6d0e 6feb3ece-53f7-4785-9cc0-1d6207245ca6 52173 -38 35 0.016962528228759766
c1feb70d-9910-4ba8-a45c-2a1659269b8f c886f6ad-d080-478e-83b7-35509abf007a 56606 -20 59 0.0009396076202392578
c1feb70d-9910-4ba8-a45c-2a1659269b8f c886f6ad-d080-478e-83b7-35509abf007a 56606 16 53 0.002131938934326172
fbc271d3-6938-40a5-9b8a-26fab8ec6d0e 6feb3ece-53f7-4785-9cc0-1d6207245ca6 52173 91 45 0.016504287719726562
fbc271d3-6938-40a5-9b8a-26fab8ec6d0e 6feb3ece-53f7-4785-9cc0-1d6207245ca6 52173 116 38 0.01971435546875
fbc271d3-6938-40a5-9b8a-26fab8ec6d0e 6feb3ece-53f7-4785-9cc0-1d6207245ca6 52173 -69 51 0.022034883499145508
fbc271d3-6938-40a5-9b8a-26fab8ec6d0e 6feb3ece-53f7-4785-9cc0-1d6207245ca6 52173 1 19 0.024126768112182617
fbc271d3-6938-40a5-9b8a-26fab8ec6d0e 6feb3ece-53f7-4785-9cc0-1d6207245ca6 52173 116 10 0.02431964874267578
fbc271d3-6938-40a5-9b8a-26fab8ec6d0e 6feb3ece-53f7-4785-9cc0-1d6207245ca6 52173 -64 58 0.026242971420288086
fbc271d3-6938-40a5-9b8a-26fab8ec6d0e 6feb3ece-53f7-4785-9cc0-1d6207245ca6 52173 105 24 0.02576303482055664
fbc271d3-6938-40a5-9b8a-26fab8ec6d0e 6feb3ece-53f7-4785-9cc0-1d6207245ca6 52173 123 45 0.027602672576904297
fbc271d3-6938-40a5-9b8a-26fab8ec6d0e 6feb3ece-53f7-4785-9cc0-1d6207245ca6 52173 16 25 0.029607772827148438
fbc271d3-6938-40a5-9b8a-26fab8ec6d0e 6feb3ece-53f7-4785-9cc0-1d6207245ca6 52173 4 12 0.03199958801269531
fbc271d3-6938-40a5-9b8a-26fab8ec6d0e 6feb3ece-53f7-4785-9cc0-1d6207245ca6 52173 -52 12 0.03482961654663086
fbc271d3-6938-40a5-9b8a-26fab8ec6d0e 6feb3ece-53f7-4785-9cc0-1d6207245ca6 52173 -57 10 0.03507518768310547
fbc271d3-6938-40a5-9b8a-26fab8ec6d0e 6feb3ece-53f7-4785-9cc0-1d6207245ca6 52173 129 27 0.034348249435424805
fbc271d3-6938-40a5-9b8a-26fab8ec6d0e 6feb3ece-53f7-4785-9cc0-1d6207245ca6 52173 -34 44 0.035677433013916016
fbc271d3-6938-40a5-9b8a-26fab8ec6d0e 6feb3ece-53f7-4785-9cc0-1d6207245ca6 52173 -20 56 0.03715109825134277
fbc271d3-6938-40a5-9b8a-26fab8ec6d0e 6feb3ece-53f7-4785-9cc0-1d6207245ca6 52173 -14 33 0.041811466217041016
fbc271d3-6938-40a5-9b8a-26fab8ec6d0e 6feb3ece-53f7-4785-9cc0-1d6207245ca6 52173 120 16 0.04455924034118652
fbc271d3-6938-40a5-9b8a-26fab8ec6d0e 6feb3ece-53f7-4785-9cc0-1d6207245ca6 52173 -34 20 0.045197486877441406
fbc271d3-6938-40a5-9b8a-26fab8ec6d0e 6feb3ece-53f7-4785-9cc0-1d6207245ca6 52173 88 44 0.04487109184265137
fbc271d3-6938-40a5-9b8a-26fab8ec6d0e 6feb3ece-53f7-4785-9cc0-1d6207245ca6 52173 96 32 0.0447077751159668
fbc271d3-6938-40a5-9b8a-26fab8ec6d0e 6feb3ece-53f7-4785-9cc0-1d6207245ca6 52173 21 57 0.04450798034667969
fbc271d3-6938-40a5-9b8a-26fab8ec6d0e 6feb3ece-53f7-4785-9cc0-1d6207245ca6 52173 17 48 0.0440669059753418
fbc271d3-6938-40a5-9b8a-26fab8ec6d0e 6feb3ece-53f7-4785-9cc0-1d6207245ca6 52173 65 25 0.0436558723449707
fbc271d3-6938-40a5-9b8a-26fab8ec6d0e 6feb3ece-53f7-4785-9cc0-1d6207245ca6 52173 66 41 0.04328799247741699
fbc271d3-6938-40a5-9b8a-26fab8ec6d0e 6feb3ece-53f7-4785-9cc0-1d6207245ca6 52173 22 51 0.04300522804260254
fbc271d3-6938-40a5-9b8a-26fab8ec6d0e 6feb3ece-53f7-4785-9cc0-1d6207245ca6 52173 22 59 0.042800188064575195
fbc271d3-6938-40a5-9b8a-26fab8ec6d0e 6feb3ece-53f7-4785-9cc0-1d6207245ca6 52173 -2 23 0.04120755195617676
fbc271d3-6938-40a5-9b8a-26fab8ec6d0e 6feb3ece-53f7-4785-9cc0-1d6207245ca6 52173 84 32 0.040819644927978516
fbc271d3-6938-40a5-9b8a-26fab8ec6d0e 6feb3ece-53f7-4785-9cc0-1d6207245ca6 52173 -22 54 0.04041028022766113
fbc271d3-6938-40a5-9b8a-26fab8ec6d0e 6feb3ece-53f7-4785-9cc0-1d6207245ca6 52173 101 57 0.040016889572143555
fbc271d3-6938-40a5-9b8a-26fab8ec6d0e 6feb3ece-53f7-4785-9cc0-1d6207245ca6 52173 77 53 0.039565324783325195
fbc271d3-6938-40a5-9b8a-26fab8ec6d0e 6feb3ece-53f7-4785-9cc0-1d6207245ca6 52173 41 55 0.03917264938354492
fbc271d3-6938-40a5-9b8a-26fab8ec6d0e 6feb3ece-53f7-4785-9cc0-1d6207245ca6 52173 89 50 0.03861379623413086
fbc271d3-6938-40a5-9b8a-26fab8ec6d0e 6feb3ece-53f7-4785-9cc0-1d6207245ca6 52173 85 38 0.0383453369140625
fbc271d3-6938-40a5-9b8a-26fab8ec6d0e 6feb3ece-53f7-4785-9cc0-1d6207245ca6 52173 110 40 0.03810429573059082
fbc271d3-6938-40a5-9b8a-26fab8ec6d0e 6feb3ece-53f7-4785-9cc0-1d6207245ca6 52173 -12 11 0.03789162635803223
fbc271d3-6938-40a5-9b8a-26fab8ec6d0e 6feb3ece-53f7-4785-9cc0-1d6207245ca6 52173 134 15 0.037598609924316406
fbc271d3-6938-40a5-9b8a-26fab8ec6d0e 6feb3ece-53f7-4785-9cc0-1d6207245ca6 52173 -49 15 0.03721046447753906
fbc271d3-6938-40a5-9b8a-26fab8ec6d0e 6feb3ece-53f7-4785-9cc0-1d6207245ca6 52173 66 13 0.03684806823730469
fbc271d3-6938-40a5-9b8a-26fab8ec6d0e 6feb3ece-53f7-4785-9cc0-1d6207245ca6 52173 -20 50 0.036515235900878906
fbc271d3-6938-40a5-9b8a-26fab8ec6d0e 6feb3ece-53f7-4785-9cc0-1d6207245ca6 52173 133 15 0.03616905212402344
fbc271d3-6938-40a5-9b8a-26fab8ec6d0e 6feb3ece-53f7-4785-9cc0-1d6207245ca6 52173 95 44 0.03583097457885742
fbc271d3-6938-40a5-9b8a-26fab8ec6d0e 6feb3ece-53f7-4785-9cc0-1d6207245ca6 52173 -72 21 0.03524589538574219
fbc271d3-6938-40a5-9b8a-26fab8ec6d0e 6feb3ece-53f7-4785-9cc0-1d6207245ca6 52173 39 17 0.03481864929199219
fbc271d3-6938-40a5-9b8a-26fab8ec6d0e 6feb3ece-53f7-4785-9cc0-1d6207245ca6 52173 73 24 0.034319400787353516
fbc271d3-6938-40a5-9b8a-26fab8ec6d0e 6feb3ece-53f7-4785-9cc0-1d6207245ca6 52173 23 58 0.03412675857543945
fbc271d3-6938-40a5-9b8a-26fab8ec6d0e 6feb3ece-53f7-4785-9cc0-1d6207245ca6 52173 107 11 0.03483271598815918
fbc271d3-6938-40a5-9b8a-26fab8ec6d0e 6feb3ece-53f7-4785-9cc0-1d6207245ca6 52173 75 22 0.034474849700927734
fbc271d3-6938-40a5-9b8a-26fab8ec6d0e 6feb3ece-53f7-4785-9cc0-1d6207245ca6 52173 -44 13 0.03395438194274902
fbc271d3-6938-40a5-9b8a-26fab8ec6d0e 6feb3ece-53f7-4785-9cc0-1d6207245ca6 52173 113 52 0.0334773063659668
fbc271d3-6938-40a5-9b8a-26fab8ec6d0e 6feb3ece-53f7-4785-9cc0-1d6207245ca6 52173 106 49 0.03314685821533203
fbc271d3-6938-40a5-9b8a-26fab8ec6d0e 6feb3ece-53f7-4785-9cc0-1d6207245ca6 52173 46 40 0.03468942642211914
fbc271d3-6938-40a5-9b8a-26fab8ec6d0e 6feb3ece-53f7-4785-9cc0-1d6207245ca6 52173 -10 47 0.034821510314941406
fbc271d3-6938-40a5-9b8a-26fab8ec6d0e 6feb3ece-53f7-4785-9cc0-1d6207245ca6 52173 18 35 0.03544306755065918
fbc271d3-6938-40a5-9b8a-26fab8ec6d0e 6feb3ece-53f7-4785-9cc0-1d6207245ca6 52173 46 46 0.036034584045410156
fbc271d3-6938-40a5-9b8a-26fab8ec6d0e 6feb3ece-53f7-4785-9cc0-1d6207245ca6 52173 60 23 0.037873268127441406
fbc271d3-6938-40a5-9b8a-26fab8ec6d0e 6feb3ece-53f7-4785-9cc0-1d6207245ca6 52173 89 28 0.041512489318847656
fbc271d3-6938-40a5-9b8a-26fab8ec6d0e 6feb3ece-53f7-4785-9cc0-1d6207245ca6 52173 -29 32 0.043817758560180664
fbc271d3-6938-40a5-9b8a-26fab8ec6d0e 6feb3ece-53f7-4785-9cc0-1d6207245ca6 52173 -79 39 0.050744056701660156
fbc271d3-6938-40a5-9b8a-26fab8ec6d0e 6feb3ece-53f7-4785-9cc0-1d6207245ca6 52173 -53 36 0.05455827713012695
fbc271d3-6938-40a5-9b8a-26fab8ec6d0e 6feb3ece-53f7-4785-9cc0-1d6207245ca6 52173 96 28 0.05806326866149902
fbc271d3-6938-40a5-9b8a-26fab8ec6d0e 6feb3ece-53f7-4785-9cc0-1d6207245ca6 52173 102 10 0.07198619842529297
fbc271d3-6938-40a5-9b8a-26fab8ec6d0e 6feb3ece-53f7-4785-9cc0-1d6207245ca6 52173 6 16 0.07179808616638184
fbc271d3-6938-40a5-9b8a-26fab8ec6d0e 6feb3ece-53f7-4785-9cc0-1d6207245ca6 52173 84 22 0.07400846481323242
fbc271d3-6938-40a5-9b8a-26fab8ec6d0e 6feb3ece-53f7-4785-9cc0-1d6207245ca6 52173 5 56 0.07374405860900879
fbc271d3-6938-40a5-9b8a-26fab8ec6d0e 6feb3ece-53f7-4785-9cc0-1d6207245ca6 52173 -41 17 0.07849478721618652
fbc271d3-6938-40a5-9b8a-26fab8ec6d0e 6feb3ece-53f7-4785-9cc0-1d6207245ca6 52173 130 18 0.08072328567504883
fbc271d3-6938-40a5-9b8a-26fab8ec6d0e 6feb3ece-53f7-4785-9cc0-1d6207245ca6 52173 102 32 0.08147835731506348
fbc271d3-6938-40a5-9b8a-26fab8ec6d0e 6feb3ece-53f7-4785-9cc0-1d6207245ca6 52173 31 44 0.08692073822021484
fbc271d3-6938-40a5-9b8a-26fab8ec6d0e 6feb3ece-53f7-4785-9cc0-1d6207245ca6 52173 90 28 0.08878803253173828
b1cad6de-8e1d-4536-bd33-1555e8ed874b a832b56c-6e63-4d89-8105-8c2f37732dee 64507 -34 12 0.0008499622344970703
b1cad6de-8e1d-4536-bd33-1555e8ed874b a832b56c-6e63-4d89-8105-8c2f37732dee 64507 59 44 0.0008523464202880859
b1cad6de-8e1d-4536-bd33-1555e8ed874b a832b56c-6e63-4d89-8105-8c2f37732dee 64507 54 11 0.0004639625549316406
b1cad6de-8e1d-4536-bd33-1555e8ed874b a832b56c-6e63-4d89-8105-8c2f37732dee 64507 67 40 0.00023555755615234375
b1cad6de-8e1d-4536-bd33-1555e8ed874b a832b56c-6e63-4d89-8105-8c2f37732dee 64507 -76 24 0.0003859996795654297
b1cad6de-8e1d-4536-bd33-1555e8ed874b a832b56c-6e63-4d89-8105-8c2f37732dee 64507 -69 13 0.0003006458282470703
b1cad6de-8e1d-4536-bd33-1555e8ed874b a832b56c-6e63-4d89-8105-8c2f37732dee 64507 110 19 0.00036835670471191406
b1cad6de-8e1d-4536-bd33-1555e8ed874b a832b56c-6e63-4d89-8105-8c2f37732dee 64507 117 14 0.0001850128173828125
b1cad6de-8e1d-4536-bd33-1555e8ed874b a832b56c-6e63-4d89-8105-8c2f37732dee 64507 -56 46 0.001478433609008789
b1cad6de-8e1d-4536-bd33-1555e8ed874b a832b56c-6e63-4d89-8105-8c2f37732dee 64507 14 28 0.0007202625274658203
b1cad6de-8e1d-4536-bd33-1555e8ed874b a832b56c-6e63-4d89-8105-8c2f37732dee 64507 -38 48 0.00032210350036621094
b1cad6de-8e1d-4536-bd33-1555e8ed874b a832b56c-6e63-4d89-8105-8c2f37732dee 64507 -49 35 0.0006759166717529297
b1cad6de-8e1d-4536-bd33-1555e8ed874b a832b56c-6e63-4d89-8105-8c2f37732dee 64507 -67 44 0.0005533695220947266
b1cad6de-8e1d-4536-bd33-1555e8ed874b a832b56c-6e63-4d89-8105-8c2f37732dee 64507 88 44 0.0006422996520996094
b1cad6de-8e1d-4536-bd33-1555e8ed874b a832b56c-6e63-4d89-8105-8c2f37732dee 64507 134 10 0.0017092227935791016
b1cad6de-8e1d-4536-bd33-1555e8ed874b a832b56c-6e63-4d89-8105-8c2f37732dee 64507 -14 45 0.0011830329895019531
b1cad6de-8e1d-4536-bd33-1555e8ed874b a832b56c-6e63-4d89-8105-8c2f37732dee 64507 112 54 0.0009434223175048828
b1cad6de-8e1d-4536-bd33-1555e8ed874b a832b56c-6e63-4d89-8105-8c2f37732dee 64507 26 33 0.00077056884765625
b1cad6de-8e1d-4536-bd33-1555e8ed874b a832b56c-6e63-4d89-8105-8c2f37732dee 64507 130 33 0.0004923343658447266
b1cad6de-8e1d-4536-bd33-1555e8ed874b a832b56c-6e63-4d89-8105-8c2f37732dee 64507 -62 45 0.0009405612945556641
b1cad6de-8e1d-4536-bd33-1555e8ed874b a832b56c-6e63-4d89-8105-8c2f37732dee 64507 -60 33 0.0019481182098388672
b1cad6de-8e1d-4536-bd33-1555e8ed874b a832b56c-6e63-4d89-8105-8c2f37732dee 64507 -20 26 0.0017669200897216797
b1cad6de-8e1d-4536-bd33-1555e8ed874b a832b56c-6e63-4d89-8105-8c2f37732dee 64507 -1 18 0.0012583732604980469
b1cad6de-8e1d-4536-bd33-1555e8ed874b a832b56c-6e63-4d89-8105-8c2f37732dee 64507 -18 14 0.000637054443359375
b1cad6de-8e1d-4536-bd33-1555e8ed874b a832b56c-6e63-4d89-8105-8c2f37732dee 64507 66 20 0.001142740249633789
b1cad6de-8e1d-4536-bd33-1555e8ed874b a832b56c-6e63-4d89-8105-8c2f37732dee 64507 73 15 0.0008556842803955078
b1cad6de-8e1d-4536-bd33-1555e8ed874b a832b56c-6e63-4d89-8105-8c2f37732dee 64507 -1 21 0.0006687641143798828
b1cad6de-8e1d-4536-bd33-1555e8ed874b a832b56c-6e63-4d89-8105-8c2f37732dee 64507 61 15 0.0006320476531982422
b1cad6de-8e1d-4536-bd33-1555e8ed874b a832b56c-6e63-4d89-8105-8c2f37732dee 64507 78 36 0.0008301734924316406
b1cad6de-8e1d-4536-bd33-1555e8ed874b a832b56c-6e63-4d89-8105-8c2f37732dee 64507 -50 55 0.0016090869903564453
b1cad6de-8e1d-4536-bd33-1555e8ed874b a832b56c-6e63-4d89-8105-8c2f37732dee 64507 109 10 0.0010027885437011719
b1cad6de-8e1d-4536-bd33-1555e8ed874b a832b56c-6e63-4d89-8105-8c2f37732dee 64507 57 26 0.0007257461547851562
b1cad6de-8e1d-4536-bd33-1555e8ed874b a832b56c-6e63-4d89-8105-8c2f37732dee 64507 -73 36 0.0019965171813964844
b1cad6de-8e1d-4536-bd33-1555e8ed874b a832b56c-6e63-4d89-8105-8c2f37732dee 64507 116 48 0.0019092559814453125
b1cad6de-8e1d-4536-bd33-1555e8ed874b a832b56c-6e63-4d89-8105-8c2f37732dee 64507 26 33 0.001926422119140625
b1cad6de-8e1d-4536-bd33-1555e8ed874b a832b56c-6e63-4d89-8105-8c2f37732dee 64507 -72 34 0.0006835460662841797
b1cad6de-8e1d-4536-bd33-1555e8ed874b a832b56c-6e63-4d89-8105-8c2f37732dee 64507 -2 51 0.0011663436889648438
b1cad6de-8e1d-4536-bd33-1555e8ed874b a832b56c-6e63-4d89-8105-8c2f37732dee 64507 -5 57 0.0007688999176025391
b1cad6de-8e1d-4536-bd33-1555e8ed874b a832b56c-6e63-4d89-8105-8c2f37732dee 64507 -42 18 0.0010344982147216797
b1cad6de-8e1d-4536-bd33-1555e8ed874b a832b56c-6e63-4d89-8105-8c2f37732dee 64507 -52 21 0.0014307498931884766
b1cad6de-8e1d-4536-bd33-1555e8ed874b a832b56c-6e63-4d89-8105-8c2f37732dee 64507 -9 44 0.0012896060943603516
b1cad6de-8e1d-4536-bd33-1555e8ed874b a832b56c-6e63-4d89-8105-8c2f37732dee 64507 4 37 0.0012006759643554688
b1cad6de-8e1d-4536-bd33-1555e8ed874b a832b56c-6e63-4d89-8105-8c2f37732dee 64507 -80 47 0.0009894371032714844
b1cad6de-8e1d-4536-bd33-1555e8ed874b a832b56c-6e63-4d89-8105-8c2f37732dee 64507 133 39 0.0008234977722167969
b1cad6de-8e1d-4536-bd33-1555e8ed874b a832b56c-6e63-4d89-8105-8c2f37732dee 64507 84 50 0.001104116439819336
b1cad6de-8e1d-4536-bd33-1555e8ed874b a832b56c-6e63-4d89-8105-8c2f37732dee 64507 8 43 0.000797271728515625
b1cad6de-8e1d-4536-bd33-1555e8ed874b a832b56c-6e63-4d89-8105-8c2f37732dee 64507 -2 43 0.0006568431854248047
b1cad6de-8e1d-4536-bd33-1555e8ed874b a832b56c-6e63-4d89-8105-8c2f37732dee 64507 125 15 0.0014955997467041016
b1cad6de-8e1d-4536-bd33-1555e8ed874b a832b56c-6e63-4d89-8105-8c2f37732dee 64507 -33 28 0.0009188652038574219
b1cad6de-8e1d-4536-bd33-1555e8ed874b a832b56c-6e63-4d89-8105-8c2f37732dee 64507 124 57 0.0013613700866699219
b1cad6de-8e1d-4536-bd33-1555e8ed874b a832b56c-6e63-4d89-8105-8c2f37732dee 64507 121 37 0.004529476165771484
b1cad6de-8e1d-4536-bd33-1555e8ed874b a832b56c-6e63-4d89-8105-8c2f37732dee 64507 -80 23 0.004322052001953125
b1cad6de-8e1d-4536-bd33-1555e8ed874b a832b56c-6e63-4d89-8105-8c2f37732dee 64507 -25 17 0.004179716110229492
b1cad6de-8e1d-4536-bd33-1555e8ed874b a832b56c-6e63-4d89-8105-8c2f37732dee 64507 119 16 0.0038869380950927734
b1cad6de-8e1d-4536-bd33-1555e8ed874b a832b56c-6e63-4d89-8105-8c2f37732dee 64507 23 55 0.0037107467651367188
b1cad6de-8e1d-4536-bd33-1555e8ed874b a832b56c-6e63-4d89-8105-8c2f37732dee 64507 97 58 0.010100364685058594
b1cad6de-8e1d-4536-bd33-1555e8ed874b a832b56c-6e63-4d89-8105-8c2f37732dee 64507 -67 46 0.010200262069702148
b1cad6de-8e1d-4536-bd33-1555e8ed874b a832b56c-6e63-4d89-8105-8c2f37732dee 64507 125 11 0.013039112091064453
b1cad6de-8e1d-4536-bd33-1555e8ed874b a832b56c-6e63-4d89-8105-8c2f37732dee 64507 -40 19 0.015275239944458008
b1cad6de-8e1d-4536-bd33-1555e8ed874b a832b56c-6e63-4d89-8105-8c2f37732dee 64507 90 16 0.01952195167541504
b1cad6de-8e1d-4536-bd33-1555e8ed874b a832b56c-6e63-4d89-8105-8c2f37732dee 64507 125 41 0.019295454025268555
b1cad6de-8e1d-4536-bd33-1555e8ed874b a832b56c-6e63-4d89-8105-8c2f37732dee 64507 27 14 0.019104957580566406
b1cad6de-8e1d-4536-bd33-1555e8ed874b a832b56c-6e63-4d89-8105-8c2f37732dee 64507 -38 27 0.018076419830322266
b1cad6de-8e1d-4536-bd33-1555e8ed874b a832b56c-6e63-4d89-8105-8c2f37732dee 64507 -19 18 0.01775360107421875
b1cad6de-8e1d-4536-bd33-1555e8ed874b a832b56c-6e63-4d89-8105-8c2f37732dee 64507 -75 35 0.017417192459106445
b1cad6de-8e1d-4536-bd33-1555e8ed874b a832b56c-6e63-4d89-8105-8c2f37732dee 64507 2 49 0.01715373992919922
b1cad6de-8e1d-4536-bd33-1555e8ed874b a832b56c-6e63-4d89-8105-8c2f37732dee 64507 -77 25 0.016943693161010742
b1cad6de-8e1d-4536-bd33-1555e8ed874b a832b56c-6e63-4d89-8105-8c2f37732dee 64507 -63 21 0.016752243041992188
b1cad6de-8e1d-4536-bd33-1555e8ed874b a832b56c-6e63-4d89-8105-8c2f37732dee 64507 76 18 0.016448497772216797
b1cad6de-8e1d-4536-bd33-1555e8ed874b a832b56c-6e63-4d89-8105-8c2f37732dee 64507 -26 31 0.015973567962646484
b1cad6de-8e1d-4536-bd33-1555e8ed874b a832b56c-6e63-4d89-8105-8c2f37732dee 64507 -67 55 0.01574420928955078
b1cad6de-8e1d-4536-bd33-1555e8ed874b a832b56c-6e63-4d89-8105-8c2f37732dee 64507 47 59 0.015499114990234375
b1cad6de-8e1d-4536-bd33-1555e8ed874b a832b56c-6e63-4d89-8105-8c2f37732dee 64507 64 46 0.015291213989257812
b1cad6de-8e1d-4536-bd33-1555e8ed874b a832b56c-6e63-4d89-8105-8c2f37732dee 64507 110 13 0.015116214752197266
b1cad6de-8e1d-4536-bd33-1555e8ed874b a832b56c-6e63-4d89-8105-8c2f37732dee 64507 -71 49 0.014916658401489258
b1cad6de-8e1d-4536-bd33-1555e8ed874b a832b56c-6e63-4d89-8105-8c2f37732dee 64507 -9 43 0.014277935028076172
b1cad6de-8e1d-4536-bd33-1555e8ed874b a832b56c-6e63-4d89-8105-8c2f37732dee 64507 -18 50 0.014026880264282227
b1cad6de-8e1d-4536-bd33-1555e8ed874b a832b56c-6e63-4d89-8105-8c2f37732dee 64507 11 44 0.013833045959472656
b1cad6de-8e1d-4536-bd33-1555e8ed874b a832b56c-6e63-4d89-8105-8c2f37732dee 64507 57 25 0.013563394546508789
b1cad6de-8e1d-4536-bd33-1555e8ed874b a832b56c-6e63-4d89-8105-8c2f37732dee 64507 117 27 0.013183832168579102
b1cad6de-8e1d-4536-bd33-1555e8ed874b a832b56c-6e63-4d89-8105-8c2f37732dee 64507 126 18 0.012854576110839844
b1cad6de-8e1d-4536-bd33-1555e8ed874b a832b56c-6e63-4d89-8105-8c2f37732dee 64507 66 30 0.012423992156982422
b1cad6de-8e1d-4536-bd33-1555e8ed874b a832b56c-6e63-4d89-8105-8c2f37732dee 64507 116 24 0.012052059173583984
b1cad6de-8e1d-4536-bd33-1555e8ed874b a832b56c-6e63-4d89-8105-8c2f37732dee 64507 0 37 0.011548757553100586
b1cad6de-8e1d-4536-bd33-1555e8ed874b a832b56c-6e63-4d89-8105-8c2f37732dee 64507 36 18 0.011247634887695312
b1cad6de-8e1d-4536-bd33-1555e8ed874b a832b56c-6e63-4d89-8105-8c2f37732dee 64507 -71 42 0.010995149612426758
b1cad6de-8e1d-4536-bd33-1555e8ed874b a832b56c-6e63-4d89-8105-8c2f37732dee 64507 -38 37 0.010592937469482422
b1cad6de-8e1d-4536-bd33-1555e8ed874b a832b56c-6e63-4d89-8105-8c2f37732dee 64507 6 52 0.010149717330932617
b1cad6de-8e1d-4536-bd33-1555e8ed874b a832b56c-6e63-4d89-8105-8c2f37732dee 64507 108 37 0.009877204895019531
b1cad6de-8e1d-4536-bd33-1555e8ed874b a832b56c-6e63-4d89-8105-8c2f37732dee 64507 -35 57 0.009706735610961914
b1cad6de-8e1d-4536-bd33-1555e8ed874b a832b56c-6e63-4d89-8105-8c2f37732dee 64507 11 24 0.00949406623840332
b1cad6de-8e1d-4536-bd33-1555e8ed874b a832b56c-6e63-4d89-8105-8c2f37732dee 64507 -79 49 0.009285926818847656
b1cad6de-8e1d-4536-bd33-1555e8ed874b a832b56c-6e63-4d89-8105-8c2f37732dee 64507 92 29 0.008997440338134766
b1cad6de-8e1d-4536-bd33-1555e8ed874b a832b56c-6e63-4d89-8105-8c2f37732dee 64507 2 24 0.008340835571289062
b1cad6de-8e1d-4536-bd33-1555e8ed874b a832b56c-6e63-4d89-8105-8c2f37732dee 64507 -17 35 0.008058786392211914
b1cad6de-8e1d-4536-bd33-1555e8ed874b a832b56c-6e63-4d89-8105-8c2f37732dee 64507 -4 32 0.007879972457885742
b1cad6de-8e1d-4536-bd33-1555e8ed874b a832b56c-6e63-4d89-8105-8c2f37732dee 64507 -29 24 0.00725102424621582
b1cad6de-8e1d-4536-bd33-1555e8ed874b a832b56c-6e63-4d89-8105-8c2f37732dee 64507 112 14 0.0070612430572509766
b1cad6de-8e1d-4536-bd33-1555e8ed874b a832b56c-6e63-4d89-8105-8c2f37732dee 64507 -4 43 0.0068111419677734375
b1cad6de-8e1d-4536-bd33-1555e8ed874b a832b56c-6e63-4d89-8105-8c2f37732dee 64507 -66 36 0.0065460205078125
