8a8dc682-bf35-4def-b58d-87f1206c6e0b f990028f-9bae-49f3-89c7-2306a7c04667 92426 39 25 0.0010285377502441406
8a8dc682-bf35-4def-b58d-87f1206c6e0b f990028f-9bae-49f3-89c7-2306a7c04667 92426 9 15 0.0010726451873779297
8a8dc682-bf35-4def-b58d-87f1206c6e0b f990028f-9bae-49f3-89c7-2306a7c04667 92426 74 51 0.0008394718170166016
8a8dc682-bf35-4def-b58d-87f1206c6e0b f990028f-9bae-49f3-89c7-2306a7c04667 92426 -7 22 0.0008754730224609375
8a8dc682-bf35-4def-b58d-87f1206c6e0b f990028f-9bae-49f3-89c7-2306a7c04667 92426 107 41 0.0007836818695068359
8a8dc682-bf35-4def-b58d-87f1206c6e0b f990028f-9bae-49f3-89c7-2306a7c04667 92426 103 18 0.0006270408630371094
8a8dc682-bf35-4def-b58d-87f1206c6e0b f990028f-9bae-49f3-89c7-2306a7c04667 92426 68 11 0.0007073879241943359
8a8dc682-bf35-4def-b58d-87f1206c6e0b f990028f-9bae-49f3-89c7-2306a7c04667 92426 -48 16 0.0008428096771240234
8a8dc682-bf35-4def-b58d-87f1206c6e0b f990028f-9bae-49f3-89c7-2306a7c04667 92426 88 26 0.002740144729614258
8a8dc682-bf35-4def-b58d-87f1206c6e0b f990028f-9bae-49f3-89c7-2306a7c04667 92426 106 27 0.0025177001953125
8a8dc682-bf35-4def-b58d-87f1206c6e0b f990028f-9bae-49f3-89c7-2306a7c04667 92426 -30 54 0.001332998275756836
8a8dc682-bf35-4def-b58d-87f1206c6e0b f990028f-9bae-49f3-89c7-2306a7c04667 92426 93 38 0.0010156631469726562
8a8dc682-bf35-4def-b58d-87f1206c6e0b f990028f-9bae-49f3-89c7-2306a7c04667 92426 -20 46 0.0007636547088623047
8a8dc682-bf35-4def-b58d-87f1206c6e0b f990028f-9bae-49f3-89c7-2306a7c04667 92426 -43 42 0.0005350112915039062
8a8dc682-bf35-4def-b58d-87f1206c6e0b f990028f-9bae-49f3-89c7-2306a7c04667 92426 9 29 0.0008747577667236328
8a8dc682-bf35-4def-b58d-87f1206c6e0b f990028f-9bae-49f3-89c7-2306a7c04667 92426 -24 40 0.0005555152893066406
8a8dc682-bf35-4def-b58d-87f1206c6e0b f990028f-9bae-49f3-89c7-2306a7c04667 92426 68 15 0.0008676052093505859
8a8dc682-bf35-4def-b58d-87f1206c6e0b f990028f-9bae-49f3-89c7-2306a7c04667 92426 40 17 0.0006365776062011719
8a8dc682-bf35-4def-b58d-87f1206c6e0b f990028f-9bae-49f3-89c7-2306a7c04667 92426 -55 51 0.00047135353088378906
8a8dc682-bf35-4def-b58d-87f1206c6e0b f990028f-9bae-49f3-89c7-2306a7c04667 92426 -49 23 0.0005464553833007812
8a8dc682-bf35-4def-b58d-87f1206c6e0b f990028f-9bae-49f3-89c7-2306a7c04667 92426 -78 23 0.00042819976806640625
8a8dc682-bf35-4def-b58d-87f1206c6e0b f990028f-9bae-49f3-89c7-2306a7c04667 92426 79 37 0.001180887222290039
8a8dc682-bf35-4def-b58d-87f1206c6e0b f990028f-9bae-49f3-89c7-2306a7c04667 92426 23 26 0.0009336471557617188
8a8dc682-bf35-4def-b58d-87f1206c6e0b f990028f-9bae-49f3-89c7-2306a7c04667 92426 -42 26 0.0007741451263427734
8a8dc682-bf35-4def-b58d-87f1206c6e0b f990028f-9bae-49f3-89c7-2306a7c04667 92426 -6 53 0.0006244182586669922
8a8dc682-bf35-4def-b58d-87f1206c6e0b f990028f-9bae-49f3-89c7-2306a7c04667 92426 5 23 0.00046944618225097656
8a8dc682-bf35-4def-b58d-87f1206c6e0b f990028f-9bae-49f3-89c7-2306a7c04667 92426 49 33 0.0006444454193115234
8a8dc682-bf35-4def-b58d-87f1206c6e0b f990028f-9bae-49f3-89c7-2306a7c04667 92426 58 34 0.000720977783203125
8a8dc682-bf35-4def-b58d-87f1206c6e0b f990028f-9bae-49f3-89c7-2306a7c04667 92426 2 14 0.0005652904510498047
8a8dc682-bf35-4def-b58d-87f1206c6e0b f990028f-9bae-49f3-89c7-2306a7c04667 92426 90 21 0.0006759166717529297
8a8dc682-bf35-4def-b58d-87f1206c6e0b f990028f-9bae-49f3-89c7-2306a7c04667 92426 88 20 0.0008192062377929688
8a8dc682-bf35-4def-b58d-87f1206c6e0b f990028f-9bae-49f3-89c7-2306a7c04667 92426 94 41 0.0006504058837890625
8a8dc682-bf35-4def-b58d-87f1206c6e0b f990028f-9bae-49f3-89c7-2306a7c04667 92426 -61 36 0.003393888473510742
8a8dc682-bf35-4def-b58d-87f1206c6e0b f990028f-9bae-49f3-89c7-2306a7c04667 92426 60 45 0.003232717514038086
8a8dc682-bf35-4def-b58d-87f1206c6e0b f990028f-9bae-49f3-89c7-2306a7c04667 92426 39 31 0.0006480216979980469
8a8dc682-bf35-4def-b58d-87f1206c6e0b f990028f-9bae-49f3-89c7-2306a7c04667 92426 19 40 0.000820159912109375
8a8dc682-bf35-4def-b58d-87f1206c6e0b f990028f-9bae-49f3-89c7-2306a7c04667 92426 -30 27 0.0008857250213623047
8a8dc682-bf35-4def-b58d-87f1206c6e0b f990028f-9bae-49f3-89c7-2306a7c04667 92426 -61 37 0.0006947517395019531
8a8dc682-bf35-4def-b58d-87f1206c6e0b f990028f-9bae-49f3-89c7-2306a7c04667 92426 88 20 0.0012650489807128906
8a8dc682-bf35-4def-b58d-87f1206c6e0b f990028f-9bae-49f3-89c7-2306a7c04667 92426 86 27 0.0008740425109863281
8a8dc682-bf35-4def-b58d-87f1206c6e0b f990028f-9bae-49f3-89c7-2306a7c04667 92426 -61 53 0.0006742477416992188
8a8dc682-bf35-4def-b58d-87f1206c6e0b f990028f-9bae-49f3-89c7-2306a7c04667 92426 -11 48 0.0014736652374267578
8a8dc682-bf35-4def-b58d-87f1206c6e0b f990028f-9bae-49f3-89c7-2306a7c04667 92426 94 30 0.0009918212890625
8a8dc682-bf35-4def-b58d-87f1206c6e0b f990028f-9bae-49f3-89c7-2306a7c04667 92426 -38 58 0.0014872550964355469
8a8dc682-bf35-4def-b58d-87f1206c6e0b f990028f-9bae-49f3-89c7-2306a7c04667 92426 -6 22 0.0012450218200683594
8a8dc682-bf35-4def-b58d-87f1206c6e0b f990028f-9bae-49f3-89c7-2306a7c04667 92426 86 42 0.0014142990112304688
8a8dc682-bf35-4def-b58d-87f1206c6e0b f990028f-9bae-49f3-89c7-2306a7c04667 92426 114 11 0.0017192363739013672
8a8dc682-bf35-4def-b58d-87f1206c6e0b f990028f-9bae-49f3-89c7-2306a7c04667 92426 7 37 0.0016353130340576172
8a8dc682-bf35-4def-b58d-87f1206c6e0b f990028f-9bae-49f3-89c7-2306a7c04667 92426 32 52 0.0013937950134277344
8a8dc682-bf35-4def-b58d-87f1206c6e0b f990028f-9bae-49f3-89c7-2306a7c04667 92426 38 12 0.0019714832305908203
8a8dc682-bf35-4def-b58d-87f1206c6e0b f990028f-9bae-49f3-89c7-2306a7c04667 92426 -32 30 0.0016787052154541016
8a8dc682-bf35-4def-b58d-87f1206c6e0b f990028f-9bae-49f3-89c7-2306a7c04667 92426 70 32 0.0014643669128417969
8a8dc682-bf35-4def-b58d-87f1206c6e0b f990028f-9bae-49f3-89c7-2306a7c04667 92426 0 23 0.001299142837524414
8a8dc682-bf35-4def-b58d-87f1206c6e0b f990028f-9bae-49f3-89c7-2306a7c04667 92426 97 25 0.0013079643249511719
8a8dc682-bf35-4def-b58d-87f1206c6e0b f990028f-9bae-49f3-89c7-2306a7c04667 92426 92 46 0.0007398128509521484
8a8dc682-bf35-4def-b58d-87f1206c6e0b f990028f-9bae-49f3-89c7-2306a7c04667 92426 86 25 0.0008456707000732422
8a8dc682-bf35-4def-b58d-87f1206c6e0b f990028f-9bae-49f3-89c7-2306a7c04667 92426 -12 24 0.0013883113861083984
8a8dc682-bf35-4def-b58d-87f1206c6e0b f990028f-9bae-49f3-89c7-2306a7c04667 92426 31 33 0.0008831024169921875
8a8dc682-bf35-4def-b58d-87f1206c6e0b f990028f-9bae-49f3-89c7-2306a7c04667 92426 130 45 0.0045359134674072266
8a8dc682-bf35-4def-b58d-87f1206c6e0b f990028f-9bae-49f3-89c7-2306a7c04667 92426 -16 55 0.006203651428222656
8a8dc682-bf35-4def-b58d-87f1206c6e0b f990028f-9bae-49f3-89c7-2306a7c04667 92426 -25 39 0.012097597122192383
8a8dc682-bf35-4def-b58d-87f1206c6e0b f990028f-9bae-49f3-89c7-2306a7c04667 92426 -41 10 0.01147150993347168
8a8dc682-bf35-4def-b58d-87f1206c6e0b f990028f-9bae-49f3-89c7-2306a7c04667 92426 9 30 0.010534048080444336
8a8dc682-bf35-4def-b58d-87f1206c6e0b f990028f-9bae-49f3-89c7-2306a7c04667 92426 -46 34 0.009464025497436523
8a8dc682-bf35-4def-b58d-87f1206c6e0b f990028f-9bae-49f3-89c7-2306a7c04667 92426 -19 35 0.00936579704284668
8a8dc682-bf35-4def-b58d-87f1206c6e0b f990028f-9bae-49f3-89c7-2306a7c04667 92426 -21 47 0.008765935897827148
8a8dc682-bf35-4def-b58d-87f1206c6e0b f990028f-9bae-49f3-89c7-2306a7c04667 92426 28 58 0.008159637451171875
8a8dc682-bf35-4def-b58d-87f1206c6e0b f990028f-9bae-49f3-89c7-2306a7c04667 92426 102 50 0.006989717483520508
8a8dc682-bf35-4def-b58d-87f1206c6e0b f990028f-9bae-49f3-89c7-2306a7c04667 92426 121 42 0.00605320930480957
8a8dc682-bf35-4def-b58d-87f1206c6e0b f990028f-9bae-49f3-89c7-2306a7c04667 92426 65 13 0.005432605743408203
8a8dc682-bf35-4def-b58d-87f1206c6e0b f990028f-9bae-49f3-89c7-2306a7c04667 92426 97 56 0.0030548572540283203
8a8dc682-bf35-4def-b58d-87f1206c6e0b f990028f-9bae-49f3-89c7-2306a7c04667 92426 109 19 0.001971721649169922
8a8dc682-bf35-4def-b58d-87f1206c6e0b f990028f-9bae-49f3-89c7-2306a7c04667 92426 80 22 0.0061779022216796875
8a8dc682-bf35-4def-b58d-87f1206c6e0b f990028f-9bae-49f3-89c7-2306a7c04667 92426 126 40 0.006030559539794922
8a8dc682-bf35-4def-b58d-87f1206c6e0b f990028f-9bae-49f3-89c7-2306a7c04667 92426 100 38 0.0016973018646240234
8a8dc682-bf35-4def-b58d-87f1206c6e0b f990028f-9bae-49f3-89c7-2306a7c04667 92426 -79 45 0.0013904571533203125
8a8dc682-bf35-4def-b58d-87f1206c6e0b f990028f-9bae-49f3-89c7-2306a7c04667 92426 39 15 0.0019876956939697266
8a8dc682-bf35-4def-b58d-87f1206c6e0b f990028f-9bae-49f3-89c7-2306a7c04667 92426 47 12 0.0009031295776367188
8a8dc682-bf35-4def-b58d-87f1206c6e0b f990028f-9bae-49f3-89c7-2306a7c04667 92426 59 27 0.0017352104187011719
8a8dc682-bf35-4def-b58d-87f1206c6e0b f990028f-9bae-49f3-89c7-2306a7c04667 92426 42 34 0.0007922649383544922
8a8dc682-bf35-4def-b58d-87f1206c6e0b f990028f-9bae-49f3-89c7-2306a7c04667 92426 -1 18 0.0015749931335449219
8a8dc682-bf35-4def-b58d-87f1206c6e0b f990028f-9bae-49f3-89c7-2306a7c04667 92426 65 33 0.0018062591552734375
8a8dc682-bf35-4def-b58d-87f1206c6e0b f990028f-9bae-49f3-89c7-2306a7c04667 92426 -54 27 0.0012614727020263672
8a8dc682-bf35-4def-b58d-87f1206c6e0b f990028f-9bae-49f3-89c7-2306a7c04667 92426 5 35 0.0009491443634033203
8a8dc682-bf35-4def-b58d-87f1206c6e0b f990028f-9bae-49f3-89c7-2306a7c04667 92426 -3 52 0.0012433528900146484
8a8dc682-bf35-4def-b58d-87f1206c6e0b f990028f-9bae-49f3-89c7-2306a7c04667 92426 15 38 0.0007419586181640625
8a8dc682-bf35-4def-b58d-87f1206c6e0b f990028f-9bae-49f3-89c7-2306a7c04667 92426 -11 32 0.0015223026275634766
8a8dc682-bf35-4def-b58d-87f1206c6e0b f990028f-9bae-49f3-89c7-2306a7c04667 92426 -76 37 0.0014190673828125
8a8dc682-bf35-4def-b58d-87f1206c6e0b f990028f-9bae-49f3-89c7-2306a7c04667 92426 9 18 0.0011913776397705078
8a8dc682-bf35-4def-b58d-87f1206c6e0b f990028f-9bae-49f3-89c7-2306a7c04667 92426 26 31 0.0010478496551513672
8a8dc682-bf35-4def-b58d-87f1206c6e0b f990028f-9bae-49f3-89c7-2306a7c04667 92426 41 38 0.002248525619506836
8a8dc682-bf35-4def-b58d-87f1206c6e0b f990028f-9bae-49f3-89c7-2306a7c04667 92426 -40 38 0.0019190311431884766
8a8dc682-bf35-4def-b58d-87f1206c6e0b f990028f-9bae-49f3-89c7-2306a7c04667 92426 104 17 0.0012388229370117188
8a8dc682-bf35-4def-b58d-87f1206c6e0b f990028f-9bae-49f3-89c7-2306a7c04667 92426 132 40 0.0008130073547363281
8a8dc682-bf35-4def-b58d-87f1206c6e0b f990028f-9bae-49f3-89c7-2306a7c04667 92426 125 41 0.0011515617370605469
8a8dc682-bf35-4def-b58d-87f1206c6e0b f990028f-9bae-49f3-89c7-2306a7c04667 92426 92 46 0.0011494159698486328
8a8dc682-bf35-4def-b58d-87f1206c6e0b f990028f-9bae-49f3-89c7-2306a7c04667 92426 18 18 0.0007843971252441406
8a8dc682-bf35-4def-b58d-87f1206c6e0b f990028f-9bae-49f3-89c7-2306a7c04667 92426 35 43 0.0009431838989257812
8a8dc682-bf35-4def-b58d-87f1206c6e0b f990028f-9bae-49f3-89c7-2306a7c04667 92426 47 58 0.0008482933044433594
8a8dc682-bf35-4def-b58d-87f1206c6e0b f990028f-9bae-49f3-89c7-2306a7c04667 92426 42 54 0.0012848377227783203
7a63e020-e386-4d53-958b-3657c6c20274 b5631629-8bd0-46ba-bd91-61433b072b53 72164 125 37 0.002181529998779297
7a63e020-e386-4d53-958b-3657c6c20274 b5631629-8bd0-46ba-bd91-61433b072b53 72164 110 52 0.0014677047729492188
7a63e020-e386-4d53-958b-3657c6c20274 b5631629-8bd0-46ba-bd91-61433b072b53 72164 -32 29 0.0007715225219726562
7a63e020-e386-4d53-958b-3657c6c20274 b5631629-8bd0-46ba-bd91-61433b072b53 72164 -4 30 0.0018892288208007812
7a63e020-e386-4d53-958b-3657c6c20274 b5631629-8bd0-46ba-bd91-61433b072b53 72164 5 52 0.0003135204315185547
085a21e3-72e9-4b02-9325-64f1ba5d218c 205ecce7-7455-42a0-968d-024c5ed6882f 54846 40 20 0.0012962818145751953
085a21e3-72e9-4b02-9325-64f1ba5d218c 205ecce7-7455-42a0-968d-024c5ed6882f 54846 71 55 0.0009176731109619141
7a63e020-e386-4d53-958b-3657c6c20274 b5631629-8bd0-46ba-bd91-61433b072b53 72164 73 55 0.0006747245788574219
085a21e3-72e9-4b02-9325-64f1ba5d218c 205ecce7-7455-42a0-968d-024c5ed6882f 54846 29 10 0.0011692047119140625
7a63e020-e386-4d53-958b-3657c6c20274 b5631629-8bd0-46ba-bd91-61433b072b53 72164 131 16 0.0009279251098632812
085a21e3-72e9-4b02-9325-64f1ba5d218c 205ecce7-7455-42a0-968d-024c5ed6882f 54846 103 58 0.0011358261108398438
085a21e3-72e9-4b02-9325-64f1ba5d218c 205ecce7-7455-42a0-968d-024c5ed6882f 54846 95 27 0.000988006591796875
7a63e020-e386-4d53-958b-3657c6c20274 b5631629-8bd0-46ba-bd91-61433b072b53 72164 93 53 0.00109100341796875
085a21e3-72e9-4b02-9325-64f1ba5d218c 205ecce7-7455-42a0-968d-024c5ed6882f 54846 25 19 0.002765178680419922
085a21e3-72e9-4b02-9325-64f1ba5d218c 205ecce7-7455-42a0-968d-024c5ed6882f 54846 109 55 0.0020432472229003906
085a21e3-72e9-4b02-9325-64f1ba5d218c 205ecce7-7455-42a0-968d-024c5ed6882f 54846 109 50 0.0018963813781738281
085a21e3-72e9-4b02-9325-64f1ba5d218c 205ecce7-7455-42a0-968d-024c5ed6882f 54846 114 48 0.0016968250274658203
085a21e3-72e9-4b02-9325-64f1ba5d218c 205ecce7-7455-42a0-968d-024c5ed6882f 54846 -10 11 0.001463174819946289
085a21e3-72e9-4b02-9325-64f1ba5d218c 205ecce7-7455-42a0-968d-024c5ed6882f 54846 97 13 0.0009181499481201172
085a21e3-72e9-4b02-9325-64f1ba5d218c 205ecce7-7455-42a0-968d-024c5ed6882f 54846 114 38 0.0017445087432861328
085a21e3-72e9-4b02-9325-64f1ba5d218c 205ecce7-7455-42a0-968d-024c5ed6882f 54846 -18 41 0.0013856887817382812
085a21e3-72e9-4b02-9325-64f1ba5d218c 205ecce7-7455-42a0-968d-024c5ed6882f 54846 33 19 0.00099945068359375
085a21e3-72e9-4b02-9325-64f1ba5d218c 205ecce7-7455-42a0-968d-024c5ed6882f 54846 -33 50 0.0010373592376708984
085a21e3-72e9-4b02-9325-64f1ba5d218c 205ecce7-7455-42a0-968d-024c5ed6882f 54846 62 20 0.0006399154663085938
7a63e020-e386-4d53-958b-3657c6c20274 b5631629-8bd0-46ba-bd91-61433b072b53 72164 -66 13 0.0006470680236816406
085a21e3-72e9-4b02-9325-64f1ba5d218c 205ecce7-7455-42a0-968d-024c5ed6882f 54846 29 50 0.0013544559478759766
7a63e020-e386-4d53-958b-3657c6c20274 b5631629-8bd0-46ba-bd91-61433b072b53 72164 104 43 0.0007593631744384766
085a21e3-72e9-4b02-9325-64f1ba5d218c 205ecce7-7455-42a0-968d-024c5ed6882f 54846 96 56 0.0016808509826660156
7a63e020-e386-4d53-958b-3657c6c20274 b5631629-8bd0-46ba-bd91-61433b072b53 72164 -45 17 0.0010709762573242188
7a63e020-e386-4d53-958b-3657c6c20274 b5631629-8bd0-46ba-bd91-61433b072b53 72164 -76 23 0.0009312629699707031
085a21e3-72e9-4b02-9325-64f1ba5d218c 205ecce7-7455-42a0-968d-024c5ed6882f 54846 -68 42 0.0031371116638183594
085a21e3-72e9-4b02-9325-64f1ba5d218c 205ecce7-7455-42a0-968d-024c5ed6882f 54846 87 27 0.002792835235595703
085a21e3-72e9-4b02-9325-64f1ba5d218c 205ecce7-7455-42a0-968d-024c5ed6882f 54846 4 40 0.0024979114532470703
085a21e3-72e9-4b02-9325-64f1ba5d218c 205ecce7-7455-42a0-968d-024c5ed6882f 54846 10 49 0.0019593238830566406
7a63e020-e386-4d53-958b-3657c6c20274 b5631629-8bd0-46ba-bd91-61433b072b53 72164 -62 12 0.0011806488037109375
085a21e3-72e9-4b02-9325-64f1ba5d218c 205ecce7-7455-42a0-968d-024c5ed6882f 54846 16 28 0.001798868179321289
085a21e3-72e9-4b02-9325-64f1ba5d218c 205ecce7-7455-42a0-968d-024c5ed6882f 54846 -26 15 0.0011298656463623047
7a63e020-e386-4d53-958b-3657c6c20274 b5631629-8bd0-46ba-bd91-61433b072b53 72164 91 50 0.0008895397186279297
085a21e3-72e9-4b02-9325-64f1ba5d218c 205ecce7-7455-42a0-968d-024c5ed6882f 54846 40 12 0.0015363693237304688
7a63e020-e386-4d53-958b-3657c6c20274 b5631629-8bd0-46ba-bd91-61433b072b53 72164 85 51 0.0004782676696777344
085a21e3-72e9-4b02-9325-64f1ba5d218c 205ecce7-7455-42a0-968d-024c5ed6882f 54846 93 54 0.0009145736694335938
085a21e3-72e9-4b02-9325-64f1ba5d218c 205ecce7-7455-42a0-968d-024c5ed6882f 54846 129 18 0.0017287731170654297
7a63e020-e386-4d53-958b-3657c6c20274 b5631629-8bd0-46ba-bd91-61433b072b53 72164 107 37 0.00084686279296875
085a21e3-72e9-4b02-9325-64f1ba5d218c 205ecce7-7455-42a0-968d-024c5ed6882f 54846 107 22 0.0009062290191650391
085a21e3-72e9-4b02-9325-64f1ba5d218c 205ecce7-7455-42a0-968d-024c5ed6882f 54846 52 26 0.0006535053253173828
7a63e020-e386-4d53-958b-3657c6c20274 b5631629-8bd0-46ba-bd91-61433b072b53 72164 25 48 0.0008230209350585938
085a21e3-72e9-4b02-9325-64f1ba5d218c 205ecce7-7455-42a0-968d-024c5ed6882f 54846 42 40 0.001659393310546875
085a21e3-72e9-4b02-9325-64f1ba5d218c 205ecce7-7455-42a0-968d-024c5ed6882f 54846 -27 27 0.001306772232055664
7a63e020-e386-4d53-958b-3657c6c20274 b5631629-8bd0-46ba-bd91-61433b072b53 72164 -27 55 0.0009608268737792969
085a21e3-72e9-4b02-9325-64f1ba5d218c 205ecce7-7455-42a0-968d-024c5ed6882f 54846 40 42 0.0010666847229003906
7a63e020-e386-4d53-958b-3657c6c20274 b5631629-8bd0-46ba-bd91-61433b072b53 72164 8 46 0.0013492107391357422
085a21e3-72e9-4b02-9325-64f1ba5d218c 205ecce7-7455-42a0-968d-024c5ed6882f 54846 12 29 0.001556396484375
7a63e020-e386-4d53-958b-3657c6c20274 b5631629-8bd0-46ba-bd91-61433b072b53 72164 29 44 0.0010266304016113281
7a63e020-e386-4d53-958b-3657c6c20274 b5631629-8bd0-46ba-bd91-61433b072b53 72164 -78 45 0.00032901763916015625
085a21e3-72e9-4b02-9325-64f1ba5d218c 205ecce7-7455-42a0-968d-024c5ed6882f 54846 21 30 0.002713441848754883
085a21e3-72e9-4b02-9325-64f1ba5d218c 205ecce7-7455-42a0-968d-024c5ed6882f 54846 -71 57 0.0022077560424804688
085a21e3-72e9-4b02-9325-64f1ba5d218c 205ecce7-7455-42a0-968d-024c5ed6882f 54846 -47 39 0.0020477771759033203
085a21e3-72e9-4b02-9325-64f1ba5d218c 205ecce7-7455-42a0-968d-024c5ed6882f 54846 -13 16 0.0017075538635253906
085a21e3-72e9-4b02-9325-64f1ba5d218c 205ecce7-7455-42a0-968d-024c5ed6882f 54846 127 38 0.0012519359588623047
085a21e3-72e9-4b02-9325-64f1ba5d218c 205ecce7-7455-42a0-968d-024c5ed6882f 54846 22 49 0.0009174346923828125
7a63e020-e386-4d53-958b-3657c6c20274 b5631629-8bd0-46ba-bd91-61433b072b53 72164 -47 54 0.0006077289581298828
7a63e020-e386-4d53-958b-3657c6c20274 b5631629-8bd0-46ba-bd91-61433b072b53 72164 95 12 0.0013704299926757812
085a21e3-72e9-4b02-9325-64f1ba5d218c 205ecce7-7455-42a0-968d-024c5ed6882f 54846 134 23 0.0005173683166503906
085a21e3-72e9-4b02-9325-64f1ba5d218c 205ecce7-7455-42a0-968d-024c5ed6882f 54846 10 48 0.0018610954284667969
7a63e020-e386-4d53-958b-3657c6c20274 b5631629-8bd0-46ba-bd91-61433b072b53 72164 13 43 0.0006089210510253906
085a21e3-72e9-4b02-9325-64f1ba5d218c 205ecce7-7455-42a0-968d-024c5ed6882f 54846 -17 26 0.001844167709350586
085a21e3-72e9-4b02-9325-64f1ba5d218c 205ecce7-7455-42a0-968d-024c5ed6882f 54846 124 27 0.0017614364624023438
085a21e3-72e9-4b02-9325-64f1ba5d218c 205ecce7-7455-42a0-968d-024c5ed6882f 54846 69 30 0.001436471939086914
085a21e3-72e9-4b02-9325-64f1ba5d218c 205ecce7-7455-42a0-968d-024c5ed6882f 54846 74 12 0.0008935928344726562
085a21e3-72e9-4b02-9325-64f1ba5d218c 205ecce7-7455-42a0-968d-024c5ed6882f 54846 106 29 0.001486063003540039
7a63e020-e386-4d53-958b-3657c6c20274 b5631629-8bd0-46ba-bd91-61433b072b53 72164 115 35 0.0043792724609375
7a63e020-e386-4d53-958b-3657c6c20274 b5631629-8bd0-46ba-bd91-61433b072b53 72164 -51 23 0.004265546798706055
7a63e020-e386-4d53-958b-3657c6c20274 b5631629-8bd0-46ba-bd91-61433b072b53 72164 50 23 0.0008218288421630859
085a21e3-72e9-4b02-9325-64f1ba5d218c 205ecce7-7455-42a0-968d-024c5ed6882f 54846 27 26 0.0057125091552734375
7a63e020-e386-4d53-958b-3657c6c20274 b5631629-8bd0-46ba-bd91-61433b072b53 72164 58 31 0.0007581710815429688
085a21e3-72e9-4b02-9325-64f1ba5d218c 205ecce7-7455-42a0-968d-024c5ed6882f 54846 130 45 0.0055391788482666016
085a21e3-72e9-4b02-9325-64f1ba5d218c 205ecce7-7455-42a0-968d-024c5ed6882f 54846 -44 51 0.005873441696166992
085a21e3-72e9-4b02-9325-64f1ba5d218c 205ecce7-7455-42a0-968d-024c5ed6882f 54846 -18 32 0.005422353744506836
7a63e020-e386-4d53-958b-3657c6c20274 b5631629-8bd0-46ba-bd91-61433b072b53 72164 115 50 0.00042557716369628906
7a63e020-e386-4d53-958b-3657c6c20274 b5631629-8bd0-46ba-bd91-61433b072b53 72164 79 30 0.0004870891571044922
7a63e020-e386-4d53-958b-3657c6c20274 b5631629-8bd0-46ba-bd91-61433b072b53 72164 27 49 0.0019237995147705078
085a21e3-72e9-4b02-9325-64f1ba5d218c 205ecce7-7455-42a0-968d-024c5ed6882f 54846 104 46 0.004817008972167969
7a63e020-e386-4d53-958b-3657c6c20274 b5631629-8bd0-46ba-bd91-61433b072b53 72164 -55 37 0.0009636878967285156
7a63e020-e386-4d53-958b-3657c6c20274 b5631629-8bd0-46ba-bd91-61433b072b53 72164 -44 11 0.0006468296051025391
085a21e3-72e9-4b02-9325-64f1ba5d218c 205ecce7-7455-42a0-968d-024c5ed6882f 54846 29 48 0.007505178451538086
085a21e3-72e9-4b02-9325-64f1ba5d218c 205ecce7-7455-42a0-968d-024c5ed6882f 54846 93 14 0.007147789001464844
085a21e3-72e9-4b02-9325-64f1ba5d218c 205ecce7-7455-42a0-968d-024c5ed6882f 54846 -27 32 0.006939411163330078
085a21e3-72e9-4b02-9325-64f1ba5d218c 205ecce7-7455-42a0-968d-024c5ed6882f 54846 85 35 0.0067865848541259766
085a21e3-72e9-4b02-9325-64f1ba5d218c 205ecce7-7455-42a0-968d-024c5ed6882f 54846 82 54 0.00644373893737793
085a21e3-72e9-4b02-9325-64f1ba5d218c 205ecce7-7455-42a0-968d-024c5ed6882f 54846 -72 15 0.0060269832611083984
085a21e3-72e9-4b02-9325-64f1ba5d218c 205ecce7-7455-42a0-968d-024c5ed6882f 54846 38 57 0.005532026290893555
085a21e3-72e9-4b02-9325-64f1ba5d218c 205ecce7-7455-42a0-968d-024c5ed6882f 54846 77 58 0.003758668899536133
7a63e020-e386-4d53-958b-3657c6c20274 b5631629-8bd0-46ba-bd91-61433b072b53 72164 27 28 0.0006701946258544922
085a21e3-72e9-4b02-9325-64f1ba5d218c 205ecce7-7455-42a0-968d-024c5ed6882f 54846 -42 52 0.003573179244995117
7a63e020-e386-4d53-958b-3657c6c20274 b5631629-8bd0-46ba-bd91-61433b072b53 72164 94 29 0.0009410381317138672
7a63e020-e386-4d53-958b-3657c6c20274 b5631629-8bd0-46ba-bd91-61433b072b53 72164 -5 52 0.0004971027374267578
085a21e3-72e9-4b02-9325-64f1ba5d218c 205ecce7-7455-42a0-968d-024c5ed6882f 54846 55 27 0.005256175994873047
085a21e3-72e9-4b02-9325-64f1ba5d218c 205ecce7-7455-42a0-968d-024c5ed6882f 54846 27 47 0.00502777099609375
085a21e3-72e9-4b02-9325-64f1ba5d218c 205ecce7-7455-42a0-968d-024c5ed6882f 54846 -21 12 0.003551959991455078
085a21e3-72e9-4b02-9325-64f1ba5d218c 205ecce7-7455-42a0-968d-024c5ed6882f 54846 0 27 0.0032873153686523438
085a21e3-72e9-4b02-9325-64f1ba5d218c 205ecce7-7455-42a0-968d-024c5ed6882f 54846 77 52 0.003763437271118164
085a21e3-72e9-4b02-9325-64f1ba5d218c 205ecce7-7455-42a0-968d-024c5ed6882f 54846 -12 51 0.0035026073455810547
085a21e3-72e9-4b02-9325-64f1ba5d218c 205ecce7-7455-42a0-968d-024c5ed6882f 54846 18 41 0.003988027572631836
7a63e020-e386-4d53-958b-3657c6c20274 b5631629-8bd0-46ba-bd91-61433b072b53 72164 -21 47 0.0019567012786865234
7a63e020-e386-4d53-958b-3657c6c20274 b5631629-8bd0-46ba-bd91-61433b072b53 72164 -46 26 0.0004734992980957031
7a63e020-e386-4d53-958b-3657c6c20274 b5631629-8bd0-46ba-bd91-61433b072b53 72164 12 53 0.0017499923706054688
7a63e020-e386-4d53-958b-3657c6c20274 b5631629-8bd0-46ba-bd91-61433b072b53 72164 0 23 0.0009033679962158203
085a21e3-72e9-4b02-9325-64f1ba5d218c 205ecce7-7455-42a0-968d-024c5ed6882f 54846 90 16 0.006535768508911133
7a63e020-e386-4d53-958b-3657c6c20274 b5631629-8bd0-46ba-bd91-61433b072b53 72164 -1 32 0.0022292137145996094
085a21e3-72e9-4b02-9325-64f1ba5d218c 205ecce7-7455-42a0-968d-024c5ed6882f 54846 -23 30 0.007809638977050781
085a21e3-72e9-4b02-9325-64f1ba5d218c 205ecce7-7455-42a0-968d-024c5ed6882f 54846 29 47 0.007125139236450195
7a63e020-e386-4d53-958b-3657c6c20274 b5631629-8bd0-46ba-bd91-61433b072b53 72164 -1 42 0.001428365707397461
7a63e020-e386-4d53-958b-3657c6c20274 b5631629-8bd0-46ba-bd91-61433b072b53 72164 112 43 0.0013353824615478516
7a63e020-e386-4d53-958b-3657c6c20274 b5631629-8bd0-46ba-bd91-61433b072b53 72164 87 22 0.0007700920104980469
085a21e3-72e9-4b02-9325-64f1ba5d218c 205ecce7-7455-42a0-968d-024c5ed6882f 54846 40 33 0.007067203521728516
7a63e020-e386-4d53-958b-3657c6c20274 b5631629-8bd0-46ba-bd91-61433b072b53 72164 130 53 0.0023910999298095703
7a63e020-e386-4d53-958b-3657c6c20274 b5631629-8bd0-46ba-bd91-61433b072b53 72164 133 22 0.0019719600677490234
7a63e020-e386-4d53-958b-3657c6c20274 b5631629-8bd0-46ba-bd91-61433b072b53 72164 -4 40 0.0008804798126220703
085a21e3-72e9-4b02-9325-64f1ba5d218c 205ecce7-7455-42a0-968d-024c5ed6882f 54846 -55 53 0.009257793426513672
085a21e3-72e9-4b02-9325-64f1ba5d218c 205ecce7-7455-42a0-968d-024c5ed6882f 54846 73 45 0.009456396102905273
085a21e3-72e9-4b02-9325-64f1ba5d218c 205ecce7-7455-42a0-968d-024c5ed6882f 54846 31 50 0.00755620002746582
085a21e3-72e9-4b02-9325-64f1ba5d218c 205ecce7-7455-42a0-968d-024c5ed6882f 54846 4 57 0.006950855255126953
085a21e3-72e9-4b02-9325-64f1ba5d218c 205ecce7-7455-42a0-968d-024c5ed6882f 54846 126 12 0.006643772125244141
7a63e020-e386-4d53-958b-3657c6c20274 b5631629-8bd0-46ba-bd91-61433b072b53 72164 72 18 0.004266977310180664
7a63e020-e386-4d53-958b-3657c6c20274 b5631629-8bd0-46ba-bd91-61433b072b53 72164 57 10 0.003331899642944336
085a21e3-72e9-4b02-9325-64f1ba5d218c 205ecce7-7455-42a0-968d-024c5ed6882f 54846 80 58 0.007829904556274414
7a63e020-e386-4d53-958b-3657c6c20274 b5631629-8bd0-46ba-bd91-61433b072b53 72164 -21 43 0.0030488967895507812
7a63e020-e386-4d53-958b-3657c6c20274 b5631629-8bd0-46ba-bd91-61433b072b53 72164 1 54 0.002689838409423828
7a63e020-e386-4d53-958b-3657c6c20274 b5631629-8bd0-46ba-bd91-61433b072b53 72164 102 13 0.0022978782653808594
7a63e020-e386-4d53-958b-3657c6c20274 b5631629-8bd0-46ba-bd91-61433b072b53 72164 96 35 0.0019795894622802734
7a63e020-e386-4d53-958b-3657c6c20274 b5631629-8bd0-46ba-bd91-61433b072b53 72164 26 31 0.003571748733520508
7a63e020-e386-4d53-958b-3657c6c20274 b5631629-8bd0-46ba-bd91-61433b072b53 72164 -50 32 0.0017371177673339844
085a21e3-72e9-4b02-9325-64f1ba5d218c 205ecce7-7455-42a0-968d-024c5ed6882f 54846 70 24 0.007696866989135742
7a63e020-e386-4d53-958b-3657c6c20274 b5631629-8bd0-46ba-bd91-61433b072b53 72164 131 57 0.0019011497497558594
7a63e020-e386-4d53-958b-3657c6c20274 b5631629-8bd0-46ba-bd91-61433b072b53 72164 0 54 0.005118846893310547
7a63e020-e386-4d53-958b-3657c6c20274 b5631629-8bd0-46ba-bd91-61433b072b53 72164 -20 15 0.0046193599700927734
7a63e020-e386-4d53-958b-3657c6c20274 b5631629-8bd0-46ba-bd91-61433b072b53 72164 -69 16 0.0019273757934570312
085a21e3-72e9-4b02-9325-64f1ba5d218c 205ecce7-7455-42a0-968d-024c5ed6882f 54846 78 20 0.011301040649414062
085a21e3-72e9-4b02-9325-64f1ba5d218c 205ecce7-7455-42a0-968d-024c5ed6882f 54846 30 49 0.017182111740112305
085a21e3-72e9-4b02-9325-64f1ba5d218c 205ecce7-7455-42a0-968d-024c5ed6882f 54846 96 46 0.016002416610717773
085a21e3-72e9-4b02-9325-64f1ba5d218c 205ecce7-7455-42a0-968d-024c5ed6882f 54846 57 58 0.01222085952758789
085a21e3-72e9-4b02-9325-64f1ba5d218c 205ecce7-7455-42a0-968d-024c5ed6882f 54846 -56 26 0.009975194931030273
7a63e020-e386-4d53-958b-3657c6c20274 b5631629-8bd0-46ba-bd91-61433b072b53 72164 114 31 0.00514531135559082
7a63e020-e386-4d53-958b-3657c6c20274 b5631629-8bd0-46ba-bd91-61433b072b53 72164 13 26 0.0016829967498779297
7a63e020-e386-4d53-958b-3657c6c20274 b5631629-8bd0-46ba-bd91-61433b072b53 72164 -55 29 0.0020475387573242188
7a63e020-e386-4d53-958b-3657c6c20274 b5631629-8bd0-46ba-bd91-61433b072b53 72164 -59 32 0.0029299259185791016
7a63e020-e386-4d53-958b-3657c6c20274 b5631629-8bd0-46ba-bd91-61433b072b53 72164 64 28 0.0024178028106689453
085a21e3-72e9-4b02-9325-64f1ba5d218c 205ecce7-7455-42a0-968d-024c5ed6882f 54846 87 33 0.008231878280639648
085a21e3-72e9-4b02-9325-64f1ba5d218c 205ecce7-7455-42a0-968d-024c5ed6882f 54846 -51 55 0.01665806770324707
7a63e020-e386-4d53-958b-3657c6c20274 b5631629-8bd0-46ba-bd91-61433b072b53 72164 24 15 0.0018544197082519531
7a63e020-e386-4d53-958b-3657c6c20274 b5631629-8bd0-46ba-bd91-61433b072b53 72164 20 18 0.006604671478271484
7a63e020-e386-4d53-958b-3657c6c20274 b5631629-8bd0-46ba-bd91-61433b072b53 72164 9 19 0.006042003631591797
7a63e020-e386-4d53-958b-3657c6c20274 b5631629-8bd0-46ba-bd91-61433b072b53 72164 96 35 0.0040018558502197266
7a63e020-e386-4d53-958b-3657c6c20274 b5631629-8bd0-46ba-bd91-61433b072b53 72164 -71 43 0.002599000930786133
7a63e020-e386-4d53-958b-3657c6c20274 b5631629-8bd0-46ba-bd91-61433b072b53 72164 7 13 0.001180410385131836
7a63e020-e386-4d53-958b-3657c6c20274 b5631629-8bd0-46ba-bd91-61433b072b53 72164 16 30 0.004938602447509766
7a63e020-e386-4d53-958b-3657c6c20274 b5631629-8bd0-46ba-bd91-61433b072b53 72164 62 17 0.007103681564331055
7a63e020-e386-4d53-958b-3657c6c20274 b5631629-8bd0-46ba-bd91-61433b072b53 72164 -18 45 0.006350040435791016
7a63e020-e386-4d53-958b-3657c6c20274 b5631629-8bd0-46ba-bd91-61433b072b53 72164 96 34 0.004927396774291992
7a63e020-e386-4d53-958b-3657c6c20274 b5631629-8bd0-46ba-bd91-61433b072b53 72164 44 35 0.0019445419311523438
7a63e020-e386-4d53-958b-3657c6c20274 b5631629-8bd0-46ba-bd91-61433b072b53 72164 121 40 0.0016026496887207031
085a21e3-72e9-4b02-9325-64f1ba5d218c 205ecce7-7455-42a0-968d-024c5ed6882f 54846 114 47 0.027922630310058594
7a63e020-e386-4d53-958b-3657c6c20274 b5631629-8bd0-46ba-bd91-61433b072b53 72164 13 52 0.00115203857421875
085a21e3-72e9-4b02-9325-64f1ba5d218c 205ecce7-7455-42a0-968d-024c5ed6882f 54846 -25 26 0.036191463470458984
085a21e3-72e9-4b02-9325-64f1ba5d218c 205ecce7-7455-42a0-968d-024c5ed6882f 54846 26 28 0.035872459411621094
7a63e020-e386-4d53-958b-3657c6c20274 b5631629-8bd0-46ba-bd91-61433b072b53 72164 103 17 0.0015461444854736328
7a63e020-e386-4d53-958b-3657c6c20274 b5631629-8bd0-46ba-bd91-61433b072b53 72164 124 40 0.000993967056274414
085a21e3-72e9-4b02-9325-64f1ba5d218c 205ecce7-7455-42a0-968d-024c5ed6882f 54846 72 49 0.03502678871154785
085a21e3-72e9-4b02-9325-64f1ba5d218c 205ecce7-7455-42a0-968d-024c5ed6882f 54846 16 32 0.03677988052368164
085a21e3-72e9-4b02-9325-64f1ba5d218c 205ecce7-7455-42a0-968d-024c5ed6882f 54846 -12 45 0.03650259971618652
085a21e3-72e9-4b02-9325-64f1ba5d218c 205ecce7-7455-42a0-968d-024c5ed6882f 54846 124 17 0.03605937957763672
7a63e020-e386-4d53-958b-3657c6c20274 b5631629-8bd0-46ba-bd91-61433b072b53 72164 -9 34 0.0020132064819335938
085a21e3-72e9-4b02-9325-64f1ba5d218c 205ecce7-7455-42a0-968d-024c5ed6882f 54846 16 38 0.03763532638549805
7a63e020-e386-4d53-958b-3657c6c20274 b5631629-8bd0-46ba-bd91-61433b072b53 72164 22 46 0.001626729965209961
7a63e020-e386-4d53-958b-3657c6c20274 b5631629-8bd0-46ba-bd91-61433b072b53 72164 72 46 0.0007913112640380859
7a63e020-e386-4d53-958b-3657c6c20274 b5631629-8bd0-46ba-bd91-61433b072b53 72164 115 27 0.0035064220428466797
7a63e020-e386-4d53-958b-3657c6c20274 b5631629-8bd0-46ba-bd91-61433b072b53 72164 -48 55 0.007299661636352539
7a63e020-e386-4d53-958b-3657c6c20274 b5631629-8bd0-46ba-bd91-61433b072b53 72164 116 22 0.005429744720458984
7a63e020-e386-4d53-958b-3657c6c20274 b5631629-8bd0-46ba-bd91-61433b072b53 72164 -55 45 0.0049631595611572266
7a63e020-e386-4d53-958b-3657c6c20274 b5631629-8bd0-46ba-bd91-61433b072b53 72164 -75 32 0.003015279769897461
7a63e020-e386-4d53-958b-3657c6c20274 b5631629-8bd0-46ba-bd91-61433b072b53 72164 35 23 0.0015730857849121094
7a63e020-e386-4d53-958b-3657c6c20274 b5631629-8bd0-46ba-bd91-61433b072b53 72164 10 32 0.0010254383087158203
7a63e020-e386-4d53-958b-3657c6c20274 b5631629-8bd0-46ba-bd91-61433b072b53 72164 41 56 0.0029249191284179688
7a63e020-e386-4d53-958b-3657c6c20274 b5631629-8bd0-46ba-bd91-61433b072b53 72164 -24 45 0.0021567344665527344
7a63e020-e386-4d53-958b-3657c6c20274 b5631629-8bd0-46ba-bd91-61433b072b53 72164 133 47 0.002972841262817383
7a63e020-e386-4d53-958b-3657c6c20274 b5631629-8bd0-46ba-bd91-61433b072b53 72164 -11 48 0.002434253692626953
7a63e020-e386-4d53-958b-3657c6c20274 b5631629-8bd0-46ba-bd91-61433b072b53 72164 18 46 0.0013866424560546875
7a63e020-e386-4d53-958b-3657c6c20274 b5631629-8bd0-46ba-bd91-61433b072b53 72164 -73 25 0.0009427070617675781
7a63e020-e386-4d53-958b-3657c6c20274 b5631629-8bd0-46ba-bd91-61433b072b53 72164 98 57 0.002805471420288086
085a21e3-72e9-4b02-9325-64f1ba5d218c 205ecce7-7455-42a0-968d-024c5ed6882f 54846 122 36 0.0370943546295166
085a21e3-72e9-4b02-9325-64f1ba5d218c 205ecce7-7455-42a0-968d-024c5ed6882f 54846 110 40 0.05842304229736328
7a63e020-e386-4d53-958b-3657c6c20274 b5631629-8bd0-46ba-bd91-61433b072b53 72164 97 47 0.003095865249633789
7a63e020-e386-4d53-958b-3657c6c20274 b5631629-8bd0-46ba-bd91-61433b072b53 72164 74 35 0.0043239593505859375
7a63e020-e386-4d53-958b-3657c6c20274 b5631629-8bd0-46ba-bd91-61433b072b53 72164 91 43 0.0035238265991210938
7a63e020-e386-4d53-958b-3657c6c20274 b5631629-8bd0-46ba-bd91-61433b072b53 72164 112 30 0.0028557777404785156
085a21e3-72e9-4b02-9325-64f1ba5d218c 205ecce7-7455-42a0-968d-024c5ed6882f 54846 43 53 0.06082630157470703
085a21e3-72e9-4b02-9325-64f1ba5d218c 205ecce7-7455-42a0-968d-024c5ed6882f 54846 103 47 0.06285309791564941
085a21e3-72e9-4b02-9325-64f1ba5d218c 205ecce7-7455-42a0-968d-024c5ed6882f 54846 13 38 0.06257367134094238
085a21e3-72e9-4b02-9325-64f1ba5d218c 205ecce7-7455-42a0-968d-024c5ed6882f 54846 -72 49 0.06227254867553711
085a21e3-72e9-4b02-9325-64f1ba5d218c 205ecce7-7455-42a0-968d-024c5ed6882f 54846 38 13 0.061972856521606445
ca362e3d-cff5-4c0e-8054-50287b048bce 651789e2-8532-44fd-b54f-0d060516c573 99061 31 59 0.015935420989990234
ca362e3d-cff5-4c0e-8054-50287b048bce 651789e2-8532-44fd-b54f-0d060516c573 99061 41 28 0.019568204879760742
ca362e3d-cff5-4c0e-8054-50287b048bce 651789e2-8532-44fd-b54f-0d060516c573 99061 112 12 0.021466970443725586
ca362e3d-cff5-4c0e-8054-50287b048bce 651789e2-8532-44fd-b54f-0d060516c573 99061 41 37 0.023005962371826172
ca362e3d-cff5-4c0e-8054-50287b048bce 651789e2-8532-44fd-b54f-0d060516c573 99061 -75 59 0.023267507553100586
ca362e3d-cff5-4c0e-8054-50287b048bce 651789e2-8532-44fd-b54f-0d060516c573 99061 -26 50 0.0242764949798584
ca362e3d-cff5-4c0e-8054-50287b048bce 651789e2-8532-44fd-b54f-0d060516c573 99061 47 56 0.024968862533569336
ca362e3d-cff5-4c0e-8054-50287b048bce 651789e2-8532-44fd-b54f-0d060516c573 99061 22 24 0.025171995162963867
ca362e3d-cff5-4c0e-8054-50287b048bce 651789e2-8532-44fd-b54f-0d060516c573 99061 2 31 0.025005340576171875
ca362e3d-cff5-4c0e-8054-50287b048bce 651789e2-8532-44fd-b54f-0d060516c573 99061 133 14 0.02473163604736328
ca362e3d-cff5-4c0e-8054-50287b048bce 651789e2-8532-44fd-b54f-0d060516c573 99061 13 27 0.02601933479309082
ca362e3d-cff5-4c0e-8054-50287b048bce 651789e2-8532-44fd-b54f-0d060516c573 99061 61 59 0.025803565979003906
ca362e3d-cff5-4c0e-8054-50287b048bce 651789e2-8532-44fd-b54f-0d060516c573 99061 101 44 0.025576353073120117
ca362e3d-cff5-4c0e-8054-50287b048bce 651789e2-8532-44fd-b54f-0d060516c573 99061 96 54 0.02482748031616211
ca362e3d-cff5-4c0e-8054-50287b048bce 651789e2-8532-44fd-b54f-0d060516c573 99061 76 40 0.02469182014465332
ca362e3d-cff5-4c0e-8054-50287b048bce 651789e2-8532-44fd-b54f-0d060516c573 99061 8 59 0.02395319938659668
ca362e3d-cff5-4c0e-8054-50287b048bce 651789e2-8532-44fd-b54f-0d060516c573 99061 24 55 0.02334427833557129
ca362e3d-cff5-4c0e-8054-50287b048bce 651789e2-8532-44fd-b54f-0d060516c573 99061 107 14 0.02296924591064453
ca362e3d-cff5-4c0e-8054-50287b048bce 651789e2-8532-44fd-b54f-0d060516c573 99061 23 23 0.02256155014038086
ca362e3d-cff5-4c0e-8054-50287b048bce 651789e2-8532-44fd-b54f-0d060516c573 99061 49 54 0.02225184440612793
ca362e3d-cff5-4c0e-8054-50287b048bce 651789e2-8532-44fd-b54f-0d060516c573 99061 -61 57 0.021930217742919922
ca362e3d-cff5-4c0e-8054-50287b048bce 651789e2-8532-44fd-b54f-0d060516c573 99061 64 20 0.021544218063354492
ca362e3d-cff5-4c0e-8054-50287b048bce 651789e2-8532-44fd-b54f-0d060516c573 99061 17 43 0.021265029907226562
ca362e3d-cff5-4c0e-8054-50287b048bce 651789e2-8532-44fd-b54f-0d060516c573 99061 82 33 0.02097344398498535
ca362e3d-cff5-4c0e-8054-50287b048bce 651789e2-8532-44fd-b54f-0d060516c573 99061 34 13 0.020650386810302734
ca362e3d-cff5-4c0e-8054-50287b048bce 651789e2-8532-44fd-b54f-0d060516c573 99061 121 31 0.02002096176147461
ca362e3d-cff5-4c0e-8054-50287b048bce 651789e2-8532-44fd-b54f-0d060516c573 99061 49 12 0.018544435501098633
ca362e3d-cff5-4c0e-8054-50287b048bce 651789e2-8532-44fd-b54f-0d060516c573 99061 -66 10 0.01816415786743164
ca362e3d-cff5-4c0e-8054-50287b048bce 651789e2-8532-44fd-b54f-0d060516c573 99061 -80 32 0.01768779754638672
ca362e3d-cff5-4c0e-8054-50287b048bce 651789e2-8532-44fd-b54f-0d060516c573 99061 85 13 0.017131567001342773
ca362e3d-cff5-4c0e-8054-50287b048bce 651789e2-8532-44fd-b54f-0d060516c573 99061 124 47 0.01569223403930664
ca362e3d-cff5-4c0e-8054-50287b048bce 651789e2-8532-44fd-b54f-0d060516c573 99061 56 33 0.015343189239501953
ca362e3d-cff5-4c0e-8054-50287b048bce 651789e2-8532-44fd-b54f-0d060516c573 99061 42 11 0.014995336532592773
ca362e3d-cff5-4c0e-8054-50287b048bce 651789e2-8532-44fd-b54f-0d060516c573 99061 -36 59 0.01412510871887207
ca362e3d-cff5-4c0e-8054-50287b048bce 651789e2-8532-44fd-b54f-0d060516c573 99061 -70 45 0.013601303100585938
ca362e3d-cff5-4c0e-8054-50287b048bce 651789e2-8532-44fd-b54f-0d060516c573 99061 108 15 0.013362407684326172
ca362e3d-cff5-4c0e-8054-50287b048bce 651789e2-8532-44fd-b54f-0d060516c573 99061 -57 12 0.01312565803527832
ca362e3d-cff5-4c0e-8054-50287b048bce 651789e2-8532-44fd-b54f-0d060516c573 99061 2 53 0.012727499008178711
ca362e3d-cff5-4c0e-8054-50287b048bce 651789e2-8532-44fd-b54f-0d060516c573 99061 -54 39 0.012134552001953125
ca362e3d-cff5-4c0e-8054-50287b048bce 651789e2-8532-44fd-b54f-0d060516c573 99061 18 56 0.011843681335449219
ca362e3d-cff5-4c0e-8054-50287b048bce 651789e2-8532-44fd-b54f-0d060516c573 99061 128 50 0.011442422866821289
ca362e3d-cff5-4c0e-8054-50287b048bce 651789e2-8532-44fd-b54f-0d060516c573 99061 -29 48 0.011148452758789062
ca362e3d-cff5-4c0e-8054-50287b048bce 651789e2-8532-44fd-b54f-0d060516c573 99061 116 50 0.010610342025756836
ca362e3d-cff5-4c0e-8054-50287b048bce 651789e2-8532-44fd-b54f-0d060516c573 99061 8 15 0.010088920593261719
ca362e3d-cff5-4c0e-8054-50287b048bce 651789e2-8532-44fd-b54f-0d060516c573 99061 110 11 0.009563684463500977
ca362e3d-cff5-4c0e-8054-50287b048bce 651789e2-8532-44fd-b54f-0d060516c573 99061 125 24 0.009125232696533203
ca362e3d-cff5-4c0e-8054-50287b048bce 651789e2-8532-44fd-b54f-0d060516c573 99061 54 50 0.008851051330566406
ca362e3d-cff5-4c0e-8054-50287b048bce 651789e2-8532-44fd-b54f-0d060516c573 99061 -26 44 0.008473873138427734
ca362e3d-cff5-4c0e-8054-50287b048bce 651789e2-8532-44fd-b54f-0d060516c573 99061 129 22 0.007281303405761719
ca362e3d-cff5-4c0e-8054-50287b048bce 651789e2-8532-44fd-b54f-0d060516c573 99061 16 25 0.006887912750244141
ca362e3d-cff5-4c0e-8054-50287b048bce 651789e2-8532-44fd-b54f-0d060516c573 99061 -31 34 0.006536006927490234
ca362e3d-cff5-4c0e-8054-50287b048bce 651789e2-8532-44fd-b54f-0d060516c573 99061 72 44 0.005911350250244141
ca362e3d-cff5-4c0e-8054-50287b048bce 651789e2-8532-44fd-b54f-0d060516c573 99061 -28 16 0.005402803421020508
ca362e3d-cff5-4c0e-8054-50287b048bce 651789e2-8532-44fd-b54f-0d060516c573 99061 5 23 0.004774332046508789
ca362e3d-cff5-4c0e-8054-50287b048bce 651789e2-8532-44fd-b54f-0d060516c573 99061 -76 17 0.004491329193115234
ca362e3d-cff5-4c0e-8054-50287b048bce 651789e2-8532-44fd-b54f-0d060516c573 99061 -48 46 0.004117012023925781
ca362e3d-cff5-4c0e-8054-50287b048bce 651789e2-8532-44fd-b54f-0d060516c573 99061 -67 15 0.0037713050842285156
ca362e3d-cff5-4c0e-8054-50287b048bce 651789e2-8532-44fd-b54f-0d060516c573 99061 96 41 0.0032155513763427734
ca362e3d-cff5-4c0e-8054-50287b048bce 651789e2-8532-44fd-b54f-0d060516c573 99061 101 59 0.0030219554901123047
ca362e3d-cff5-4c0e-8054-50287b048bce 651789e2-8532-44fd-b54f-0d060516c573 99061 111 36 0.0026934146881103516
ca362e3d-cff5-4c0e-8054-50287b048bce 651789e2-8532-44fd-b54f-0d060516c573 99061 3 21 0.002486705780029297
ca362e3d-cff5-4c0e-8054-50287b048bce 651789e2-8532-44fd-b54f-0d060516c573 99061 -45 40 0.0021698474884033203
ca362e3d-cff5-4c0e-8054-50287b048bce 651789e2-8532-44fd-b54f-0d060516c573 99061 -23 56 0.0017466545104980469
ca362e3d-cff5-4c0e-8054-50287b048bce 651789e2-8532-44fd-b54f-0d060516c573 99061 81 47 0.0013155937194824219
ca362e3d-cff5-4c0e-8054-50287b048bce 651789e2-8532-44fd-b54f-0d060516c573 99061 6 52 0.0009315013885498047
ca362e3d-cff5-4c0e-8054-50287b048bce 651789e2-8532-44fd-b54f-0d060516c573 99061 106 26 0.0006952285766601562
ca362e3d-cff5-4c0e-8054-50287b048bce 651789e2-8532-44fd-b54f-0d060516c573 99061 108 50 0.00012373924255371094
ca362e3d-cff5-4c0e-8054-50287b048bce 651789e2-8532-44fd-b54f-0d060516c573 99061 -68 15 0.0004565715789794922
ca362e3d-cff5-4c0e-8054-50287b048bce 651789e2-8532-44fd-b54f-0d060516c573 99061 15 18 0.0004417896270751953
ca362e3d-cff5-4c0e-8054-50287b048bce 651789e2-8532-44fd-b54f-0d060516c573 99061 72 23 0.0005407333374023438
ca362e3d-cff5-4c0e-8054-50287b048bce 651789e2-8532-44fd-b54f-0d060516c573 99061 -54 23 0.0004839897155761719
ca362e3d-cff5-4c0e-8054-50287b048bce 651789e2-8532-44fd-b54f-0d060516c573 99061 132 20 0.0004029273986816406
ca362e3d-cff5-4c0e-8054-50287b048bce 651789e2-8532-44fd-b54f-0d060516c573 99061 -64 51 0.0002319812774658203
ca362e3d-cff5-4c0e-8054-50287b048bce 651789e2-8532-44fd-b54f-0d060516c573 99061 -36 57 0.00023484230041503906
ca362e3d-cff5-4c0e-8054-50287b048bce 651789e2-8532-44fd-b54f-0d060516c573 99061 1 43 0.0004074573516845703
ca362e3d-cff5-4c0e-8054-50287b048bce 651789e2-8532-44fd-b54f-0d060516c573 99061 110 41 0.00032329559326171875
ca362e3d-cff5-4c0e-8054-50287b048bce 651789e2-8532-44fd-b54f-0d060516c573 99061 -78 18 0.0007188320159912109
ca362e3d-cff5-4c0e-8054-50287b048bce 651789e2-8532-44fd-b54f-0d060516c573 99061 -8 28 0.0003859996795654297
ca362e3d-cff5-4c0e-8054-50287b048bce 651789e2-8532-44fd-b54f-0d060516c573 99061 -23 10 0.00022292137145996094
ca362e3d-cff5-4c0e-8054-50287b048bce 651789e2-8532-44fd-b54f-0d060516c573 99061 80 19 0.0002739429473876953
ca362e3d-cff5-4c0e-8054-50287b048bce 651789e2-8532-44fd-b54f-0d060516c573 99061 -18 58 0.0002472400665283203
ca362e3d-cff5-4c0e-8054-50287b048bce 651789e2-8532-44fd-b54f-0d060516c573 99061 47 49 0.00021338462829589844
ca362e3d-cff5-4c0e-8054-50287b048bce 651789e2-8532-44fd-b54f-0d060516c573 99061 54 43 0.0007276535034179688
ca362e3d-cff5-4c0e-8054-50287b048bce 651789e2-8532-44fd-b54f-0d060516c573 99061 -62 37 0.0006098747253417969
ca362e3d-cff5-4c0e-8054-50287b048bce 651789e2-8532-44fd-b54f-0d060516c573 99061 104 22 0.0003886222839355469
ca362e3d-cff5-4c0e-8054-50287b048bce 651789e2-8532-44fd-b54f-0d060516c573 99061 67 59 0.0005431175231933594
ca362e3d-cff5-4c0e-8054-50287b048bce 651789e2-8532-44fd-b54f-0d060516c573 99061 98 15 0.0003407001495361328
ca362e3d-cff5-4c0e-8054-50287b048bce 651789e2-8532-44fd-b54f-0d060516c573 99061 8 46 0.0017547607421875
ca362e3d-cff5-4c0e-8054-50287b048bce 651789e2-8532-44fd-b54f-0d060516c573 99061 -29 57 0.0007503032684326172
ca362e3d-cff5-4c0e-8054-50287b048bce 651789e2-8532-44fd-b54f-0d060516c573 99061 97 32 0.0005297660827636719
ca362e3d-cff5-4c0e-8054-50287b048bce 651789e2-8532-44fd-b54f-0d060516c573 99061 129 53 0.0004477500915527344
ca362e3d-cff5-4c0e-8054-50287b048bce 651789e2-8532-44fd-b54f-0d060516c573 99061 100 45 0.0007708072662353516
ca362e3d-cff5-4c0e-8054-50287b048bce 651789e2-8532-44fd-b54f-0d060516c573 99061 -31 46 0.0005564689636230469
ca362e3d-cff5-4c0e-8054-50287b048bce 651789e2-8532-44fd-b54f-0d060516c573 99061 29 18 0.003056764602661133
ca362e3d-cff5-4c0e-8054-50287b048bce 651789e2-8532-44fd-b54f-0d060516c573 99061 85 25 0.003117084503173828
ca362e3d-cff5-4c0e-8054-50287b048bce 651789e2-8532-44fd-b54f-0d060516c573 99061 -64 43 0.001806020736694336
ca362e3d-cff5-4c0e-8054-50287b048bce 651789e2-8532-44fd-b54f-0d060516c573 99061 -22 18 0.001012563705444336
ca362e3d-cff5-4c0e-8054-50287b048bce 651789e2-8532-44fd-b54f-0d060516c573 99061 -16 25 0.0011074542999267578
ca362e3d-cff5-4c0e-8054-50287b048bce 651789e2-8532-44fd-b54f-0d060516c573 99061 33 44 0.0007138252258300781
ca362e3d-cff5-4c0e-8054-50287b048bce 651789e2-8532-44fd-b54f-0d060516c573 99061 -43 55 0.00033783912658691406
955bd061-1408-4170-8b02-8207c41b6e43 103f1213-614f-4d2d-b68d-3d7065ee2e5f 21559 94 52 0.0010955333709716797
955bd061-1408-4170-8b02-8207c41b6e43 103f1213-614f-4d2d-b68d-3d7065ee2e5f 21559 61 35 0.0014622211456298828
955bd061-1408-4170-8b02-8207c41b6e43 103f1213-614f-4d2d-b68d-3d7065ee2e5f 21559 -41 30 0.00102996826171875
955bd061-1408-4170-8b02-8207c41b6e43 103f1213-614f-4d2d-b68d-3d7065ee2e5f 21559 -41 21 0.0013926029205322266
955bd061-1408-4170-8b02-8207c41b6e43 103f1213-614f-4d2d-b68d-3d7065ee2e5f 21559 39 54 0.0008039474487304688
955bd061-1408-4170-8b02-8207c41b6e43 103f1213-614f-4d2d-b68d-3d7065ee2e5f 21559 -17 33 0.0006101131439208984
955bd061-1408-4170-8b02-8207c41b6e43 103f1213-614f-4d2d-b68d-3d7065ee2e5f 21559 -55 52 0.001069784164428711
955bd061-1408-4170-8b02-8207c41b6e43 103f1213-614f-4d2d-b68d-3d7065ee2e5f 21559 -26 40 0.0008940696716308594
955bd061-1408-4170-8b02-8207c41b6e43 103f1213-614f-4d2d-b68d-3d7065ee2e5f 21559 124 32 0.0006833076477050781
955bd061-1408-4170-8b02-8207c41b6e43 103f1213-614f-4d2d-b68d-3d7065ee2e5f 21559 83 30 0.0006871223449707031
955bd061-1408-4170-8b02-8207c41b6e43 103f1213-614f-4d2d-b68d-3d7065ee2e5f 21559 -11 24 0.0003540515899658203
955bd061-1408-4170-8b02-8207c41b6e43 103f1213-614f-4d2d-b68d-3d7065ee2e5f 21559 11 36 0.0012288093566894531
955bd061-1408-4170-8b02-8207c41b6e43 103f1213-614f-4d2d-b68d-3d7065ee2e5f 21559 47 55 0.0011348724365234375
955bd061-1408-4170-8b02-8207c41b6e43 103f1213-614f-4d2d-b68d-3d7065ee2e5f 21559 59 37 0.0008721351623535156
955bd061-1408-4170-8b02-8207c41b6e43 103f1213-614f-4d2d-b68d-3d7065ee2e5f 21559 -44 42 0.0005371570587158203
955bd061-1408-4170-8b02-8207c41b6e43 103f1213-614f-4d2d-b68d-3d7065ee2e5f 21559 -30 36 0.0009913444519042969
955bd061-1408-4170-8b02-8207c41b6e43 103f1213-614f-4d2d-b68d-3d7065ee2e5f 21559 -59 57 0.0013256072998046875
955bd061-1408-4170-8b02-8207c41b6e43 103f1213-614f-4d2d-b68d-3d7065ee2e5f 21559 -2 39 0.0006723403930664062
955bd061-1408-4170-8b02-8207c41b6e43 103f1213-614f-4d2d-b68d-3d7065ee2e5f 21559 -45 11 0.0012898445129394531
955bd061-1408-4170-8b02-8207c41b6e43 103f1213-614f-4d2d-b68d-3d7065ee2e5f 21559 33 26 0.0008416175842285156
955bd061-1408-4170-8b02-8207c41b6e43 103f1213-614f-4d2d-b68d-3d7065ee2e5f 21559 104 53 0.0005125999450683594
955bd061-1408-4170-8b02-8207c41b6e43 103f1213-614f-4d2d-b68d-3d7065ee2e5f 21559 -9 25 0.0013360977172851562
955bd061-1408-4170-8b02-8207c41b6e43 103f1213-614f-4d2d-b68d-3d7065ee2e5f 21559 44 14 0.0008726119995117188
955bd061-1408-4170-8b02-8207c41b6e43 103f1213-614f-4d2d-b68d-3d7065ee2e5f 21559 -72 29 0.0006170272827148438
955bd061-1408-4170-8b02-8207c41b6e43 103f1213-614f-4d2d-b68d-3d7065ee2e5f 21559 50 52 0.002797365188598633
955bd061-1408-4170-8b02-8207c41b6e43 103f1213-614f-4d2d-b68d-3d7065ee2e5f 21559 73 27 0.0025441646575927734
955bd061-1408-4170-8b02-8207c41b6e43 103f1213-614f-4d2d-b68d-3d7065ee2e5f 21559 47 50 0.0012254714965820312
955bd061-1408-4170-8b02-8207c41b6e43 103f1213-614f-4d2d-b68d-3d7065ee2e5f 21559 76 50 0.0008361339569091797
955bd061-1408-4170-8b02-8207c41b6e43 103f1213-614f-4d2d-b68d-3d7065ee2e5f 21559 39 51 0.0006277561187744141
955bd061-1408-4170-8b02-8207c41b6e43 103f1213-614f-4d2d-b68d-3d7065ee2e5f 21559 -15 24 0.0016832351684570312
955bd061-1408-4170-8b02-8207c41b6e43 103f1213-614f-4d2d-b68d-3d7065ee2e5f 21559 27 15 0.0008633136749267578
955bd061-1408-4170-8b02-8207c41b6e43 103f1213-614f-4d2d-b68d-3d7065ee2e5f 21559 -5 25 0.0005753040313720703
955bd061-1408-4170-8b02-8207c41b6e43 103f1213-614f-4d2d-b68d-3d7065ee2e5f 21559 -23 50 0.0006833076477050781
955bd061-1408-4170-8b02-8207c41b6e43 103f1213-614f-4d2d-b68d-3d7065ee2e5f 21559 -7 29 0.000484466552734375
955bd061-1408-4170-8b02-8207c41b6e43 103f1213-614f-4d2d-b68d-3d7065ee2e5f 21559 131 49 0.0006787776947021484
955bd061-1408-4170-8b02-8207c41b6e43 103f1213-614f-4d2d-b68d-3d7065ee2e5f 21559 -51 27 0.0015075206756591797
955bd061-1408-4170-8b02-8207c41b6e43 103f1213-614f-4d2d-b68d-3d7065ee2e5f 21559 92 39 0.0013396739959716797
955bd061-1408-4170-8b02-8207c41b6e43 103f1213-614f-4d2d-b68d-3d7065ee2e5f 21559 16 53 0.00043702125549316406
955bd061-1408-4170-8b02-8207c41b6e43 103f1213-614f-4d2d-b68d-3d7065ee2e5f 21559 9 48 0.0004317760467529297
955bd061-1408-4170-8b02-8207c41b6e43 103f1213-614f-4d2d-b68d-3d7065ee2e5f 21559 102 43 0.0010936260223388672
955bd061-1408-4170-8b02-8207c41b6e43 103f1213-614f-4d2d-b68d-3d7065ee2e5f 21559 20 18 0.0010538101196289062
955bd061-1408-4170-8b02-8207c41b6e43 103f1213-614f-4d2d-b68d-3d7065ee2e5f 21559 46 14 0.0005924701690673828
955bd061-1408-4170-8b02-8207c41b6e43 103f1213-614f-4d2d-b68d-3d7065ee2e5f 21559 83 56 0.0004968643188476562
955bd061-1408-4170-8b02-8207c41b6e43 103f1213-614f-4d2d-b68d-3d7065ee2e5f 21559 -75 45 0.0004184246063232422
955bd061-1408-4170-8b02-8207c41b6e43 103f1213-614f-4d2d-b68d-3d7065ee2e5f 21559 128 40 0.0017178058624267578
955bd061-1408-4170-8b02-8207c41b6e43 103f1213-614f-4d2d-b68d-3d7065ee2e5f 21559 -38 12 0.0008325576782226562
955bd061-1408-4170-8b02-8207c41b6e43 103f1213-614f-4d2d-b68d-3d7065ee2e5f 21559 -13 37 0.0005555152893066406
955bd061-1408-4170-8b02-8207c41b6e43 103f1213-614f-4d2d-b68d-3d7065ee2e5f 21559 96 53 0.0012323856353759766
955bd061-1408-4170-8b02-8207c41b6e43 103f1213-614f-4d2d-b68d-3d7065ee2e5f 21559 -3 58 0.0008673667907714844
955bd061-1408-4170-8b02-8207c41b6e43 103f1213-614f-4d2d-b68d-3d7065ee2e5f 21559 91 45 0.0005166530609130859
955bd061-1408-4170-8b02-8207c41b6e43 103f1213-614f-4d2d-b68d-3d7065ee2e5f 21559 122 43 0.0021376609802246094
955bd061-1408-4170-8b02-8207c41b6e43 103f1213-614f-4d2d-b68d-3d7065ee2e5f 21559 39 15 0.0021414756774902344
955bd061-1408-4170-8b02-8207c41b6e43 103f1213-614f-4d2d-b68d-3d7065ee2e5f 21559 132 20 0.0020308494567871094
955bd061-1408-4170-8b02-8207c41b6e43 103f1213-614f-4d2d-b68d-3d7065ee2e5f 21559 11 49 0.0016891956329345703
955bd061-1408-4170-8b02-8207c41b6e43 103f1213-614f-4d2d-b68d-3d7065ee2e5f 21559 48 19 0.0014476776123046875
955bd061-1408-4170-8b02-8207c41b6e43 103f1213-614f-4d2d-b68d-3d7065ee2e5f 21559 131 32 0.0006248950958251953
955bd061-1408-4170-8b02-8207c41b6e43 103f1213-614f-4d2d-b68d-3d7065ee2e5f 21559 89 35 0.0011010169982910156
955bd061-1408-4170-8b02-8207c41b6e43 103f1213-614f-4d2d-b68d-3d7065ee2e5f 21559 -14 43 0.0009200572967529297
955bd061-1408-4170-8b02-8207c41b6e43 103f1213-614f-4d2d-b68d-3d7065ee2e5f 21559 109 52 0.0006043910980224609
955bd061-1408-4170-8b02-8207c41b6e43 103f1213-614f-4d2d-b68d-3d7065ee2e5f 21559 126 35 0.0004661083221435547
955bd061-1408-4170-8b02-8207c41b6e43 103f1213-614f-4d2d-b68d-3d7065ee2e5f 21559 -40 15 0.0018434524536132812
955bd061-1408-4170-8b02-8207c41b6e43 103f1213-614f-4d2d-b68d-3d7065ee2e5f 21559 -30 30 0.0017473697662353516
955bd061-1408-4170-8b02-8207c41b6e43 103f1213-614f-4d2d-b68d-3d7065ee2e5f 21559 118 10 0.0015339851379394531
955bd061-1408-4170-8b02-8207c41b6e43 103f1213-614f-4d2d-b68d-3d7065ee2e5f 21559 122 41 0.000885009765625
955bd061-1408-4170-8b02-8207c41b6e43 103f1213-614f-4d2d-b68d-3d7065ee2e5f 21559 -29 29 0.0005548000335693359
955bd061-1408-4170-8b02-8207c41b6e43 103f1213-614f-4d2d-b68d-3d7065ee2e5f 21559 24 37 0.0006458759307861328
955bd061-1408-4170-8b02-8207c41b6e43 103f1213-614f-4d2d-b68d-3d7065ee2e5f 21559 30 32 0.0005385875701904297
955bd061-1408-4170-8b02-8207c41b6e43 103f1213-614f-4d2d-b68d-3d7065ee2e5f 21559 12 14 0.0016894340515136719
955bd061-1408-4170-8b02-8207c41b6e43 103f1213-614f-4d2d-b68d-3d7065ee2e5f 21559 82 35 0.001729726791381836
955bd061-1408-4170-8b02-8207c41b6e43 103f1213-614f-4d2d-b68d-3d7065ee2e5f 21559 103 39 0.0014693737030029297
955bd061-1408-4170-8b02-8207c41b6e43 103f1213-614f-4d2d-b68d-3d7065ee2e5f 21559 121 54 0.0012171268463134766
955bd061-1408-4170-8b02-8207c41b6e43 103f1213-614f-4d2d-b68d-3d7065ee2e5f 21559 8 56 0.0014088153839111328
955bd061-1408-4170-8b02-8207c41b6e43 103f1213-614f-4d2d-b68d-3d7065ee2e5f 21559 -1 13 0.0011289119720458984
955bd061-1408-4170-8b02-8207c41b6e43 103f1213-614f-4d2d-b68d-3d7065ee2e5f 21559 62 16 0.0009758472442626953
955bd061-1408-4170-8b02-8207c41b6e43 103f1213-614f-4d2d-b68d-3d7065ee2e5f 21559 8 16 0.0007288455963134766
955bd061-1408-4170-8b02-8207c41b6e43 103f1213-614f-4d2d-b68d-3d7065ee2e5f 21559 -2 23 0.0005507469177246094
955bd061-1408-4170-8b02-8207c41b6e43 103f1213-614f-4d2d-b68d-3d7065ee2e5f 21559 -33 44 0.0009543895721435547
955bd061-1408-4170-8b02-8207c41b6e43 103f1213-614f-4d2d-b68d-3d7065ee2e5f 21559 31 42 0.0014531612396240234
955bd061-1408-4170-8b02-8207c41b6e43 103f1213-614f-4d2d-b68d-3d7065ee2e5f 21559 -44 58 0.0009925365447998047
955bd061-1408-4170-8b02-8207c41b6e43 103f1213-614f-4d2d-b68d-3d7065ee2e5f 21559 41 15 0.0006899833679199219
955bd061-1408-4170-8b02-8207c41b6e43 103f1213-614f-4d2d-b68d-3d7065ee2e5f 21559 -7 52 0.000453948974609375
955bd061-1408-4170-8b02-8207c41b6e43 103f1213-614f-4d2d-b68d-3d7065ee2e5f 21559 121 17 0.0007696151733398438
955bd061-1408-4170-8b02-8207c41b6e43 103f1213-614f-4d2d-b68d-3d7065ee2e5f 21559 91 26 0.0004050731658935547
955bd061-1408-4170-8b02-8207c41b6e43 103f1213-614f-4d2d-b68d-3d7065ee2e5f 21559 123 54 0.0016674995422363281
955bd061-1408-4170-8b02-8207c41b6e43 103f1213-614f-4d2d-b68d-3d7065ee2e5f 21559 8 23 0.0012576580047607422
955bd061-1408-4170-8b02-8207c41b6e43 103f1213-614f-4d2d-b68d-3d7065ee2e5f 21559 106 20 0.0007612705230712891
955bd061-1408-4170-8b02-8207c41b6e43 103f1213-614f-4d2d-b68d-3d7065ee2e5f 21559 65 25 0.0006349086761474609
955bd061-1408-4170-8b02-8207c41b6e43 103f1213-614f-4d2d-b68d-3d7065ee2e5f 21559 124 32 0.0006430149078369141
955bd061-1408-4170-8b02-8207c41b6e43 103f1213-614f-4d2d-b68d-3d7065ee2e5f 21559 120 41 0.0035936832427978516
955bd061-1408-4170-8b02-8207c41b6e43 103f1213-614f-4d2d-b68d-3d7065ee2e5f 21559 128 47 0.0033440589904785156
955bd061-1408-4170-8b02-8207c41b6e43 103f1213-614f-4d2d-b68d-3d7065ee2e5f 21559 8 31 0.003110647201538086
955bd061-1408-4170-8b02-8207c41b6e43 103f1213-614f-4d2d-b68d-3d7065ee2e5f 21559 106 13 0.002279996871948242
955bd061-1408-4170-8b02-8207c41b6e43 103f1213-614f-4d2d-b68d-3d7065ee2e5f 21559 99 53 0.0013141632080078125
955bd061-1408-4170-8b02-8207c41b6e43 103f1213-614f-4d2d-b68d-3d7065ee2e5f 21559 -44 59 0.001558542251586914
955bd061-1408-4170-8b02-8207c41b6e43 103f1213-614f-4d2d-b68d-3d7065ee2e5f 21559 114 27 0.001325368881225586
955bd061-1408-4170-8b02-8207c41b6e43 103f1213-614f-4d2d-b68d-3d7065ee2e5f 21559 85 49 0.0017063617706298828
955bd061-1408-4170-8b02-8207c41b6e43 103f1213-614f-4d2d-b68d-3d7065ee2e5f 21559 25 32 0.001195669174194336
955bd061-1408-4170-8b02-8207c41b6e43 103f1213-614f-4d2d-b68d-3d7065ee2e5f 21559 -47 34 0.002555370330810547
955bd061-1408-4170-8b02-8207c41b6e43 103f1213-614f-4d2d-b68d-3d7065ee2e5f 21559 -14 23 0.0022592544555664062
955bd061-1408-4170-8b02-8207c41b6e43 103f1213-614f-4d2d-b68d-3d7065ee2e5f 21559 126 25 0.0019261837005615234
53671fea-221f-4ae6-9007-8973a98e3107 b9b8fc52-5bab-4bdc-971f-704e7d5875cc 34149 28 21 0.004289150238037109
53671fea-221f-4ae6-9007-8973a98e3107 b9b8fc52-5bab-4bdc-971f-704e7d5875cc 34149 61 24 0.005516767501831055
53671fea-221f-4ae6-9007-8973a98e3107 b9b8fc52-5bab-4bdc-971f-704e7d5875cc 34149 67 28 0.008048057556152344
53671fea-221f-4ae6-9007-8973a98e3107 b9b8fc52-5bab-4bdc-971f-704e7d5875cc 34149 54 56 0.007340192794799805
53671fea-221f-4ae6-9007-8973a98e3107 b9b8fc52-5bab-4bdc-971f-704e7d5875cc 34149 -51 22 0.0011358261108398438
53671fea-221f-4ae6-9007-8973a98e3107 b9b8fc52-5bab-4bdc-971f-704e7d5875cc 34149 0 10 0.0006718635559082031
53671fea-221f-4ae6-9007-8973a98e3107 b9b8fc52-5bab-4bdc-971f-704e7d5875cc 34149 87 46 0.0010695457458496094
53671fea-221f-4ae6-9007-8973a98e3107 b9b8fc52-5bab-4bdc-971f-704e7d5875cc 34149 79 53 0.0009472370147705078
53671fea-221f-4ae6-9007-8973a98e3107 b9b8fc52-5bab-4bdc-971f-704e7d5875cc 34149 24 27 0.0008056163787841797
53671fea-221f-4ae6-9007-8973a98e3107 b9b8fc52-5bab-4bdc-971f-704e7d5875cc 34149 -39 23 0.0007953643798828125
53671fea-221f-4ae6-9007-8973a98e3107 b9b8fc52-5bab-4bdc-971f-704e7d5875cc 34149 98 39 0.0006115436553955078
53671fea-221f-4ae6-9007-8973a98e3107 b9b8fc52-5bab-4bdc-971f-704e7d5875cc 34149 105 56 0.002185344696044922
53671fea-221f-4ae6-9007-8973a98e3107 b9b8fc52-5bab-4bdc-971f-704e7d5875cc 34149 -69 24 0.0020411014556884766
53671fea-221f-4ae6-9007-8973a98e3107 b9b8fc52-5bab-4bdc-971f-704e7d5875cc 34149 83 11 0.0017952919006347656
53671fea-221f-4ae6-9007-8973a98e3107 b9b8fc52-5bab-4bdc-971f-704e7d5875cc 34149 -8 43 0.0050470829010009766
53671fea-221f-4ae6-9007-8973a98e3107 b9b8fc52-5bab-4bdc-971f-704e7d5875cc 34149 57 11 0.004652261734008789
53671fea-221f-4ae6-9007-8973a98e3107 b9b8fc52-5bab-4bdc-971f-704e7d5875cc 34149 104 44 0.004351139068603516
53671fea-221f-4ae6-9007-8973a98e3107 b9b8fc52-5bab-4bdc-971f-704e7d5875cc 34149 1 33 0.004075765609741211
53671fea-221f-4ae6-9007-8973a98e3107 b9b8fc52-5bab-4bdc-971f-704e7d5875cc 34149 105 47 0.0030753612518310547
53671fea-221f-4ae6-9007-8973a98e3107 b9b8fc52-5bab-4bdc-971f-704e7d5875cc 34149 -51 47 0.0026695728302001953
53671fea-221f-4ae6-9007-8973a98e3107 b9b8fc52-5bab-4bdc-971f-704e7d5875cc 34149 100 33 0.002119302749633789
53671fea-221f-4ae6-9007-8973a98e3107 b9b8fc52-5bab-4bdc-971f-704e7d5875cc 34149 -62 24 0.001617431640625
53671fea-221f-4ae6-9007-8973a98e3107 b9b8fc52-5bab-4bdc-971f-704e7d5875cc 34149 24 12 0.0010411739349365234
53671fea-221f-4ae6-9007-8973a98e3107 b9b8fc52-5bab-4bdc-971f-704e7d5875cc 34149 -80 25 0.0013992786407470703
53671fea-221f-4ae6-9007-8973a98e3107 b9b8fc52-5bab-4bdc-971f-704e7d5875cc 34149 74 27 0.0013713836669921875
53671fea-221f-4ae6-9007-8973a98e3107 b9b8fc52-5bab-4bdc-971f-704e7d5875cc 34149 130 58 0.001010894775390625
53671fea-221f-4ae6-9007-8973a98e3107 b9b8fc52-5bab-4bdc-971f-704e7d5875cc 34149 -1 12 0.0006175041198730469
53671fea-221f-4ae6-9007-8973a98e3107 b9b8fc52-5bab-4bdc-971f-704e7d5875cc 34149 126 35 0.0018215179443359375
53671fea-221f-4ae6-9007-8973a98e3107 b9b8fc52-5bab-4bdc-971f-704e7d5875cc 34149 -35 17 0.0015392303466796875
53671fea-221f-4ae6-9007-8973a98e3107 b9b8fc52-5bab-4bdc-971f-704e7d5875cc 34149 79 28 0.0010809898376464844
53671fea-221f-4ae6-9007-8973a98e3107 b9b8fc52-5bab-4bdc-971f-704e7d5875cc 34149 -78 22 0.002151966094970703
53671fea-221f-4ae6-9007-8973a98e3107 b9b8fc52-5bab-4bdc-971f-704e7d5875cc 34149 49 26 0.0017504692077636719
53671fea-221f-4ae6-9007-8973a98e3107 b9b8fc52-5bab-4bdc-971f-704e7d5875cc 34149 68 21 0.0014781951904296875
53671fea-221f-4ae6-9007-8973a98e3107 b9b8fc52-5bab-4bdc-971f-704e7d5875cc 34149 -73 16 0.0010898113250732422
53671fea-221f-4ae6-9007-8973a98e3107 b9b8fc52-5bab-4bdc-971f-704e7d5875cc 34149 86 20 0.0013425350189208984
53671fea-221f-4ae6-9007-8973a98e3107 b9b8fc52-5bab-4bdc-971f-704e7d5875cc 34149 22 31 0.0012128353118896484
53671fea-221f-4ae6-9007-8973a98e3107 b9b8fc52-5bab-4bdc-971f-704e7d5875cc 34149 -27 47 0.0008487701416015625
53671fea-221f-4ae6-9007-8973a98e3107 b9b8fc52-5bab-4bdc-971f-704e7d5875cc 34149 -63 33 0.0007920265197753906
53671fea-221f-4ae6-9007-8973a98e3107 b9b8fc52-5bab-4bdc-971f-704e7d5875cc 34149 -7 18 0.00060272216796875
53671fea-221f-4ae6-9007-8973a98e3107 b9b8fc52-5bab-4bdc-971f-704e7d5875cc 34149 -21 33 0.001207113265991211
53671fea-221f-4ae6-9007-8973a98e3107 b9b8fc52-5bab-4bdc-971f-704e7d5875cc 34149 120 30 0.0010013580322265625
53671fea-221f-4ae6-9007-8973a98e3107 b9b8fc52-5bab-4bdc-971f-704e7d5875cc 34149 42 11 0.00296783447265625
53671fea-221f-4ae6-9007-8973a98e3107 b9b8fc52-5bab-4bdc-971f-704e7d5875cc 34149 -30 33 0.002942800521850586
53671fea-221f-4ae6-9007-8973a98e3107 b9b8fc52-5bab-4bdc-971f-704e7d5875cc 34149 -34 56 0.0026421546936035156
53671fea-221f-4ae6-9007-8973a98e3107 b9b8fc52-5bab-4bdc-971f-704e7d5875cc 34149 89 44 0.0025072097778320312
53671fea-221f-4ae6-9007-8973a98e3107 b9b8fc52-5bab-4bdc-971f-704e7d5875cc 34149 88 28 0.001935720443725586
53671fea-221f-4ae6-9007-8973a98e3107 b9b8fc52-5bab-4bdc-971f-704e7d5875cc 34149 82 13 0.0015518665313720703
53671fea-221f-4ae6-9007-8973a98e3107 b9b8fc52-5bab-4bdc-971f-704e7d5875cc 34149 -39 22 0.0013332366943359375
53671fea-221f-4ae6-9007-8973a98e3107 b9b8fc52-5bab-4bdc-971f-704e7d5875cc 34149 104 23 0.0028192996978759766
53671fea-221f-4ae6-9007-8973a98e3107 b9b8fc52-5bab-4bdc-971f-704e7d5875cc 34149 -55 41 0.002817869186401367
53671fea-221f-4ae6-9007-8973a98e3107 b9b8fc52-5bab-4bdc-971f-704e7d5875cc 34149 11 29 0.0026259422302246094
53671fea-221f-4ae6-9007-8973a98e3107 b9b8fc52-5bab-4bdc-971f-704e7d5875cc 34149 54 16 0.0018727779388427734
53671fea-221f-4ae6-9007-8973a98e3107 b9b8fc52-5bab-4bdc-971f-704e7d5875cc 34149 117 37 0.0016002655029296875
53671fea-221f-4ae6-9007-8973a98e3107 b9b8fc52-5bab-4bdc-971f-704e7d5875cc 34149 -63 53 0.0013082027435302734
53671fea-221f-4ae6-9007-8973a98e3107 b9b8fc52-5bab-4bdc-971f-704e7d5875cc 34149 30 19 0.0029528141021728516
53671fea-221f-4ae6-9007-8973a98e3107 b9b8fc52-5bab-4bdc-971f-704e7d5875cc 34149 36 57 0.002859830856323242
53671fea-221f-4ae6-9007-8973a98e3107 b9b8fc52-5bab-4bdc-971f-704e7d5875cc 34149 127 12 0.0025942325592041016
53671fea-221f-4ae6-9007-8973a98e3107 b9b8fc52-5bab-4bdc-971f-704e7d5875cc 34149 134 12 0.0021560192108154297
53671fea-221f-4ae6-9007-8973a98e3107 b9b8fc52-5bab-4bdc-971f-704e7d5875cc 34149 53 58 0.0016727447509765625
53671fea-221f-4ae6-9007-8973a98e3107 b9b8fc52-5bab-4bdc-971f-704e7d5875cc 34149 131 11 0.0011854171752929688
53671fea-221f-4ae6-9007-8973a98e3107 b9b8fc52-5bab-4bdc-971f-704e7d5875cc 34149 -24 49 0.002276897430419922
53671fea-221f-4ae6-9007-8973a98e3107 b9b8fc52-5bab-4bdc-971f-704e7d5875cc 34149 17 12 0.002039194107055664
53671fea-221f-4ae6-9007-8973a98e3107 b9b8fc52-5bab-4bdc-971f-704e7d5875cc 34149 -17 48 0.0012619495391845703
53671fea-221f-4ae6-9007-8973a98e3107 b9b8fc52-5bab-4bdc-971f-704e7d5875cc 34149 8 24 0.0008962154388427734
53671fea-221f-4ae6-9007-8973a98e3107 b9b8fc52-5bab-4bdc-971f-704e7d5875cc 34149 5 59 0.0026514530181884766
53671fea-221f-4ae6-9007-8973a98e3107 b9b8fc52-5bab-4bdc-971f-704e7d5875cc 34149 36 17 0.002530813217163086
53671fea-221f-4ae6-9007-8973a98e3107 b9b8fc52-5bab-4bdc-971f-704e7d5875cc 34149 -37 19 0.002350330352783203
53671fea-221f-4ae6-9007-8973a98e3107 b9b8fc52-5bab-4bdc-971f-704e7d5875cc 34149 -8 39 0.0020384788513183594
53671fea-221f-4ae6-9007-8973a98e3107 b9b8fc52-5bab-4bdc-971f-704e7d5875cc 34149 102 11 0.0017855167388916016
53671fea-221f-4ae6-9007-8973a98e3107 b9b8fc52-5bab-4bdc-971f-704e7d5875cc 34149 -59 58 0.001211404800415039
53671fea-221f-4ae6-9007-8973a98e3107 b9b8fc52-5bab-4bdc-971f-704e7d5875cc 34149 0 58 0.002254009246826172
53671fea-221f-4ae6-9007-8973a98e3107 b9b8fc52-5bab-4bdc-971f-704e7d5875cc 34149 -1 15 0.0021576881408691406
53671fea-221f-4ae6-9007-8973a98e3107 b9b8fc52-5bab-4bdc-971f-704e7d5875cc 34149 -54 36 0.0019140243530273438
53671fea-221f-4ae6-9007-8973a98e3107 b9b8fc52-5bab-4bdc-971f-704e7d5875cc 34149 -17 47 0.0015985965728759766
53671fea-221f-4ae6-9007-8973a98e3107 b9b8fc52-5bab-4bdc-971f-704e7d5875cc 34149 124 37 0.0013010501861572266
53671fea-221f-4ae6-9007-8973a98e3107 b9b8fc52-5bab-4bdc-971f-704e7d5875cc 34149 -34 24 0.001088857650756836
53671fea-221f-4ae6-9007-8973a98e3107 b9b8fc52-5bab-4bdc-971f-704e7d5875cc 34149 20 33 0.0010204315185546875
53671fea-221f-4ae6-9007-8973a98e3107 b9b8fc52-5bab-4bdc-971f-704e7d5875cc 34149 -53 23 0.002374887466430664
53671fea-221f-4ae6-9007-8973a98e3107 b9b8fc52-5bab-4bdc-971f-704e7d5875cc 34149 -66 39 0.0022618770599365234
53671fea-221f-4ae6-9007-8973a98e3107 b9b8fc52-5bab-4bdc-971f-704e7d5875cc 34149 117 16 0.0017502307891845703
53671fea-221f-4ae6-9007-8973a98e3107 b9b8fc52-5bab-4bdc-971f-704e7d5875cc 34149 120 59 0.0017189979553222656
53671fea-221f-4ae6-9007-8973a98e3107 b9b8fc52-5bab-4bdc-971f-704e7d5875cc 34149 91 53 0.0016570091247558594
53671fea-221f-4ae6-9007-8973a98e3107 b9b8fc52-5bab-4bdc-971f-704e7d5875cc 34149 129 44 0.0016782283782958984
53671fea-221f-4ae6-9007-8973a98e3107 b9b8fc52-5bab-4bdc-971f-704e7d5875cc 34149 111 53 0.0013556480407714844
53671fea-221f-4ae6-9007-8973a98e3107 b9b8fc52-5bab-4bdc-971f-704e7d5875cc 34149 -60 20 0.0010859966278076172
53671fea-221f-4ae6-9007-8973a98e3107 b9b8fc52-5bab-4bdc-971f-704e7d5875cc 34149 -80 29 0.0007348060607910156
53671fea-221f-4ae6-9007-8973a98e3107 b9b8fc52-5bab-4bdc-971f-704e7d5875cc 34149 121 12 0.001567840576171875
53671fea-221f-4ae6-9007-8973a98e3107 b9b8fc52-5bab-4bdc-971f-704e7d5875cc 34149 115 39 0.0013761520385742188
53671fea-221f-4ae6-9007-8973a98e3107 b9b8fc52-5bab-4bdc-971f-704e7d5875cc 34149 -34 37 0.0009105205535888672
53671fea-221f-4ae6-9007-8973a98e3107 b9b8fc52-5bab-4bdc-971f-704e7d5875cc 34149 -75 48 0.0022225379943847656
53671fea-221f-4ae6-9007-8973a98e3107 b9b8fc52-5bab-4bdc-971f-704e7d5875cc 34149 77 30 0.002225160598754883
53671fea-221f-4ae6-9007-8973a98e3107 b9b8fc52-5bab-4bdc-971f-704e7d5875cc 34149 -49 33 0.0016732215881347656
53671fea-221f-4ae6-9007-8973a98e3107 b9b8fc52-5bab-4bdc-971f-704e7d5875cc 34149 40 12 0.0010876655578613281
53671fea-221f-4ae6-9007-8973a98e3107 b9b8fc52-5bab-4bdc-971f-704e7d5875cc 34149 127 21 0.0012619495391845703
53671fea-221f-4ae6-9007-8973a98e3107 b9b8fc52-5bab-4bdc-971f-704e7d5875cc 34149 -14 40 0.0010676383972167969
53671fea-221f-4ae6-9007-8973a98e3107 b9b8fc52-5bab-4bdc-971f-704e7d5875cc 34149 90 36 0.00044989585876464844
53671fea-221f-4ae6-9007-8973a98e3107 b9b8fc52-5bab-4bdc-971f-704e7d5875cc 34149 70 43 0.0020508766174316406
53671fea-221f-4ae6-9007-8973a98e3107 b9b8fc52-5bab-4bdc-971f-704e7d5875cc 34149 -17 43 0.001810312271118164
53671fea-221f-4ae6-9007-8973a98e3107 b9b8fc52-5bab-4bdc-971f-704e7d5875cc 34149 -31 34 0.0013804435729980469
53671fea-221f-4ae6-9007-8973a98e3107 b9b8fc52-5bab-4bdc-971f-704e7d5875cc 34149 42 10 0.0011396408081054688
260869d5-6011-4225-992b-b27ba1773769 cac37653-ff24-4299-b390-d16f50385b95 74493 55 59 0.0004143714904785156
260869d5-6011-4225-992b-b27ba1773769 cac37653-ff24-4299-b390-d16f50385b95 74493 40 16 0.0004527568817138672
260869d5-6011-4225-992b-b27ba1773769 cac37653-ff24-4299-b390-d16f50385b95 74493 130 32 0.0005490779876708984
260869d5-6011-4225-992b-b27ba1773769 cac37653-ff24-4299-b390-d16f50385b95 74493 -75 57 0.0004096031188964844
260869d5-6011-4225-992b-b27ba1773769 cac37653-ff24-4299-b390-d16f50385b95 74493 75 10 0.0005555152893066406
260869d5-6011-4225-992b-b27ba1773769 cac37653-ff24-4299-b390-d16f50385b95 74493 -43 48 0.0006413459777832031
260869d5-6011-4225-992b-b27ba1773769 cac37653-ff24-4299-b390-d16f50385b95 74493 -65 25 0.00047850608825683594
260869d5-6011-4225-992b-b27ba1773769 cac37653-ff24-4299-b390-d16f50385b95 74493 34 27 0.0004055500030517578
260869d5-6011-4225-992b-b27ba1773769 cac37653-ff24-4299-b390-d16f50385b95 74493 -76 47 0.00022172927856445312
260869d5-6011-4225-992b-b27ba1773769 cac37653-ff24-4299-b390-d16f50385b95 74493 34 49 0.0003643035888671875
260869d5-6011-4225-992b-b27ba1773769 cac37653-ff24-4299-b390-d16f50385b95 74493 -60 36 0.00047850608825683594
260869d5-6011-4225-992b-b27ba1773769 cac37653-ff24-4299-b390-d16f50385b95 74493 -40 39 0.0004036426544189453
260869d5-6011-4225-992b-b27ba1773769 cac37653-ff24-4299-b390-d16f50385b95 74493 3 39 0.00047087669372558594
260869d5-6011-4225-992b-b27ba1773769 cac37653-ff24-4299-b390-d16f50385b95 74493 85 34 0.0009207725524902344
260869d5-6011-4225-992b-b27ba1773769 cac37653-ff24-4299-b390-d16f50385b95 74493 -33 40 0.0010001659393310547
260869d5-6011-4225-992b-b27ba1773769 cac37653-ff24-4299-b390-d16f50385b95 74493 53 21 0.001024007797241211
260869d5-6011-4225-992b-b27ba1773769 cac37653-ff24-4299-b390-d16f50385b95 74493 -3 11 0.0006475448608398438
260869d5-6011-4225-992b-b27ba1773769 cac37653-ff24-4299-b390-d16f50385b95 74493 120 23 0.0005080699920654297
260869d5-6011-4225-992b-b27ba1773769 cac37653-ff24-4299-b390-d16f50385b95 74493 95 46 0.0003554821014404297
260869d5-6011-4225-992b-b27ba1773769 cac37653-ff24-4299-b390-d16f50385b95 74493 -78 40 0.000530242919921875
260869d5-6011-4225-992b-b27ba1773769 cac37653-ff24-4299-b390-d16f50385b95 74493 96 56 0.0021085739135742188
260869d5-6011-4225-992b-b27ba1773769 cac37653-ff24-4299-b390-d16f50385b95 74493 13 17 0.0013818740844726562
260869d5-6011-4225-992b-b27ba1773769 cac37653-ff24-4299-b390-d16f50385b95 74493 -19 31 0.000904083251953125
260869d5-6011-4225-992b-b27ba1773769 cac37653-ff24-4299-b390-d16f50385b95 74493 -11 16 0.00039768218994140625
260869d5-6011-4225-992b-b27ba1773769 cac37653-ff24-4299-b390-d16f50385b95 74493 117 41 0.0009071826934814453
260869d5-6011-4225-992b-b27ba1773769 cac37653-ff24-4299-b390-d16f50385b95 74493 115 26 0.0005474090576171875
260869d5-6011-4225-992b-b27ba1773769 cac37653-ff24-4299-b390-d16f50385b95 74493 133 16 0.0007872581481933594
260869d5-6011-4225-992b-b27ba1773769 cac37653-ff24-4299-b390-d16f50385b95 74493 -56 26 0.0005638599395751953
260869d5-6011-4225-992b-b27ba1773769 cac37653-ff24-4299-b390-d16f50385b95 74493 -46 47 0.0003509521484375
260869d5-6011-4225-992b-b27ba1773769 cac37653-ff24-4299-b390-d16f50385b95 74493 122 29 0.0005755424499511719
260869d5-6011-4225-992b-b27ba1773769 cac37653-ff24-4299-b390-d16f50385b95 74493 -41 12 0.0005047321319580078
260869d5-6011-4225-992b-b27ba1773769 cac37653-ff24-4299-b390-d16f50385b95 74493 -24 24 0.0004889965057373047
260869d5-6011-4225-992b-b27ba1773769 cac37653-ff24-4299-b390-d16f50385b95 74493 -44 40 0.00029754638671875
260869d5-6011-4225-992b-b27ba1773769 cac37653-ff24-4299-b390-d16f50385b95 74493 92 32 0.0004496574401855469
260869d5-6011-4225-992b-b27ba1773769 cac37653-ff24-4299-b390-d16f50385b95 74493 28 17 0.0005364418029785156
260869d5-6011-4225-992b-b27ba1773769 cac37653-ff24-4299-b390-d16f50385b95 74493 57 12 0.0006299018859863281
260869d5-6011-4225-992b-b27ba1773769 cac37653-ff24-4299-b390-d16f50385b95 74493 -32 49 0.0002741813659667969
260869d5-6011-4225-992b-b27ba1773769 cac37653-ff24-4299-b390-d16f50385b95 74493 8 47 0.00034427642822265625
260869d5-6011-4225-992b-b27ba1773769 cac37653-ff24-4299-b390-d16f50385b95 74493 99 54 0.0005652904510498047
260869d5-6011-4225-992b-b27ba1773769 cac37653-ff24-4299-b390-d16f50385b95 74493 -75 55 0.0005307197570800781
260869d5-6011-4225-992b-b27ba1773769 cac37653-ff24-4299-b390-d16f50385b95 74493 -8 21 0.00046634674072265625
260869d5-6011-4225-992b-b27ba1773769 cac37653-ff24-4299-b390-d16f50385b95 74493 63 28 0.0007846355438232422
260869d5-6011-4225-992b-b27ba1773769 cac37653-ff24-4299-b390-d16f50385b95 74493 130 50 0.0011959075927734375
260869d5-6011-4225-992b-b27ba1773769 cac37653-ff24-4299-b390-d16f50385b95 74493 65 54 0.00052642822265625
260869d5-6011-4225-992b-b27ba1773769 cac37653-ff24-4299-b390-d16f50385b95 74493 112 25 0.0003998279571533203
260869d5-6011-4225-992b-b27ba1773769 cac37653-ff24-4299-b390-d16f50385b95 74493 37 59 0.0009171962738037109
260869d5-6011-4225-992b-b27ba1773769 cac37653-ff24-4299-b390-d16f50385b95 74493 119 36 0.0005257129669189453
260869d5-6011-4225-992b-b27ba1773769 cac37653-ff24-4299-b390-d16f50385b95 74493 -64 32 0.0007748603820800781
260869d5-6011-4225-992b-b27ba1773769 cac37653-ff24-4299-b390-d16f50385b95 74493 -11 33 0.00047898292541503906
260869d5-6011-4225-992b-b27ba1773769 cac37653-ff24-4299-b390-d16f50385b95 74493 22 53 0.0007009506225585938
260869d5-6011-4225-992b-b27ba1773769 cac37653-ff24-4299-b390-d16f50385b95 74493 -52 36 0.0005071163177490234
260869d5-6011-4225-992b-b27ba1773769 cac37653-ff24-4299-b390-d16f50385b95 74493 92 35 0.0004687309265136719
260869d5-6011-4225-992b-b27ba1773769 cac37653-ff24-4299-b390-d16f50385b95 74493 -16 49 0.0004558563232421875
260869d5-6011-4225-992b-b27ba1773769 cac37653-ff24-4299-b390-d16f50385b95 74493 109 49 0.0008561611175537109
260869d5-6011-4225-992b-b27ba1773769 cac37653-ff24-4299-b390-d16f50385b95 74493 83 55 0.0012238025665283203
260869d5-6011-4225-992b-b27ba1773769 cac37653-ff24-4299-b390-d16f50385b95 74493 102 51 0.0008924007415771484
260869d5-6011-4225-992b-b27ba1773769 cac37653-ff24-4299-b390-d16f50385b95 74493 -30 33 0.0006818771362304688
260869d5-6011-4225-992b-b27ba1773769 cac37653-ff24-4299-b390-d16f50385b95 74493 1 31 0.000583648681640625
260869d5-6011-4225-992b-b27ba1773769 cac37653-ff24-4299-b390-d16f50385b95 74493 -49 26 0.0010845661163330078
260869d5-6011-4225-992b-b27ba1773769 cac37653-ff24-4299-b390-d16f50385b95 74493 -40 59 0.0006139278411865234
260869d5-6011-4225-992b-b27ba1773769 cac37653-ff24-4299-b390-d16f50385b95 74493 -1 37 0.0010688304901123047
260869d5-6011-4225-992b-b27ba1773769 cac37653-ff24-4299-b390-d16f50385b95 74493 65 33 0.0009813308715820312
260869d5-6011-4225-992b-b27ba1773769 cac37653-ff24-4299-b390-d16f50385b95 74493 76 25 0.0005621910095214844
260869d5-6011-4225-992b-b27ba1773769 cac37653-ff24-4299-b390-d16f50385b95 74493 -10 26 0.0006003379821777344
260869d5-6011-4225-992b-b27ba1773769 cac37653-ff24-4299-b390-d16f50385b95 74493 -52 51 0.001577138900756836
260869d5-6011-4225-992b-b27ba1773769 cac37653-ff24-4299-b390-d16f50385b95 74493 -62 29 0.0014276504516601562
260869d5-6011-4225-992b-b27ba1773769 cac37653-ff24-4299-b390-d16f50385b95 74493 -51 38 0.00103759765625
260869d5-6011-4225-992b-b27ba1773769 cac37653-ff24-4299-b390-d16f50385b95 74493 89 30 0.0006365776062011719
260869d5-6011-4225-992b-b27ba1773769 cac37653-ff24-4299-b390-d16f50385b95 74493 -42 32 0.0023069381713867188
260869d5-6011-4225-992b-b27ba1773769 cac37653-ff24-4299-b390-d16f50385b95 74493 -26 40 0.0008151531219482422
260869d5-6011-4225-992b-b27ba1773769 cac37653-ff24-4299-b390-d16f50385b95 74493 -75 35 0.0005156993865966797
260869d5-6011-4225-992b-b27ba1773769 cac37653-ff24-4299-b390-d16f50385b95 74493 -1 18 0.0002319812774658203
260869d5-6011-4225-992b-b27ba1773769 cac37653-ff24-4299-b390-d16f50385b95 74493 111 58 0.0008897781372070312
260869d5-6011-4225-992b-b27ba1773769 cac37653-ff24-4299-b390-d16f50385b95 74493 27 19 0.0007159709930419922
260869d5-6011-4225-992b-b27ba1773769 cac37653-ff24-4299-b390-d16f50385b95 74493 114 38 0.0005185604095458984
260869d5-6011-4225-992b-b27ba1773769 cac37653-ff24-4299-b390-d16f50385b95 74493 -72 23 0.0017247200012207031
260869d5-6011-4225-992b-b27ba1773769 cac37653-ff24-4299-b390-d16f50385b95 74493 -54 13 0.0012650489807128906
260869d5-6011-4225-992b-b27ba1773769 cac37653-ff24-4299-b390-d16f50385b95 74493 64 56 0.000997304916381836
260869d5-6011-4225-992b-b27ba1773769 cac37653-ff24-4299-b390-d16f50385b95 74493 27 30 0.0006461143493652344
260869d5-6011-4225-992b-b27ba1773769 cac37653-ff24-4299-b390-d16f50385b95 74493 -47 41 0.0003459453582763672
260869d5-6011-4225-992b-b27ba1773769 cac37653-ff24-4299-b390-d16f50385b95 74493 134 36 0.0031533241271972656
260869d5-6011-4225-992b-b27ba1773769 cac37653-ff24-4299-b390-d16f50385b95 74493 115 14 0.0026590824127197266
260869d5-6011-4225-992b-b27ba1773769 cac37653-ff24-4299-b390-d16f50385b95 74493 95 55 0.0010998249053955078
260869d5-6011-4225-992b-b27ba1773769 cac37653-ff24-4299-b390-d16f50385b95 74493 -13 11 0.0007605552673339844
260869d5-6011-4225-992b-b27ba1773769 cac37653-ff24-4299-b390-d16f50385b95 74493 43 34 0.0005545616149902344
260869d5-6011-4225-992b-b27ba1773769 cac37653-ff24-4299-b390-d16f50385b95 74493 -13 21 0.0009970664978027344
260869d5-6011-4225-992b-b27ba1773769 cac37653-ff24-4299-b390-d16f50385b95 74493 67 24 0.002074718475341797
260869d5-6011-4225-992b-b27ba1773769 cac37653-ff24-4299-b390-d16f50385b95 74493 52 43 0.0018963813781738281
260869d5-6011-4225-992b-b27ba1773769 cac37653-ff24-4299-b390-d16f50385b95 74493 86 20 0.0016469955444335938
260869d5-6011-4225-992b-b27ba1773769 cac37653-ff24-4299-b390-d16f50385b95 74493 129 26 0.003683805465698242
260869d5-6011-4225-992b-b27ba1773769 cac37653-ff24-4299-b390-d16f50385b95 74493 36 54 0.003262042999267578
260869d5-6011-4225-992b-b27ba1773769 cac37653-ff24-4299-b390-d16f50385b95 74493 118 20 0.0031349658966064453
260869d5-6011-4225-992b-b27ba1773769 cac37653-ff24-4299-b390-d16f50385b95 74493 77 28 0.002542734146118164
260869d5-6011-4225-992b-b27ba1773769 cac37653-ff24-4299-b390-d16f50385b95 74493 -45 41 0.002124309539794922
260869d5-6011-4225-992b-b27ba1773769 cac37653-ff24-4299-b390-d16f50385b95 74493 -42 30 0.0017230510711669922
260869d5-6011-4225-992b-b27ba1773769 cac37653-ff24-4299-b390-d16f50385b95 74493 121 29 0.001277923583984375
260869d5-6011-4225-992b-b27ba1773769 cac37653-ff24-4299-b390-d16f50385b95 74493 -79 43 0.0024328231811523438
260869d5-6011-4225-992b-b27ba1773769 cac37653-ff24-4299-b390-d16f50385b95 74493 32 25 0.0020296573638916016
260869d5-6011-4225-992b-b27ba1773769 cac37653-ff24-4299-b390-d16f50385b95 74493 79 10 0.0017409324645996094
260869d5-6011-4225-992b-b27ba1773769 cac37653-ff24-4299-b390-d16f50385b95 74493 75 15 0.002605438232421875
ff138c25-22b1-4316-8b91-ea33a5bac0f0 4f830a76-5d4e-4415-99bd-44f6b5cf8691 79400 -35 26 0.0009644031524658203
ff138c25-22b1-4316-8b91-ea33a5bac0f0 4f830a76-5d4e-4415-99bd-44f6b5cf8691 79400 2 47 0.0014960765838623047
ff138c25-22b1-4316-8b91-ea33a5bac0f0 4f830a76-5d4e-4415-99bd-44f6b5cf8691 79400 -49 40 0.0006613731384277344
ff138c25-22b1-4316-8b91-ea33a5bac0f0 4f830a76-5d4e-4415-99bd-44f6b5cf8691 79400 107 12 0.0005548000335693359
ff138c25-22b1-4316-8b91-ea33a5bac0f0 4f830a76-5d4e-4415-99bd-44f6b5cf8691 79400 108 20 0.0008342266082763672
ff138c25-22b1-4316-8b91-ea33a5bac0f0 4f830a76-5d4e-4415-99bd-44f6b5cf8691 79400 -58 48 0.0006811618804931641
ff138c25-22b1-4316-8b91-ea33a5bac0f0 4f830a76-5d4e-4415-99bd-44f6b5cf8691 79400 -37 33 0.00046825408935546875
ff138c25-22b1-4316-8b91-ea33a5bac0f0 4f830a76-5d4e-4415-99bd-44f6b5cf8691 79400 17 43 0.0009760856628417969
ff138c25-22b1-4316-8b91-ea33a5bac0f0 4f830a76-5d4e-4415-99bd-44f6b5cf8691 79400 3 28 0.0005950927734375
ff138c25-22b1-4316-8b91-ea33a5bac0f0 4f830a76-5d4e-4415-99bd-44f6b5cf8691 79400 112 21 0.0006871223449707031
ff138c25-22b1-4316-8b91-ea33a5bac0f0 4f830a76-5d4e-4415-99bd-44f6b5cf8691 79400 17 19 0.0006365776062011719
ff138c25-22b1-4316-8b91-ea33a5bac0f0 4f830a76-5d4e-4415-99bd-44f6b5cf8691 79400 -48 38 0.0005171298980712891
ff138c25-22b1-4316-8b91-ea33a5bac0f0 4f830a76-5d4e-4415-99bd-44f6b5cf8691 79400 -10 57 0.0009682178497314453
ff138c25-22b1-4316-8b91-ea33a5bac0f0 4f830a76-5d4e-4415-99bd-44f6b5cf8691 79400 -69 12 0.0008118152618408203
ff138c25-22b1-4316-8b91-ea33a5bac0f0 4f830a76-5d4e-4415-99bd-44f6b5cf8691 79400 18 51 0.0004582405090332031
ff138c25-22b1-4316-8b91-ea33a5bac0f0 4f830a76-5d4e-4415-99bd-44f6b5cf8691 79400 30 41 0.0008487701416015625
ff138c25-22b1-4316-8b91-ea33a5bac0f0 4f830a76-5d4e-4415-99bd-44f6b5cf8691 79400 121 11 0.0008172988891601562
ff138c25-22b1-4316-8b91-ea33a5bac0f0 4f830a76-5d4e-4415-99bd-44f6b5cf8691 79400 0 36 0.0005853176116943359
ff138c25-22b1-4316-8b91-ea33a5bac0f0 4f830a76-5d4e-4415-99bd-44f6b5cf8691 79400 -27 33 0.0007779598236083984
ff138c25-22b1-4316-8b91-ea33a5bac0f0 4f830a76-5d4e-4415-99bd-44f6b5cf8691 79400 91 16 0.0005719661712646484
ff138c25-22b1-4316-8b91-ea33a5bac0f0 4f830a76-5d4e-4415-99bd-44f6b5cf8691 79400 83 25 0.0008885860443115234
ff138c25-22b1-4316-8b91-ea33a5bac0f0 4f830a76-5d4e-4415-99bd-44f6b5cf8691 79400 111 25 0.0007228851318359375
ff138c25-22b1-4316-8b91-ea33a5bac0f0 4f830a76-5d4e-4415-99bd-44f6b5cf8691 79400 103 45 0.0009899139404296875
ff138c25-22b1-4316-8b91-ea33a5bac0f0 4f830a76-5d4e-4415-99bd-44f6b5cf8691 79400 122 13 0.0016679763793945312
ff138c25-22b1-4316-8b91-ea33a5bac0f0 4f830a76-5d4e-4415-99bd-44f6b5cf8691 79400 -8 13 0.0007216930389404297
ff138c25-22b1-4316-8b91-ea33a5bac0f0 4f830a76-5d4e-4415-99bd-44f6b5cf8691 79400 126 55 0.0008184909820556641
ff138c25-22b1-4316-8b91-ea33a5bac0f0 4f830a76-5d4e-4415-99bd-44f6b5cf8691 79400 -18 19 0.0008358955383300781
ff138c25-22b1-4316-8b91-ea33a5bac0f0 4f830a76-5d4e-4415-99bd-44f6b5cf8691 79400 -11 49 0.0007646083831787109
ff138c25-22b1-4316-8b91-ea33a5bac0f0 4f830a76-5d4e-4415-99bd-44f6b5cf8691 79400 19 39 0.0005505084991455078
ff138c25-22b1-4316-8b91-ea33a5bac0f0 4f830a76-5d4e-4415-99bd-44f6b5cf8691 79400 -40 35 0.0006227493286132812
ff138c25-22b1-4316-8b91-ea33a5bac0f0 4f830a76-5d4e-4415-99bd-44f6b5cf8691 79400 13 31 0.0010526180267333984
ff138c25-22b1-4316-8b91-ea33a5bac0f0 4f830a76-5d4e-4415-99bd-44f6b5cf8691 79400 -47 19 0.0007500648498535156
ff138c25-22b1-4316-8b91-ea33a5bac0f0 4f830a76-5d4e-4415-99bd-44f6b5cf8691 79400 1 15 0.0005080699920654297
ff138c25-22b1-4316-8b91-ea33a5bac0f0 4f830a76-5d4e-4415-99bd-44f6b5cf8691 79400 31 22 0.001317739486694336
ff138c25-22b1-4316-8b91-ea33a5bac0f0 4f830a76-5d4e-4415-99bd-44f6b5cf8691 79400 25 38 0.0008730888366699219
ff138c25-22b1-4316-8b91-ea33a5bac0f0 4f830a76-5d4e-4415-99bd-44f6b5cf8691 79400 -20 56 0.0017969608306884766
ff138c25-22b1-4316-8b91-ea33a5bac0f0 4f830a76-5d4e-4415-99bd-44f6b5cf8691 79400 -39 57 0.0007536411285400391
ff138c25-22b1-4316-8b91-ea33a5bac0f0 4f830a76-5d4e-4415-99bd-44f6b5cf8691 79400 -77 14 0.000896453857421875
ff138c25-22b1-4316-8b91-ea33a5bac0f0 4f830a76-5d4e-4415-99bd-44f6b5cf8691 79400 131 33 0.001157522201538086
ff138c25-22b1-4316-8b91-ea33a5bac0f0 4f830a76-5d4e-4415-99bd-44f6b5cf8691 79400 -29 22 0.001018524169921875
ff138c25-22b1-4316-8b91-ea33a5bac0f0 4f830a76-5d4e-4415-99bd-44f6b5cf8691 79400 75 42 0.0005660057067871094
ff138c25-22b1-4316-8b91-ea33a5bac0f0 4f830a76-5d4e-4415-99bd-44f6b5cf8691 79400 -37 58 0.0011463165283203125
ff138c25-22b1-4316-8b91-ea33a5bac0f0 4f830a76-5d4e-4415-99bd-44f6b5cf8691 79400 131 40 0.0007786750793457031
ff138c25-22b1-4316-8b91-ea33a5bac0f0 4f830a76-5d4e-4415-99bd-44f6b5cf8691 79400 -29 42 0.0005242824554443359
ff138c25-22b1-4316-8b91-ea33a5bac0f0 4f830a76-5d4e-4415-99bd-44f6b5cf8691 79400 10 55 0.0007755756378173828
ff138c25-22b1-4316-8b91-ea33a5bac0f0 4f830a76-5d4e-4415-99bd-44f6b5cf8691 79400 100 42 0.0007753372192382812
ff138c25-22b1-4316-8b91-ea33a5bac0f0 4f830a76-5d4e-4415-99bd-44f6b5cf8691 79400 -45 31 0.0009379386901855469
ff138c25-22b1-4316-8b91-ea33a5bac0f0 4f830a76-5d4e-4415-99bd-44f6b5cf8691 79400 117 24 0.0008242130279541016
ff138c25-22b1-4316-8b91-ea33a5bac0f0 4f830a76-5d4e-4415-99bd-44f6b5cf8691 79400 89 38 0.0006606578826904297
ff138c25-22b1-4316-8b91-ea33a5bac0f0 4f830a76-5d4e-4415-99bd-44f6b5cf8691 79400 98 59 0.0004863739013671875
ff138c25-22b1-4316-8b91-ea33a5bac0f0 4f830a76-5d4e-4415-99bd-44f6b5cf8691 79400 46 37 0.0014197826385498047
ff138c25-22b1-4316-8b91-ea33a5bac0f0 4f830a76-5d4e-4415-99bd-44f6b5cf8691 79400 66 49 0.0008513927459716797
ff138c25-22b1-4316-8b91-ea33a5bac0f0 4f830a76-5d4e-4415-99bd-44f6b5cf8691 79400 54 42 0.003947019577026367
ff138c25-22b1-4316-8b91-ea33a5bac0f0 4f830a76-5d4e-4415-99bd-44f6b5cf8691 79400 41 24 0.0028090476989746094
ff138c25-22b1-4316-8b91-ea33a5bac0f0 4f830a76-5d4e-4415-99bd-44f6b5cf8691 79400 84 53 0.0015118122100830078
ff138c25-22b1-4316-8b91-ea33a5bac0f0 4f830a76-5d4e-4415-99bd-44f6b5cf8691 79400 -78 58 0.002618074417114258
ff138c25-22b1-4316-8b91-ea33a5bac0f0 4f830a76-5d4e-4415-99bd-44f6b5cf8691 79400 -7 12 0.0019419193267822266
ff138c25-22b1-4316-8b91-ea33a5bac0f0 4f830a76-5d4e-4415-99bd-44f6b5cf8691 79400 -37 38 0.0006282329559326172
ff138c25-22b1-4316-8b91-ea33a5bac0f0 4f830a76-5d4e-4415-99bd-44f6b5cf8691 79400 49 42 0.0004677772521972656
ff138c25-22b1-4316-8b91-ea33a5bac0f0 4f830a76-5d4e-4415-99bd-44f6b5cf8691 79400 42 49 0.000698089599609375
ff138c25-22b1-4316-8b91-ea33a5bac0f0 4f830a76-5d4e-4415-99bd-44f6b5cf8691 79400 99 10 0.0012624263763427734
ff138c25-22b1-4316-8b91-ea33a5bac0f0 4f830a76-5d4e-4415-99bd-44f6b5cf8691 79400 55 50 0.0010790824890136719
ff138c25-22b1-4316-8b91-ea33a5bac0f0 4f830a76-5d4e-4415-99bd-44f6b5cf8691 79400 17 43 0.0013761520385742188
ff138c25-22b1-4316-8b91-ea33a5bac0f0 4f830a76-5d4e-4415-99bd-44f6b5cf8691 79400 120 33 0.001550436019897461
ff138c25-22b1-4316-8b91-ea33a5bac0f0 4f830a76-5d4e-4415-99bd-44f6b5cf8691 79400 -63 36 0.000797271728515625
ff138c25-22b1-4316-8b91-ea33a5bac0f0 4f830a76-5d4e-4415-99bd-44f6b5cf8691 79400 -77 48 0.0016717910766601562
ff138c25-22b1-4316-8b91-ea33a5bac0f0 4f830a76-5d4e-4415-99bd-44f6b5cf8691 79400 104 32 0.0007569789886474609
ff138c25-22b1-4316-8b91-ea33a5bac0f0 4f830a76-5d4e-4415-99bd-44f6b5cf8691 79400 -57 18 0.0015323162078857422
ff138c25-22b1-4316-8b91-ea33a5bac0f0 4f830a76-5d4e-4415-99bd-44f6b5cf8691 79400 60 36 0.00042748451232910156
ff138c25-22b1-4316-8b91-ea33a5bac0f0 4f830a76-5d4e-4415-99bd-44f6b5cf8691 79400 120 14 0.0005619525909423828
ff138c25-22b1-4316-8b91-ea33a5bac0f0 4f830a76-5d4e-4415-99bd-44f6b5cf8691 79400 -58 44 0.0005273818969726562
ff138c25-22b1-4316-8b91-ea33a5bac0f0 4f830a76-5d4e-4415-99bd-44f6b5cf8691 79400 -71 23 0.0009186267852783203
ff138c25-22b1-4316-8b91-ea33a5bac0f0 4f830a76-5d4e-4415-99bd-44f6b5cf8691 79400 -79 50 0.0008413791656494141
ff138c25-22b1-4316-8b91-ea33a5bac0f0 4f830a76-5d4e-4415-99bd-44f6b5cf8691 79400 106 10 0.0008111000061035156
ff138c25-22b1-4316-8b91-ea33a5bac0f0 4f830a76-5d4e-4415-99bd-44f6b5cf8691 79400 35 34 0.0006992816925048828
ff138c25-22b1-4316-8b91-ea33a5bac0f0 4f830a76-5d4e-4415-99bd-44f6b5cf8691 79400 60 52 0.0009748935699462891
ff138c25-22b1-4316-8b91-ea33a5bac0f0 4f830a76-5d4e-4415-99bd-44f6b5cf8691 79400 75 50 0.0005888938903808594
ff138c25-22b1-4316-8b91-ea33a5bac0f0 4f830a76-5d4e-4415-99bd-44f6b5cf8691 79400 116 55 0.0008821487426757812
ff138c25-22b1-4316-8b91-ea33a5bac0f0 4f830a76-5d4e-4415-99bd-44f6b5cf8691 79400 126 19 0.0009617805480957031
ff138c25-22b1-4316-8b91-ea33a5bac0f0 4f830a76-5d4e-4415-99bd-44f6b5cf8691 79400 -2 28 0.0011639595031738281
ff138c25-22b1-4316-8b91-ea33a5bac0f0 4f830a76-5d4e-4415-99bd-44f6b5cf8691 79400 -58 54 0.0006184577941894531
ff138c25-22b1-4316-8b91-ea33a5bac0f0 4f830a76-5d4e-4415-99bd-44f6b5cf8691 79400 -70 42 0.0014319419860839844
ff138c25-22b1-4316-8b91-ea33a5bac0f0 4f830a76-5d4e-4415-99bd-44f6b5cf8691 79400 -52 47 0.0007116794586181641
ff138c25-22b1-4316-8b91-ea33a5bac0f0 4f830a76-5d4e-4415-99bd-44f6b5cf8691 79400 101 47 0.0008716583251953125
ff138c25-22b1-4316-8b91-ea33a5bac0f0 4f830a76-5d4e-4415-99bd-44f6b5cf8691 79400 45 43 0.002098560333251953
ff138c25-22b1-4316-8b91-ea33a5bac0f0 4f830a76-5d4e-4415-99bd-44f6b5cf8691 79400 -38 41 0.0009551048278808594
ff138c25-22b1-4316-8b91-ea33a5bac0f0 4f830a76-5d4e-4415-99bd-44f6b5cf8691 79400 -50 38 0.0007085800170898438
ff138c25-22b1-4316-8b91-ea33a5bac0f0 4f830a76-5d4e-4415-99bd-44f6b5cf8691 79400 129 41 0.000762939453125
ff138c25-22b1-4316-8b91-ea33a5bac0f0 4f830a76-5d4e-4415-99bd-44f6b5cf8691 79400 3 35 0.0006949901580810547
ff138c25-22b1-4316-8b91-ea33a5bac0f0 4f830a76-5d4e-4415-99bd-44f6b5cf8691 79400 91 45 0.00040984153747558594
ff138c25-22b1-4316-8b91-ea33a5bac0f0 4f830a76-5d4e-4415-99bd-44f6b5cf8691 79400 108 22 0.0019354820251464844
ff138c25-22b1-4316-8b91-ea33a5bac0f0 4f830a76-5d4e-4415-99bd-44f6b5cf8691 79400 103 50 0.001672506332397461
ff138c25-22b1-4316-8b91-ea33a5bac0f0 4f830a76-5d4e-4415-99bd-44f6b5cf8691 79400 20 59 0.0007491111755371094
ff138c25-22b1-4316-8b91-ea33a5bac0f0 4f830a76-5d4e-4415-99bd-44f6b5cf8691 79400 46 48 0.0009322166442871094
ff138c25-22b1-4316-8b91-ea33a5bac0f0 4f830a76-5d4e-4415-99bd-44f6b5cf8691 79400 -18 19 0.0012061595916748047
ff138c25-22b1-4316-8b91-ea33a5bac0f0 4f830a76-5d4e-4415-99bd-44f6b5cf8691 79400 64 15 0.0005271434783935547
ff138c25-22b1-4316-8b91-ea33a5bac0f0 4f830a76-5d4e-4415-99bd-44f6b5cf8691 79400 58 56 0.0006809234619140625
ff138c25-22b1-4316-8b91-ea33a5bac0f0 4f830a76-5d4e-4415-99bd-44f6b5cf8691 79400 78 42 0.0006928443908691406
ff138c25-22b1-4316-8b91-ea33a5bac0f0 4f830a76-5d4e-4415-99bd-44f6b5cf8691 79400 117 58 0.0008420944213867188
ff138c25-22b1-4316-8b91-ea33a5bac0f0 4f830a76-5d4e-4415-99bd-44f6b5cf8691 79400 13 41 0.0006537437438964844
